2015.11.22 21:23 B C:\Users\User\app\phreeze-master\libs\Twig\Autoloader.php --> hpa.com.br /public_html/phreeze-master/libs/Twig Autoloader.php
2015.11.22 21:23 B C:\Users\User\app\phreeze-master\libs\Twig\Compiler.php --> hpa.com.br /public_html/phreeze-master/libs/Twig Compiler.php
2015.11.22 21:23 B C:\Users\User\app\phreeze-master\libs\Twig\CompilerInterface.php --> hpa.com.br /public_html/phreeze-master/libs/Twig CompilerInterface.php
2015.11.22 21:23 B C:\Users\User\app\phreeze-master\libs\Twig\Environment.php --> hpa.com.br /public_html/phreeze-master/libs/Twig Environment.php
2015.11.22 21:23 B C:\Users\User\app\phreeze-master\libs\Twig\Error.php --> hpa.com.br /public_html/phreeze-master/libs/Twig Error.php
2015.11.22 21:23 B C:\Users\User\app\phreeze-master\libs\Twig\ExistsLoaderInterface.php --> hpa.com.br /public_html/phreeze-master/libs/Twig ExistsLoaderInterface.php
2015.11.22 21:23 B C:\Users\User\app\phreeze-master\libs\Twig\ExpressionParser.php --> hpa.com.br /public_html/phreeze-master/libs/Twig ExpressionParser.php
2015.11.22 21:23 B C:\Users\User\app\phreeze-master\libs\Twig\Extension.php --> hpa.com.br /public_html/phreeze-master/libs/Twig Extension.php
2015.11.22 21:23 B C:\Users\User\app\phreeze-master\libs\Twig\ExtensionInterface.php --> hpa.com.br /public_html/phreeze-master/libs/Twig ExtensionInterface.php
2015.11.22 21:23 B C:\Users\User\app\phreeze-master\libs\Twig\Filter.php --> hpa.com.br /public_html/phreeze-master/libs/Twig Filter.php
2015.11.22 21:23 B C:\Users\User\app\phreeze-master\libs\Twig\FilterCallableInterface.php --> hpa.com.br /public_html/phreeze-master/libs/Twig FilterCallableInterface.php
2015.11.22 21:23 B C:\Users\User\app\phreeze-master\libs\Twig\FilterInterface.php --> hpa.com.br /public_html/phreeze-master/libs/Twig FilterInterface.php
2015.11.22 21:23 B C:\Users\User\app\phreeze-master\libs\Twig\Function.php --> hpa.com.br /public_html/phreeze-master/libs/Twig Function.php
2015.11.22 21:23 B C:\Users\User\app\phreeze-master\libs\Twig\FunctionCallableInterface.php --> hpa.com.br /public_html/phreeze-master/libs/Twig FunctionCallableInterface.php
2015.11.22 21:23 B C:\Users\User\app\phreeze-master\libs\Twig\FunctionInterface.php --> hpa.com.br /public_html/phreeze-master/libs/Twig FunctionInterface.php
2015.11.22 21:23 B C:\Users\User\app\phreeze-master\libs\Twig\Lexer.php --> hpa.com.br /public_html/phreeze-master/libs/Twig Lexer.php
2015.11.22 21:23 B C:\Users\User\app\phreeze-master\libs\Twig\LexerInterface.php --> hpa.com.br /public_html/phreeze-master/libs/Twig LexerInterface.php
2015.11.22 21:23 B C:\Users\User\app\phreeze-master\libs\Twig\LICENSE --> hpa.com.br /public_html/phreeze-master/libs/Twig LICENSE
2015.11.22 21:23 B C:\Users\User\app\phreeze-master\libs\Twig\LoaderInterface.php --> hpa.com.br /public_html/phreeze-master/libs/Twig LoaderInterface.php
2015.11.22 21:23 B C:\Users\User\app\phreeze-master\libs\Twig\Markup.php --> hpa.com.br /public_html/phreeze-master/libs/Twig Markup.php
2015.11.22 21:23 B C:\Users\User\app\phreeze-master\libs\Twig\Node.php --> hpa.com.br /public_html/phreeze-master/libs/Twig Node.php
2015.11.22 21:23 B C:\Users\User\app\phreeze-master\libs\Twig\NodeInterface.php --> hpa.com.br /public_html/phreeze-master/libs/Twig NodeInterface.php
2015.11.22 21:23 B C:\Users\User\app\phreeze-master\libs\Twig\NodeOutputInterface.php --> hpa.com.br /public_html/phreeze-master/libs/Twig NodeOutputInterface.php
2015.11.22 21:23 B C:\Users\User\app\phreeze-master\libs\Twig\NodeTraverser.php --> hpa.com.br /public_html/phreeze-master/libs/Twig NodeTraverser.php
2015.11.22 21:23 B C:\Users\User\app\phreeze-master\libs\Twig\NodeVisitorInterface.php --> hpa.com.br /public_html/phreeze-master/libs/Twig NodeVisitorInterface.php
2015.11.22 21:23 B C:\Users\User\app\phreeze-master\libs\Twig\Parser.php --> hpa.com.br /public_html/phreeze-master/libs/Twig Parser.php
2015.11.22 21:23 B C:\Users\User\app\phreeze-master\libs\Twig\ParserInterface.php --> hpa.com.br /public_html/phreeze-master/libs/Twig ParserInterface.php
2015.11.22 21:23 B C:\Users\User\app\phreeze-master\libs\Twig\SimpleFilter.php --> hpa.com.br /public_html/phreeze-master/libs/Twig SimpleFilter.php
2015.11.22 21:23 B C:\Users\User\app\phreeze-master\libs\Twig\SimpleFunction.php --> hpa.com.br /public_html/phreeze-master/libs/Twig SimpleFunction.php
2015.11.22 21:23 B C:\Users\User\app\phreeze-master\libs\Twig\SimpleTest.php --> hpa.com.br /public_html/phreeze-master/libs/Twig SimpleTest.php
2015.11.22 21:23 B C:\Users\User\app\phreeze-master\libs\Twig\Template.php --> hpa.com.br /public_html/phreeze-master/libs/Twig Template.php
2015.11.22 21:23 B C:\Users\User\app\phreeze-master\libs\Twig\TemplateInterface.php --> hpa.com.br /public_html/phreeze-master/libs/Twig TemplateInterface.php
2015.11.22 21:23 B C:\Users\User\app\phreeze-master\libs\Twig\Test.php --> hpa.com.br /public_html/phreeze-master/libs/Twig Test.php
2015.11.22 21:23 B C:\Users\User\app\phreeze-master\libs\Twig\TestCallableInterface.php --> hpa.com.br /public_html/phreeze-master/libs/Twig TestCallableInterface.php
2015.11.22 21:23 B C:\Users\User\app\phreeze-master\libs\Twig\TestInterface.php --> hpa.com.br /public_html/phreeze-master/libs/Twig TestInterface.php
2015.11.22 21:23 B C:\Users\User\app\phreeze-master\libs\Twig\Token.php --> hpa.com.br /public_html/phreeze-master/libs/Twig Token.php
2015.11.22 21:23 B C:\Users\User\app\phreeze-master\libs\Twig\TokenParser.php --> hpa.com.br /public_html/phreeze-master/libs/Twig TokenParser.php
2015.11.22 21:23 B C:\Users\User\app\phreeze-master\libs\Twig\TokenParserBroker.php --> hpa.com.br /public_html/phreeze-master/libs/Twig TokenParserBroker.php
2015.11.22 21:23 B C:\Users\User\app\phreeze-master\libs\Twig\TokenParserBrokerInterface.php --> hpa.com.br /public_html/phreeze-master/libs/Twig TokenParserBrokerInterface.php
2015.11.22 21:23 B C:\Users\User\app\phreeze-master\libs\Twig\TokenParserInterface.php --> hpa.com.br /public_html/phreeze-master/libs/Twig TokenParserInterface.php
2015.11.22 21:23 B C:\Users\User\app\phreeze-master\libs\Twig\TokenStream.php --> hpa.com.br /public_html/phreeze-master/libs/Twig TokenStream.php
2015.11.27 16:11 B C:\Users\User\app\phreeze-master\libs\Twig\Autoloader.php --> hpa.com.br /phreeze-master/libs/Twig Autoloader.php
2015.11.27 16:11 B C:\Users\User\app\phreeze-master\libs\Twig\Compiler.php --> hpa.com.br /phreeze-master/libs/Twig Compiler.php
2015.11.27 16:11 B C:\Users\User\app\phreeze-master\libs\Twig\CompilerInterface.php --> hpa.com.br /phreeze-master/libs/Twig CompilerInterface.php
2015.11.27 16:11 B C:\Users\User\app\phreeze-master\libs\Twig\Environment.php --> hpa.com.br /phreeze-master/libs/Twig Environment.php
2015.11.27 16:11 B C:\Users\User\app\phreeze-master\libs\Twig\Error.php --> hpa.com.br /phreeze-master/libs/Twig Error.php
2015.11.27 16:11 B C:\Users\User\app\phreeze-master\libs\Twig\ExistsLoaderInterface.php --> hpa.com.br /phreeze-master/libs/Twig ExistsLoaderInterface.php
2015.11.27 16:11 B C:\Users\User\app\phreeze-master\libs\Twig\ExpressionParser.php --> hpa.com.br /phreeze-master/libs/Twig ExpressionParser.php
2015.11.27 16:11 B C:\Users\User\app\phreeze-master\libs\Twig\Extension.php --> hpa.com.br /phreeze-master/libs/Twig Extension.php
2015.11.27 16:11 B C:\Users\User\app\phreeze-master\libs\Twig\ExtensionInterface.php --> hpa.com.br /phreeze-master/libs/Twig ExtensionInterface.php
2015.11.27 16:11 B C:\Users\User\app\phreeze-master\libs\Twig\Filter.php --> hpa.com.br /phreeze-master/libs/Twig Filter.php
2015.11.27 16:11 B C:\Users\User\app\phreeze-master\libs\Twig\FilterCallableInterface.php --> hpa.com.br /phreeze-master/libs/Twig FilterCallableInterface.php
2015.11.27 16:11 B C:\Users\User\app\phreeze-master\libs\Twig\FilterInterface.php --> hpa.com.br /phreeze-master/libs/Twig FilterInterface.php
2015.11.27 16:11 B C:\Users\User\app\phreeze-master\libs\Twig\Function.php --> hpa.com.br /phreeze-master/libs/Twig Function.php
2015.11.27 16:11 B C:\Users\User\app\phreeze-master\libs\Twig\FunctionCallableInterface.php --> hpa.com.br /phreeze-master/libs/Twig FunctionCallableInterface.php
2015.11.27 16:12 B C:\Users\User\app\phreeze-master\libs\Twig\FunctionInterface.php --> hpa.com.br /phreeze-master/libs/Twig FunctionInterface.php
2015.11.27 16:12 B C:\Users\User\app\phreeze-master\libs\Twig\Lexer.php --> hpa.com.br /phreeze-master/libs/Twig Lexer.php
2015.11.27 16:12 B C:\Users\User\app\phreeze-master\libs\Twig\LexerInterface.php --> hpa.com.br /phreeze-master/libs/Twig LexerInterface.php
2015.11.27 16:12 B C:\Users\User\app\phreeze-master\libs\Twig\LICENSE --> hpa.com.br /phreeze-master/libs/Twig LICENSE
2015.11.27 16:12 B C:\Users\User\app\phreeze-master\libs\Twig\LoaderInterface.php --> hpa.com.br /phreeze-master/libs/Twig LoaderInterface.php
2015.11.27 16:12 B C:\Users\User\app\phreeze-master\libs\Twig\Markup.php --> hpa.com.br /phreeze-master/libs/Twig Markup.php
2015.11.27 16:12 B C:\Users\User\app\phreeze-master\libs\Twig\Node.php --> hpa.com.br /phreeze-master/libs/Twig Node.php
2015.11.27 16:12 B C:\Users\User\app\phreeze-master\libs\Twig\NodeInterface.php --> hpa.com.br /phreeze-master/libs/Twig NodeInterface.php
2015.11.27 16:12 B C:\Users\User\app\phreeze-master\libs\Twig\NodeOutputInterface.php --> hpa.com.br /phreeze-master/libs/Twig NodeOutputInterface.php
2015.11.27 16:12 B C:\Users\User\app\phreeze-master\libs\Twig\NodeTraverser.php --> hpa.com.br /phreeze-master/libs/Twig NodeTraverser.php
2015.11.27 16:12 B C:\Users\User\app\phreeze-master\libs\Twig\NodeVisitorInterface.php --> hpa.com.br /phreeze-master/libs/Twig NodeVisitorInterface.php
2015.11.27 16:12 B C:\Users\User\app\phreeze-master\libs\Twig\Parser.php --> hpa.com.br /phreeze-master/libs/Twig Parser.php
2015.11.27 16:12 B C:\Users\User\app\phreeze-master\libs\Twig\ParserInterface.php --> hpa.com.br /phreeze-master/libs/Twig ParserInterface.php
2015.11.27 16:12 B C:\Users\User\app\phreeze-master\libs\Twig\SimpleFilter.php --> hpa.com.br /phreeze-master/libs/Twig SimpleFilter.php
2015.11.27 16:12 B C:\Users\User\app\phreeze-master\libs\Twig\SimpleFunction.php --> hpa.com.br /phreeze-master/libs/Twig SimpleFunction.php
2015.11.27 16:12 B C:\Users\User\app\phreeze-master\libs\Twig\SimpleTest.php --> hpa.com.br /phreeze-master/libs/Twig SimpleTest.php
2015.11.27 16:12 B C:\Users\User\app\phreeze-master\libs\Twig\Template.php --> hpa.com.br /phreeze-master/libs/Twig Template.php
2015.11.27 16:12 B C:\Users\User\app\phreeze-master\libs\Twig\TemplateInterface.php --> hpa.com.br /phreeze-master/libs/Twig TemplateInterface.php
2015.11.27 16:12 B C:\Users\User\app\phreeze-master\libs\Twig\Test.php --> hpa.com.br /phreeze-master/libs/Twig Test.php
2015.11.27 16:12 B C:\Users\User\app\phreeze-master\libs\Twig\TestCallableInterface.php --> hpa.com.br /phreeze-master/libs/Twig TestCallableInterface.php
2015.11.27 16:12 B C:\Users\User\app\phreeze-master\libs\Twig\TestInterface.php --> hpa.com.br /phreeze-master/libs/Twig TestInterface.php
2015.11.27 16:12 B C:\Users\User\app\phreeze-master\libs\Twig\Token.php --> hpa.com.br /phreeze-master/libs/Twig Token.php
2015.11.27 16:12 B C:\Users\User\app\phreeze-master\libs\Twig\TokenParser.php --> hpa.com.br /phreeze-master/libs/Twig TokenParser.php
2015.11.27 16:12 B C:\Users\User\app\phreeze-master\libs\Twig\TokenParserBroker.php --> hpa.com.br /phreeze-master/libs/Twig TokenParserBroker.php
2015.11.27 16:12 B C:\Users\User\app\phreeze-master\libs\Twig\TokenParserBrokerInterface.php --> hpa.com.br /phreeze-master/libs/Twig TokenParserBrokerInterface.php
2015.11.27 16:12 B C:\Users\User\app\phreeze-master\libs\Twig\TokenParserInterface.php --> hpa.com.br /phreeze-master/libs/Twig TokenParserInterface.php
2015.11.27 16:12 B C:\Users\User\app\phreeze-master\libs\Twig\TokenStream.php --> hpa.com.br /phreeze-master/libs/Twig TokenStream.php
2015.11.27 16:12 B C:\Users\User\app\phreeze-master\libs\Twig\WS_FTP.LOG --> hpa.com.br /phreeze-master/libs/Twig WS_FTP.LOG
2015.11.28 22:34 B C:\Users\User\app\phreeze-master\libs\Twig\Autoloader.php --> hpa.com.br /public_html/questao_4_Api/libs/Twig Autoloader.php
2015.11.28 22:34 B C:\Users\User\app\phreeze-master\libs\Twig\Compiler.php --> hpa.com.br /public_html/questao_4_Api/libs/Twig Compiler.php
2015.11.28 22:34 B C:\Users\User\app\phreeze-master\libs\Twig\CompilerInterface.php --> hpa.com.br /public_html/questao_4_Api/libs/Twig CompilerInterface.php
2015.11.28 22:34 B C:\Users\User\app\phreeze-master\libs\Twig\Environment.php --> hpa.com.br /public_html/questao_4_Api/libs/Twig Environment.php
2015.11.28 22:34 B C:\Users\User\app\phreeze-master\libs\Twig\Error.php --> hpa.com.br /public_html/questao_4_Api/libs/Twig Error.php
2015.11.28 22:34 B C:\Users\User\app\phreeze-master\libs\Twig\ExistsLoaderInterface.php --> hpa.com.br /public_html/questao_4_Api/libs/Twig ExistsLoaderInterface.php
2015.11.28 22:34 B C:\Users\User\app\phreeze-master\libs\Twig\ExpressionParser.php --> hpa.com.br /public_html/questao_4_Api/libs/Twig ExpressionParser.php
2015.11.28 22:34 B C:\Users\User\app\phreeze-master\libs\Twig\Extension.php --> hpa.com.br /public_html/questao_4_Api/libs/Twig Extension.php
2015.11.28 22:34 B C:\Users\User\app\phreeze-master\libs\Twig\ExtensionInterface.php --> hpa.com.br /public_html/questao_4_Api/libs/Twig ExtensionInterface.php
2015.11.28 22:34 B C:\Users\User\app\phreeze-master\libs\Twig\Filter.php --> hpa.com.br /public_html/questao_4_Api/libs/Twig Filter.php
2015.11.28 22:34 B C:\Users\User\app\phreeze-master\libs\Twig\FilterCallableInterface.php --> hpa.com.br /public_html/questao_4_Api/libs/Twig FilterCallableInterface.php
2015.11.28 22:34 B C:\Users\User\app\phreeze-master\libs\Twig\FilterInterface.php --> hpa.com.br /public_html/questao_4_Api/libs/Twig FilterInterface.php
2015.11.28 22:34 B C:\Users\User\app\phreeze-master\libs\Twig\Function.php --> hpa.com.br /public_html/questao_4_Api/libs/Twig Function.php
2015.11.28 22:34 B C:\Users\User\app\phreeze-master\libs\Twig\FunctionCallableInterface.php --> hpa.com.br /public_html/questao_4_Api/libs/Twig FunctionCallableInterface.php
2015.11.28 22:34 B C:\Users\User\app\phreeze-master\libs\Twig\FunctionInterface.php --> hpa.com.br /public_html/questao_4_Api/libs/Twig FunctionInterface.php
2015.11.28 22:34 B C:\Users\User\app\phreeze-master\libs\Twig\Lexer.php --> hpa.com.br /public_html/questao_4_Api/libs/Twig Lexer.php
2015.11.28 22:34 B C:\Users\User\app\phreeze-master\libs\Twig\LexerInterface.php --> hpa.com.br /public_html/questao_4_Api/libs/Twig LexerInterface.php
2015.11.28 22:34 B C:\Users\User\app\phreeze-master\libs\Twig\LICENSE --> hpa.com.br /public_html/questao_4_Api/libs/Twig LICENSE
2015.11.28 22:34 B C:\Users\User\app\phreeze-master\libs\Twig\LoaderInterface.php --> hpa.com.br /public_html/questao_4_Api/libs/Twig LoaderInterface.php
2015.11.28 22:34 B C:\Users\User\app\phreeze-master\libs\Twig\Markup.php --> hpa.com.br /public_html/questao_4_Api/libs/Twig Markup.php
2015.11.28 22:34 B C:\Users\User\app\phreeze-master\libs\Twig\Node.php --> hpa.com.br /public_html/questao_4_Api/libs/Twig Node.php
2015.11.28 22:34 B C:\Users\User\app\phreeze-master\libs\Twig\NodeInterface.php --> hpa.com.br /public_html/questao_4_Api/libs/Twig NodeInterface.php
2015.11.28 22:34 B C:\Users\User\app\phreeze-master\libs\Twig\NodeOutputInterface.php --> hpa.com.br /public_html/questao_4_Api/libs/Twig NodeOutputInterface.php
2015.11.28 22:34 B C:\Users\User\app\phreeze-master\libs\Twig\NodeTraverser.php --> hpa.com.br /public_html/questao_4_Api/libs/Twig NodeTraverser.php
2015.11.28 22:34 B C:\Users\User\app\phreeze-master\libs\Twig\NodeVisitorInterface.php --> hpa.com.br /public_html/questao_4_Api/libs/Twig NodeVisitorInterface.php
2015.11.28 22:34 B C:\Users\User\app\phreeze-master\libs\Twig\Parser.php --> hpa.com.br /public_html/questao_4_Api/libs/Twig Parser.php
2015.11.28 22:34 B C:\Users\User\app\phreeze-master\libs\Twig\ParserInterface.php --> hpa.com.br /public_html/questao_4_Api/libs/Twig ParserInterface.php
2015.11.28 22:34 B C:\Users\User\app\phreeze-master\libs\Twig\SimpleFilter.php --> hpa.com.br /public_html/questao_4_Api/libs/Twig SimpleFilter.php
2015.11.28 22:34 B C:\Users\User\app\phreeze-master\libs\Twig\SimpleFunction.php --> hpa.com.br /public_html/questao_4_Api/libs/Twig SimpleFunction.php
2015.11.28 22:34 B C:\Users\User\app\phreeze-master\libs\Twig\SimpleTest.php --> hpa.com.br /public_html/questao_4_Api/libs/Twig SimpleTest.php
2015.11.28 22:34 B C:\Users\User\app\phreeze-master\libs\Twig\Template.php --> hpa.com.br /public_html/questao_4_Api/libs/Twig Template.php
2015.11.28 22:34 B C:\Users\User\app\phreeze-master\libs\Twig\TemplateInterface.php --> hpa.com.br /public_html/questao_4_Api/libs/Twig TemplateInterface.php
2015.11.28 22:34 B C:\Users\User\app\phreeze-master\libs\Twig\Test.php --> hpa.com.br /public_html/questao_4_Api/libs/Twig Test.php
2015.11.28 22:34 B C:\Users\User\app\phreeze-master\libs\Twig\TestCallableInterface.php --> hpa.com.br /public_html/questao_4_Api/libs/Twig TestCallableInterface.php
2015.11.28 22:34 B C:\Users\User\app\phreeze-master\libs\Twig\TestInterface.php --> hpa.com.br /public_html/questao_4_Api/libs/Twig TestInterface.php
2015.11.28 22:34 B C:\Users\User\app\phreeze-master\libs\Twig\Token.php --> hpa.com.br /public_html/questao_4_Api/libs/Twig Token.php
2015.11.28 22:34 B C:\Users\User\app\phreeze-master\libs\Twig\TokenParser.php --> hpa.com.br /public_html/questao_4_Api/libs/Twig TokenParser.php
2015.11.28 22:34 B C:\Users\User\app\phreeze-master\libs\Twig\TokenParserBroker.php --> hpa.com.br /public_html/questao_4_Api/libs/Twig TokenParserBroker.php
2015.11.28 22:34 B C:\Users\User\app\phreeze-master\libs\Twig\TokenParserBrokerInterface.php --> hpa.com.br /public_html/questao_4_Api/libs/Twig TokenParserBrokerInterface.php
2015.11.28 22:34 B C:\Users\User\app\phreeze-master\libs\Twig\TokenParserInterface.php --> hpa.com.br /public_html/questao_4_Api/libs/Twig TokenParserInterface.php
2015.11.28 22:34 B C:\Users\User\app\phreeze-master\libs\Twig\TokenStream.php --> hpa.com.br /public_html/questao_4_Api/libs/Twig TokenStream.php
2015.11.28 22:40 B C:\Users\User\Documents\GitHub\Teste-BDR\questao_4_Api\libs\Twig\WS_FTP.LOG <-- hpa.com.br /public_html/questao_4_Api/libs/Twig WS_FTP.LOG
