2015.11.22 21:21 B C:\Users\User\app\phreeze-master\libs\Twig\Extension\Core.php --> hpa.com.br /public_html/phreeze-master/libs/Twig/Extension Core.php
2015.11.22 21:21 B C:\Users\User\app\phreeze-master\libs\Twig\Extension\Debug.php --> hpa.com.br /public_html/phreeze-master/libs/Twig/Extension Debug.php
2015.11.22 21:21 B C:\Users\User\app\phreeze-master\libs\Twig\Extension\Escaper.php --> hpa.com.br /public_html/phreeze-master/libs/Twig/Extension Escaper.php
2015.11.22 21:21 B C:\Users\User\app\phreeze-master\libs\Twig\Extension\Optimizer.php --> hpa.com.br /public_html/phreeze-master/libs/Twig/Extension Optimizer.php
2015.11.22 21:21 B C:\Users\User\app\phreeze-master\libs\Twig\Extension\Sandbox.php --> hpa.com.br /public_html/phreeze-master/libs/Twig/Extension Sandbox.php
2015.11.22 21:21 B C:\Users\User\app\phreeze-master\libs\Twig\Extension\Staging.php --> hpa.com.br /public_html/phreeze-master/libs/Twig/Extension Staging.php
2015.11.22 21:21 B C:\Users\User\app\phreeze-master\libs\Twig\Extension\StringLoader.php --> hpa.com.br /public_html/phreeze-master/libs/Twig/Extension StringLoader.php
2015.11.27 16:09 B C:\Users\User\app\phreeze-master\libs\Twig\Extension\Core.php --> hpa.com.br /phreeze-master/libs/Twig/Extension Core.php
2015.11.27 16:09 B C:\Users\User\app\phreeze-master\libs\Twig\Extension\Debug.php --> hpa.com.br /phreeze-master/libs/Twig/Extension Debug.php
2015.11.27 16:09 B C:\Users\User\app\phreeze-master\libs\Twig\Extension\Escaper.php --> hpa.com.br /phreeze-master/libs/Twig/Extension Escaper.php
2015.11.27 16:09 B C:\Users\User\app\phreeze-master\libs\Twig\Extension\Optimizer.php --> hpa.com.br /phreeze-master/libs/Twig/Extension Optimizer.php
2015.11.27 16:09 B C:\Users\User\app\phreeze-master\libs\Twig\Extension\Sandbox.php --> hpa.com.br /phreeze-master/libs/Twig/Extension Sandbox.php
2015.11.27 16:09 B C:\Users\User\app\phreeze-master\libs\Twig\Extension\Staging.php --> hpa.com.br /phreeze-master/libs/Twig/Extension Staging.php
2015.11.27 16:09 B C:\Users\User\app\phreeze-master\libs\Twig\Extension\StringLoader.php --> hpa.com.br /phreeze-master/libs/Twig/Extension StringLoader.php
2015.11.27 16:09 B C:\Users\User\app\phreeze-master\libs\Twig\Extension\WS_FTP.LOG --> hpa.com.br /phreeze-master/libs/Twig/Extension WS_FTP.LOG
2015.11.28 22:32 B C:\Users\User\app\phreeze-master\libs\Twig\Extension\Core.php --> hpa.com.br /public_html/questao_4_Api/libs/Twig/Extension Core.php
2015.11.28 22:32 B C:\Users\User\app\phreeze-master\libs\Twig\Extension\Debug.php --> hpa.com.br /public_html/questao_4_Api/libs/Twig/Extension Debug.php
2015.11.28 22:32 B C:\Users\User\app\phreeze-master\libs\Twig\Extension\Escaper.php --> hpa.com.br /public_html/questao_4_Api/libs/Twig/Extension Escaper.php
2015.11.28 22:32 B C:\Users\User\app\phreeze-master\libs\Twig\Extension\Optimizer.php --> hpa.com.br /public_html/questao_4_Api/libs/Twig/Extension Optimizer.php
2015.11.28 22:32 B C:\Users\User\app\phreeze-master\libs\Twig\Extension\Sandbox.php --> hpa.com.br /public_html/questao_4_Api/libs/Twig/Extension Sandbox.php
2015.11.28 22:32 B C:\Users\User\app\phreeze-master\libs\Twig\Extension\Staging.php --> hpa.com.br /public_html/questao_4_Api/libs/Twig/Extension Staging.php
2015.11.28 22:32 B C:\Users\User\app\phreeze-master\libs\Twig\Extension\StringLoader.php --> hpa.com.br /public_html/questao_4_Api/libs/Twig/Extension StringLoader.php
2015.11.28 22:38 B C:\Users\User\Documents\GitHub\Teste-BDR\questao_4_Api\libs\Twig\Extension\WS_FTP.LOG <-- hpa.com.br /public_html/questao_4_Api/libs/Twig/Extension WS_FTP.LOG
