2015.11.22 21:25 B C:\Users\User\app\phreeze-master\libs\verysimple\Payment\AuthorizeNet.php --> hpa.com.br /public_html/phreeze-master/libs/verysimple/Payment AuthorizeNet.php
2015.11.22 21:25 B C:\Users\User\app\phreeze-master\libs\verysimple\Payment\CreditCardUtil.php --> hpa.com.br /public_html/phreeze-master/libs/verysimple/Payment CreditCardUtil.php
2015.11.22 21:25 B C:\Users\User\app\phreeze-master\libs\verysimple\Payment\CurrencyConverter.php --> hpa.com.br /public_html/phreeze-master/libs/verysimple/Payment CurrencyConverter.php
2015.11.22 21:25 B C:\Users\User\app\phreeze-master\libs\verysimple\Payment\PaymentProcessor.php --> hpa.com.br /public_html/phreeze-master/libs/verysimple/Payment PaymentProcessor.php
2015.11.22 21:25 B C:\Users\User\app\phreeze-master\libs\verysimple\Payment\PaymentRequest.php --> hpa.com.br /public_html/phreeze-master/libs/verysimple/Payment PaymentRequest.php
2015.11.22 21:25 B C:\Users\User\app\phreeze-master\libs\verysimple\Payment\PaymentResponse.php --> hpa.com.br /public_html/phreeze-master/libs/verysimple/Payment PaymentResponse.php
2015.11.22 21:25 B C:\Users\User\app\phreeze-master\libs\verysimple\Payment\PayPal.php --> hpa.com.br /public_html/phreeze-master/libs/verysimple/Payment PayPal.php
2015.11.22 21:25 B C:\Users\User\app\phreeze-master\libs\verysimple\Payment\RefundRequest.php --> hpa.com.br /public_html/phreeze-master/libs/verysimple/Payment RefundRequest.php
2015.11.22 21:25 B C:\Users\User\app\phreeze-master\libs\verysimple\Payment\SkipJack.php --> hpa.com.br /public_html/phreeze-master/libs/verysimple/Payment SkipJack.php
2015.11.22 21:25 B C:\Users\User\app\phreeze-master\libs\verysimple\Payment\TestGateway.php --> hpa.com.br /public_html/phreeze-master/libs/verysimple/Payment TestGateway.php
2015.11.27 16:13 B C:\Users\User\app\phreeze-master\libs\verysimple\Payment\AuthorizeNet.php --> hpa.com.br /phreeze-master/libs/verysimple/Payment AuthorizeNet.php
2015.11.27 16:13 B C:\Users\User\app\phreeze-master\libs\verysimple\Payment\CreditCardUtil.php --> hpa.com.br /phreeze-master/libs/verysimple/Payment CreditCardUtil.php
2015.11.27 16:13 B C:\Users\User\app\phreeze-master\libs\verysimple\Payment\CurrencyConverter.php --> hpa.com.br /phreeze-master/libs/verysimple/Payment CurrencyConverter.php
2015.11.27 16:13 B C:\Users\User\app\phreeze-master\libs\verysimple\Payment\PaymentProcessor.php --> hpa.com.br /phreeze-master/libs/verysimple/Payment PaymentProcessor.php
2015.11.27 16:13 B C:\Users\User\app\phreeze-master\libs\verysimple\Payment\PaymentRequest.php --> hpa.com.br /phreeze-master/libs/verysimple/Payment PaymentRequest.php
2015.11.27 16:13 B C:\Users\User\app\phreeze-master\libs\verysimple\Payment\PaymentResponse.php --> hpa.com.br /phreeze-master/libs/verysimple/Payment PaymentResponse.php
2015.11.27 16:13 B C:\Users\User\app\phreeze-master\libs\verysimple\Payment\PayPal.php --> hpa.com.br /phreeze-master/libs/verysimple/Payment PayPal.php
2015.11.27 16:13 B C:\Users\User\app\phreeze-master\libs\verysimple\Payment\RefundRequest.php --> hpa.com.br /phreeze-master/libs/verysimple/Payment RefundRequest.php
2015.11.27 16:13 B C:\Users\User\app\phreeze-master\libs\verysimple\Payment\SkipJack.php --> hpa.com.br /phreeze-master/libs/verysimple/Payment SkipJack.php
2015.11.27 16:13 B C:\Users\User\app\phreeze-master\libs\verysimple\Payment\TestGateway.php --> hpa.com.br /phreeze-master/libs/verysimple/Payment TestGateway.php
2015.11.27 16:13 B C:\Users\User\app\phreeze-master\libs\verysimple\Payment\WS_FTP.LOG --> hpa.com.br /phreeze-master/libs/verysimple/Payment WS_FTP.LOG
2015.11.28 22:26 B C:\Users\User\app\phreeze-master\libs\verysimple\Payment\AuthorizeNet.php --> hpa.com.br /public_html/questao_4_Api/libs/verysimple/Payment AuthorizeNet.php
2015.11.28 22:26 B C:\Users\User\app\phreeze-master\libs\verysimple\Payment\CreditCardUtil.php --> hpa.com.br /public_html/questao_4_Api/libs/verysimple/Payment CreditCardUtil.php
2015.11.28 22:26 B C:\Users\User\app\phreeze-master\libs\verysimple\Payment\CurrencyConverter.php --> hpa.com.br /public_html/questao_4_Api/libs/verysimple/Payment CurrencyConverter.php
2015.11.28 22:26 B C:\Users\User\app\phreeze-master\libs\verysimple\Payment\PaymentProcessor.php --> hpa.com.br /public_html/questao_4_Api/libs/verysimple/Payment PaymentProcessor.php
2015.11.28 22:26 B C:\Users\User\app\phreeze-master\libs\verysimple\Payment\PaymentRequest.php --> hpa.com.br /public_html/questao_4_Api/libs/verysimple/Payment PaymentRequest.php
2015.11.28 22:26 B C:\Users\User\app\phreeze-master\libs\verysimple\Payment\PaymentResponse.php --> hpa.com.br /public_html/questao_4_Api/libs/verysimple/Payment PaymentResponse.php
2015.11.28 22:26 B C:\Users\User\app\phreeze-master\libs\verysimple\Payment\PayPal.php --> hpa.com.br /public_html/questao_4_Api/libs/verysimple/Payment PayPal.php
2015.11.28 22:26 B C:\Users\User\app\phreeze-master\libs\verysimple\Payment\RefundRequest.php --> hpa.com.br /public_html/questao_4_Api/libs/verysimple/Payment RefundRequest.php
2015.11.28 22:26 B C:\Users\User\app\phreeze-master\libs\verysimple\Payment\SkipJack.php --> hpa.com.br /public_html/questao_4_Api/libs/verysimple/Payment SkipJack.php
2015.11.28 22:26 B C:\Users\User\app\phreeze-master\libs\verysimple\Payment\TestGateway.php --> hpa.com.br /public_html/questao_4_Api/libs/verysimple/Payment TestGateway.php
2015.11.28 22:41 B C:\Users\User\Documents\GitHub\Teste-BDR\questao_4_Api\libs\verysimple\Payment\WS_FTP.LOG <-- hpa.com.br /public_html/questao_4_Api/libs/verysimple/Payment WS_FTP.LOG
