2015.11.22 21:24 B C:\Users\User\app\phreeze-master\libs\util\AndroidPushService.php --> hpa.com.br /public_html/phreeze-master/libs/util AndroidPushService.php
2015.11.22 21:24 B C:\Users\User\app\phreeze-master\libs\util\ApplePushService.php --> hpa.com.br /public_html/phreeze-master/libs/util ApplePushService.php
2015.11.22 21:24 B C:\Users\User\app\phreeze-master\libs\util\class.html2text.php --> hpa.com.br /public_html/phreeze-master/libs/util class.html2text.php
2015.11.22 21:24 B C:\Users\User\app\phreeze-master\libs\util\cloudfiles.php --> hpa.com.br /public_html/phreeze-master/libs/util cloudfiles.php
2015.11.22 21:24 B C:\Users\User\app\phreeze-master\libs\util\cloudfiles_exceptions.php --> hpa.com.br /public_html/phreeze-master/libs/util cloudfiles_exceptions.php
2015.11.22 21:24 B C:\Users\User\app\phreeze-master\libs\util\cloudfiles_http.php --> hpa.com.br /public_html/phreeze-master/libs/util cloudfiles_http.php
2015.11.22 21:24 B C:\Users\User\app\phreeze-master\libs\util\html2text.php --> hpa.com.br /public_html/phreeze-master/libs/util html2text.php
2015.11.22 21:24 B C:\Users\User\app\phreeze-master\libs\util\iCalcreator.class.php --> hpa.com.br /public_html/phreeze-master/libs/util iCalcreator.class.php
2015.11.22 21:24 B C:\Users\User\app\phreeze-master\libs\util\LICENSE.TXT --> hpa.com.br /public_html/phreeze-master/libs/util LICENSE.TXT
2015.11.22 21:24 B C:\Users\User\app\phreeze-master\libs\util\mime.types --> hpa.com.br /public_html/phreeze-master/libs/util mime.types
2015.11.22 21:24 B C:\Users\User\app\phreeze-master\libs\util\Mime_Types.php --> hpa.com.br /public_html/phreeze-master/libs/util Mime_Types.php
2015.11.22 21:24 B C:\Users\User\app\phreeze-master\libs\util\parsecsv.lib.php --> hpa.com.br /public_html/phreeze-master/libs/util parsecsv.lib.php
2015.11.22 21:24 B C:\Users\User\app\phreeze-master\libs\util\password.php --> hpa.com.br /public_html/phreeze-master/libs/util password.php
2015.11.22 21:24 B C:\Users\User\app\phreeze-master\libs\util\phpApplication.php --> hpa.com.br /public_html/phreeze-master/libs/util phpApplication.php
2015.11.22 21:24 B C:\Users\User\app\phreeze-master\libs\util\thumbnail.php --> hpa.com.br /public_html/phreeze-master/libs/util thumbnail.php
2015.11.22 21:24 B C:\Users\User\app\phreeze-master\libs\util\zip.lib.php --> hpa.com.br /public_html/phreeze-master/libs/util zip.lib.php
2015.11.27 16:12 B C:\Users\User\app\phreeze-master\libs\util\AndroidPushService.php --> hpa.com.br /phreeze-master/libs/util AndroidPushService.php
2015.11.27 16:12 B C:\Users\User\app\phreeze-master\libs\util\ApplePushService.php --> hpa.com.br /phreeze-master/libs/util ApplePushService.php
2015.11.27 16:12 B C:\Users\User\app\phreeze-master\libs\util\class.html2text.php --> hpa.com.br /phreeze-master/libs/util class.html2text.php
2015.11.27 16:12 B C:\Users\User\app\phreeze-master\libs\util\cloudfiles.php --> hpa.com.br /phreeze-master/libs/util cloudfiles.php
2015.11.27 16:12 B C:\Users\User\app\phreeze-master\libs\util\cloudfiles_exceptions.php --> hpa.com.br /phreeze-master/libs/util cloudfiles_exceptions.php
2015.11.27 16:12 B C:\Users\User\app\phreeze-master\libs\util\cloudfiles_http.php --> hpa.com.br /phreeze-master/libs/util cloudfiles_http.php
2015.11.27 16:12 B C:\Users\User\app\phreeze-master\libs\util\html2text.php --> hpa.com.br /phreeze-master/libs/util html2text.php
2015.11.27 16:12 B C:\Users\User\app\phreeze-master\libs\util\iCalcreator.class.php --> hpa.com.br /phreeze-master/libs/util iCalcreator.class.php
2015.11.27 16:12 B C:\Users\User\app\phreeze-master\libs\util\LICENSE.TXT --> hpa.com.br /phreeze-master/libs/util LICENSE.TXT
2015.11.27 16:12 B C:\Users\User\app\phreeze-master\libs\util\mime.types --> hpa.com.br /phreeze-master/libs/util mime.types
2015.11.27 16:12 B C:\Users\User\app\phreeze-master\libs\util\Mime_Types.php --> hpa.com.br /phreeze-master/libs/util Mime_Types.php
2015.11.27 16:12 B C:\Users\User\app\phreeze-master\libs\util\parsecsv.lib.php --> hpa.com.br /phreeze-master/libs/util parsecsv.lib.php
2015.11.27 16:12 B C:\Users\User\app\phreeze-master\libs\util\password.php --> hpa.com.br /phreeze-master/libs/util password.php
2015.11.27 16:12 B C:\Users\User\app\phreeze-master\libs\util\phpApplication.php --> hpa.com.br /phreeze-master/libs/util phpApplication.php
2015.11.27 16:12 B C:\Users\User\app\phreeze-master\libs\util\thumbnail.php --> hpa.com.br /phreeze-master/libs/util thumbnail.php
2015.11.27 16:12 B C:\Users\User\app\phreeze-master\libs\util\WS_FTP.LOG --> hpa.com.br /phreeze-master/libs/util WS_FTP.LOG
2015.11.27 16:12 B C:\Users\User\app\phreeze-master\libs\util\zip.lib.php --> hpa.com.br /phreeze-master/libs/util zip.lib.php
2015.11.28 22:27 B C:\Users\User\app\phreeze-master\libs\util\AndroidPushService.php --> hpa.com.br /public_html/questao_4_Api/libs/util AndroidPushService.php
2015.11.28 22:27 B C:\Users\User\app\phreeze-master\libs\util\ApplePushService.php --> hpa.com.br /public_html/questao_4_Api/libs/util ApplePushService.php
2015.11.28 22:27 B C:\Users\User\app\phreeze-master\libs\util\class.html2text.php --> hpa.com.br /public_html/questao_4_Api/libs/util class.html2text.php
2015.11.28 22:27 B C:\Users\User\app\phreeze-master\libs\util\cloudfiles.php --> hpa.com.br /public_html/questao_4_Api/libs/util cloudfiles.php
2015.11.28 22:27 B C:\Users\User\app\phreeze-master\libs\util\cloudfiles_exceptions.php --> hpa.com.br /public_html/questao_4_Api/libs/util cloudfiles_exceptions.php
2015.11.28 22:27 B C:\Users\User\app\phreeze-master\libs\util\cloudfiles_http.php --> hpa.com.br /public_html/questao_4_Api/libs/util cloudfiles_http.php
2015.11.28 22:28 B C:\Users\User\app\phreeze-master\libs\util\html2text.php --> hpa.com.br /public_html/questao_4_Api/libs/util html2text.php
2015.11.28 22:28 B C:\Users\User\app\phreeze-master\libs\util\iCalcreator.class.php --> hpa.com.br /public_html/questao_4_Api/libs/util iCalcreator.class.php
2015.11.28 22:28 B C:\Users\User\app\phreeze-master\libs\util\LICENSE.TXT --> hpa.com.br /public_html/questao_4_Api/libs/util LICENSE.TXT
2015.11.28 22:28 B C:\Users\User\app\phreeze-master\libs\util\mime.types --> hpa.com.br /public_html/questao_4_Api/libs/util mime.types
2015.11.28 22:28 B C:\Users\User\app\phreeze-master\libs\util\Mime_Types.php --> hpa.com.br /public_html/questao_4_Api/libs/util Mime_Types.php
2015.11.28 22:28 B C:\Users\User\app\phreeze-master\libs\util\parsecsv.lib.php --> hpa.com.br /public_html/questao_4_Api/libs/util parsecsv.lib.php
2015.11.28 22:28 B C:\Users\User\app\phreeze-master\libs\util\password.php --> hpa.com.br /public_html/questao_4_Api/libs/util password.php
2015.11.28 22:28 B C:\Users\User\app\phreeze-master\libs\util\phpApplication.php --> hpa.com.br /public_html/questao_4_Api/libs/util phpApplication.php
2015.11.28 22:28 B C:\Users\User\app\phreeze-master\libs\util\thumbnail.php --> hpa.com.br /public_html/questao_4_Api/libs/util thumbnail.php
2015.11.28 22:41 B C:\Users\User\Documents\GitHub\Teste-BDR\questao_4_Api\libs\util\WS_FTP.LOG <-- hpa.com.br /public_html/questao_4_Api/libs/util WS_FTP.LOG
2015.11.28 22:41 B C:\Users\User\Documents\GitHub\Teste-BDR\questao_4_Api\libs\util\zip.lib.php <-- hpa.com.br /public_html/questao_4_Api/libs/util zip.lib.php
