2015.11.22 21:24 B C:\Users\User\app\phreeze-master\libs\verysimple\Authentication\Auth401.php --> hpa.com.br /public_html/phreeze-master/libs/verysimple/Authentication Auth401.php
2015.11.22 21:24 B C:\Users\User\app\phreeze-master\libs\verysimple\Authentication\AuthenticationException.php --> hpa.com.br /public_html/phreeze-master/libs/verysimple/Authentication AuthenticationException.php
2015.11.22 21:24 B C:\Users\User\app\phreeze-master\libs\verysimple\Authentication\Authenticator.php --> hpa.com.br /public_html/phreeze-master/libs/verysimple/Authentication Authenticator.php
2015.11.22 21:24 B C:\Users\User\app\phreeze-master\libs\verysimple\Authentication\Bcrypt.php --> hpa.com.br /public_html/phreeze-master/libs/verysimple/Authentication Bcrypt.php
2015.11.22 21:24 B C:\Users\User\app\phreeze-master\libs\verysimple\Authentication\IAuthenticatable.php --> hpa.com.br /public_html/phreeze-master/libs/verysimple/Authentication IAuthenticatable.php
2015.11.22 21:24 B C:\Users\User\app\phreeze-master\libs\verysimple\Authentication\OAuthUtil.php --> hpa.com.br /public_html/phreeze-master/libs/verysimple/Authentication OAuthUtil.php
2015.11.22 21:24 B C:\Users\User\app\phreeze-master\libs\verysimple\Authentication\PassPhrase.php --> hpa.com.br /public_html/phreeze-master/libs/verysimple/Authentication PassPhrase.php
2015.11.22 21:24 B C:\Users\User\app\phreeze-master\libs\verysimple\Authentication\SimpleAccount.php --> hpa.com.br /public_html/phreeze-master/libs/verysimple/Authentication SimpleAccount.php
2015.11.27 16:12 B C:\Users\User\app\phreeze-master\libs\verysimple\Authentication\Auth401.php --> hpa.com.br /phreeze-master/libs/verysimple/Authentication Auth401.php
2015.11.27 16:12 B C:\Users\User\app\phreeze-master\libs\verysimple\Authentication\AuthenticationException.php --> hpa.com.br /phreeze-master/libs/verysimple/Authentication AuthenticationException.php
2015.11.27 16:12 B C:\Users\User\app\phreeze-master\libs\verysimple\Authentication\Authenticator.php --> hpa.com.br /phreeze-master/libs/verysimple/Authentication Authenticator.php
2015.11.27 16:12 B C:\Users\User\app\phreeze-master\libs\verysimple\Authentication\Bcrypt.php --> hpa.com.br /phreeze-master/libs/verysimple/Authentication Bcrypt.php
2015.11.27 16:12 B C:\Users\User\app\phreeze-master\libs\verysimple\Authentication\IAuthenticatable.php --> hpa.com.br /phreeze-master/libs/verysimple/Authentication IAuthenticatable.php
2015.11.27 16:12 B C:\Users\User\app\phreeze-master\libs\verysimple\Authentication\OAuthUtil.php --> hpa.com.br /phreeze-master/libs/verysimple/Authentication OAuthUtil.php
2015.11.27 16:12 B C:\Users\User\app\phreeze-master\libs\verysimple\Authentication\PassPhrase.php --> hpa.com.br /phreeze-master/libs/verysimple/Authentication PassPhrase.php
2015.11.27 16:12 B C:\Users\User\app\phreeze-master\libs\verysimple\Authentication\SimpleAccount.php --> hpa.com.br /phreeze-master/libs/verysimple/Authentication SimpleAccount.php
2015.11.27 16:12 B C:\Users\User\app\phreeze-master\libs\verysimple\Authentication\WS_FTP.LOG --> hpa.com.br /phreeze-master/libs/verysimple/Authentication WS_FTP.LOG
2015.11.28 22:25 B C:\Users\User\app\phreeze-master\libs\verysimple\Authentication\Auth401.php --> hpa.com.br /public_html/questao_4_Api/libs/verysimple/Authentication Auth401.php
2015.11.28 22:25 B C:\Users\User\app\phreeze-master\libs\verysimple\Authentication\AuthenticationException.php --> hpa.com.br /public_html/questao_4_Api/libs/verysimple/Authentication AuthenticationException.php
2015.11.28 22:25 B C:\Users\User\app\phreeze-master\libs\verysimple\Authentication\Authenticator.php --> hpa.com.br /public_html/questao_4_Api/libs/verysimple/Authentication Authenticator.php
2015.11.28 22:25 B C:\Users\User\app\phreeze-master\libs\verysimple\Authentication\Bcrypt.php --> hpa.com.br /public_html/questao_4_Api/libs/verysimple/Authentication Bcrypt.php
2015.11.28 22:25 B C:\Users\User\app\phreeze-master\libs\verysimple\Authentication\IAuthenticatable.php --> hpa.com.br /public_html/questao_4_Api/libs/verysimple/Authentication IAuthenticatable.php
2015.11.28 22:25 B C:\Users\User\app\phreeze-master\libs\verysimple\Authentication\OAuthUtil.php --> hpa.com.br /public_html/questao_4_Api/libs/verysimple/Authentication OAuthUtil.php
2015.11.28 22:25 B C:\Users\User\app\phreeze-master\libs\verysimple\Authentication\PassPhrase.php --> hpa.com.br /public_html/questao_4_Api/libs/verysimple/Authentication PassPhrase.php
2015.11.28 22:25 B C:\Users\User\app\phreeze-master\libs\verysimple\Authentication\SimpleAccount.php --> hpa.com.br /public_html/questao_4_Api/libs/verysimple/Authentication SimpleAccount.php
2015.11.28 22:41 B C:\Users\User\Documents\GitHub\Teste-BDR\questao_4_Api\libs\verysimple\Authentication\WS_FTP.LOG <-- hpa.com.br /public_html/questao_4_Api/libs/verysimple/Authentication WS_FTP.LOG
