2015.11.22 21:25 B C:\Users\User\app\phreeze-master\libs\verysimple\Phreeze\ActionRouter.php --> hpa.com.br /public_html/phreeze-master/libs/verysimple/Phreeze ActionRouter.php
2015.11.22 21:25 B C:\Users\User\app\phreeze-master\libs\verysimple\Phreeze\AuthAccount.php --> hpa.com.br /public_html/phreeze-master/libs/verysimple/Phreeze AuthAccount.php
2015.11.22 21:25 B C:\Users\User\app\phreeze-master\libs\verysimple\Phreeze\BladeRenderEngine.php --> hpa.com.br /public_html/phreeze-master/libs/verysimple/Phreeze BladeRenderEngine.php
2015.11.22 21:25 B C:\Users\User\app\phreeze-master\libs\verysimple\Phreeze\CacheMemCache.php --> hpa.com.br /public_html/phreeze-master/libs/verysimple/Phreeze CacheMemCache.php
2015.11.22 21:25 B C:\Users\User\app\phreeze-master\libs\verysimple\Phreeze\CacheNoCache.php --> hpa.com.br /public_html/phreeze-master/libs/verysimple/Phreeze CacheNoCache.php
2015.11.22 21:25 B C:\Users\User\app\phreeze-master\libs\verysimple\Phreeze\CacheRam.php --> hpa.com.br /public_html/phreeze-master/libs/verysimple/Phreeze CacheRam.php
2015.11.22 21:25 B C:\Users\User\app\phreeze-master\libs\verysimple\Phreeze\ConnectionSetting.php --> hpa.com.br /public_html/phreeze-master/libs/verysimple/Phreeze ConnectionSetting.php
2015.11.22 21:25 B C:\Users\User\app\phreeze-master\libs\verysimple\Phreeze\Controller.php --> hpa.com.br /public_html/phreeze-master/libs/verysimple/Phreeze Controller.php
2015.11.22 21:25 B C:\Users\User\app\phreeze-master\libs\verysimple\Phreeze\Criteria.php --> hpa.com.br /public_html/phreeze-master/libs/verysimple/Phreeze Criteria.php
2015.11.22 21:25 B C:\Users\User\app\phreeze-master\libs\verysimple\Phreeze\CriteriaFilter.php --> hpa.com.br /public_html/phreeze-master/libs/verysimple/Phreeze CriteriaFilter.php
2015.11.22 21:25 B C:\Users\User\app\phreeze-master\libs\verysimple\Phreeze\DataAdapter.php --> hpa.com.br /public_html/phreeze-master/libs/verysimple/Phreeze DataAdapter.php
2015.11.22 21:25 B C:\Users\User\app\phreeze-master\libs\verysimple\Phreeze\DataPage.php --> hpa.com.br /public_html/phreeze-master/libs/verysimple/Phreeze DataPage.php
2015.11.22 21:25 B C:\Users\User\app\phreeze-master\libs\verysimple\Phreeze\DataSet.php --> hpa.com.br /public_html/phreeze-master/libs/verysimple/Phreeze DataSet.php
2015.11.22 21:25 B C:\Users\User\app\phreeze-master\libs\verysimple\Phreeze\Dispatcher.php --> hpa.com.br /public_html/phreeze-master/libs/verysimple/Phreeze Dispatcher.php
2015.11.22 21:25 B C:\Users\User\app\phreeze-master\libs\verysimple\Phreeze\ExportUtility.php --> hpa.com.br /public_html/phreeze-master/libs/verysimple/Phreeze ExportUtility.php
2015.11.22 21:25 B C:\Users\User\app\phreeze-master\libs\verysimple\Phreeze\FieldMap.php --> hpa.com.br /public_html/phreeze-master/libs/verysimple/Phreeze FieldMap.php
2015.11.22 21:25 B C:\Users\User\app\phreeze-master\libs\verysimple\Phreeze\GenericRouter.php --> hpa.com.br /public_html/phreeze-master/libs/verysimple/Phreeze GenericRouter.php
2015.11.22 21:25 B C:\Users\User\app\phreeze-master\libs\verysimple\Phreeze\ICache.php --> hpa.com.br /public_html/phreeze-master/libs/verysimple/Phreeze ICache.php
2015.11.22 21:25 B C:\Users\User\app\phreeze-master\libs\verysimple\Phreeze\IDaoMap.php --> hpa.com.br /public_html/phreeze-master/libs/verysimple/Phreeze IDaoMap.php
2015.11.22 21:25 B C:\Users\User\app\phreeze-master\libs\verysimple\Phreeze\IDaoMap2.php --> hpa.com.br /public_html/phreeze-master/libs/verysimple/Phreeze IDaoMap2.php
2015.11.22 21:25 B C:\Users\User\app\phreeze-master\libs\verysimple\Phreeze\IObservable.php --> hpa.com.br /public_html/phreeze-master/libs/verysimple/Phreeze IObservable.php
2015.11.22 21:25 B C:\Users\User\app\phreeze-master\libs\verysimple\Phreeze\IObserver.php --> hpa.com.br /public_html/phreeze-master/libs/verysimple/Phreeze IObserver.php
2015.11.22 21:25 B C:\Users\User\app\phreeze-master\libs\verysimple\Phreeze\IRenderEngine.php --> hpa.com.br /public_html/phreeze-master/libs/verysimple/Phreeze IRenderEngine.php
2015.11.22 21:25 B C:\Users\User\app\phreeze-master\libs\verysimple\Phreeze\IRouter.php --> hpa.com.br /public_html/phreeze-master/libs/verysimple/Phreeze IRouter.php
2015.11.22 21:25 B C:\Users\User\app\phreeze-master\libs\verysimple\Phreeze\KeyMap.php --> hpa.com.br /public_html/phreeze-master/libs/verysimple/Phreeze KeyMap.php
2015.11.22 21:25 B C:\Users\User\app\phreeze-master\libs\verysimple\Phreeze\MockRouter.php --> hpa.com.br /public_html/phreeze-master/libs/verysimple/Phreeze MockRouter.php
2015.11.22 21:25 B C:\Users\User\app\phreeze-master\libs\verysimple\Phreeze\NotFoundException.php --> hpa.com.br /public_html/phreeze-master/libs/verysimple/Phreeze NotFoundException.php
2015.11.22 21:25 B C:\Users\User\app\phreeze-master\libs\verysimple\Phreeze\Observable.php --> hpa.com.br /public_html/phreeze-master/libs/verysimple/Phreeze Observable.php
2015.11.22 21:25 B C:\Users\User\app\phreeze-master\libs\verysimple\Phreeze\ObserveToBrowser.php --> hpa.com.br /public_html/phreeze-master/libs/verysimple/Phreeze ObserveToBrowser.php
2015.11.22 21:25 B C:\Users\User\app\phreeze-master\libs\verysimple\Phreeze\ObserveToFile.php --> hpa.com.br /public_html/phreeze-master/libs/verysimple/Phreeze ObserveToFile.php
2015.11.22 21:25 B C:\Users\User\app\phreeze-master\libs\verysimple\Phreeze\ObserveToSmarty.php --> hpa.com.br /public_html/phreeze-master/libs/verysimple/Phreeze ObserveToSmarty.php
2015.11.22 21:25 B C:\Users\User\app\phreeze-master\libs\verysimple\Phreeze\PHPRenderEngine.php --> hpa.com.br /public_html/phreeze-master/libs/verysimple/Phreeze PHPRenderEngine.php
2015.11.22 21:25 B C:\Users\User\app\phreeze-master\libs\verysimple\Phreeze\Phreezable.php --> hpa.com.br /public_html/phreeze-master/libs/verysimple/Phreeze Phreezable.php
2015.11.22 21:25 B C:\Users\User\app\phreeze-master\libs\verysimple\Phreeze\Phreezer.php --> hpa.com.br /public_html/phreeze-master/libs/verysimple/Phreeze Phreezer.php
2015.11.22 21:25 B C:\Users\User\app\phreeze-master\libs\verysimple\Phreeze\QueryBuilder.php --> hpa.com.br /public_html/phreeze-master/libs/verysimple/Phreeze QueryBuilder.php
2015.11.22 21:25 B C:\Users\User\app\phreeze-master\libs\verysimple\Phreeze\Reporter.php --> hpa.com.br /public_html/phreeze-master/libs/verysimple/Phreeze Reporter.php
2015.11.22 21:25 B C:\Users\User\app\phreeze-master\libs\verysimple\Phreeze\SavantRenderEngine.php --> hpa.com.br /public_html/phreeze-master/libs/verysimple/Phreeze SavantRenderEngine.php
2015.11.22 21:25 B C:\Users\User\app\phreeze-master\libs\verysimple\Phreeze\SimpleRouter.php --> hpa.com.br /public_html/phreeze-master/libs/verysimple/Phreeze SimpleRouter.php
2015.11.22 21:25 B C:\Users\User\app\phreeze-master\libs\verysimple\Phreeze\SmartyRenderEngine.php --> hpa.com.br /public_html/phreeze-master/libs/verysimple/Phreeze SmartyRenderEngine.php
2015.11.22 21:25 B C:\Users\User\app\phreeze-master\libs\verysimple\Phreeze\TwigRenderEngine.php --> hpa.com.br /public_html/phreeze-master/libs/verysimple/Phreeze TwigRenderEngine.php
2015.11.22 21:25 B C:\Users\User\app\phreeze-master\libs\verysimple\Phreeze\ValidationResponse.php --> hpa.com.br /public_html/phreeze-master/libs/verysimple/Phreeze ValidationResponse.php
2015.11.27 16:13 B C:\Users\User\app\phreeze-master\libs\verysimple\Phreeze\ActionRouter.php --> hpa.com.br /phreeze-master/libs/verysimple/Phreeze ActionRouter.php
2015.11.27 16:14 B C:\Users\User\app\phreeze-master\libs\verysimple\Phreeze\AuthAccount.php --> hpa.com.br /phreeze-master/libs/verysimple/Phreeze AuthAccount.php
2015.11.27 16:14 B C:\Users\User\app\phreeze-master\libs\verysimple\Phreeze\BladeRenderEngine.php --> hpa.com.br /phreeze-master/libs/verysimple/Phreeze BladeRenderEngine.php
2015.11.27 16:14 B C:\Users\User\app\phreeze-master\libs\verysimple\Phreeze\CacheMemCache.php --> hpa.com.br /phreeze-master/libs/verysimple/Phreeze CacheMemCache.php
2015.11.27 16:14 B C:\Users\User\app\phreeze-master\libs\verysimple\Phreeze\CacheNoCache.php --> hpa.com.br /phreeze-master/libs/verysimple/Phreeze CacheNoCache.php
2015.11.27 16:14 B C:\Users\User\app\phreeze-master\libs\verysimple\Phreeze\CacheRam.php --> hpa.com.br /phreeze-master/libs/verysimple/Phreeze CacheRam.php
2015.11.27 16:14 B C:\Users\User\app\phreeze-master\libs\verysimple\Phreeze\ConnectionSetting.php --> hpa.com.br /phreeze-master/libs/verysimple/Phreeze ConnectionSetting.php
2015.11.27 16:14 B C:\Users\User\app\phreeze-master\libs\verysimple\Phreeze\Controller.php --> hpa.com.br /phreeze-master/libs/verysimple/Phreeze Controller.php
2015.11.27 16:14 B C:\Users\User\app\phreeze-master\libs\verysimple\Phreeze\Criteria.php --> hpa.com.br /phreeze-master/libs/verysimple/Phreeze Criteria.php
2015.11.27 16:14 B C:\Users\User\app\phreeze-master\libs\verysimple\Phreeze\CriteriaFilter.php --> hpa.com.br /phreeze-master/libs/verysimple/Phreeze CriteriaFilter.php
2015.11.27 16:14 B C:\Users\User\app\phreeze-master\libs\verysimple\Phreeze\DataAdapter.php --> hpa.com.br /phreeze-master/libs/verysimple/Phreeze DataAdapter.php
2015.11.27 16:14 B C:\Users\User\app\phreeze-master\libs\verysimple\Phreeze\DataPage.php --> hpa.com.br /phreeze-master/libs/verysimple/Phreeze DataPage.php
2015.11.27 16:14 B C:\Users\User\app\phreeze-master\libs\verysimple\Phreeze\DataSet.php --> hpa.com.br /phreeze-master/libs/verysimple/Phreeze DataSet.php
2015.11.27 16:14 B C:\Users\User\app\phreeze-master\libs\verysimple\Phreeze\Dispatcher.php --> hpa.com.br /phreeze-master/libs/verysimple/Phreeze Dispatcher.php
2015.11.27 16:14 B C:\Users\User\app\phreeze-master\libs\verysimple\Phreeze\ExportUtility.php --> hpa.com.br /phreeze-master/libs/verysimple/Phreeze ExportUtility.php
2015.11.27 16:14 B C:\Users\User\app\phreeze-master\libs\verysimple\Phreeze\FieldMap.php --> hpa.com.br /phreeze-master/libs/verysimple/Phreeze FieldMap.php
2015.11.27 16:14 B C:\Users\User\app\phreeze-master\libs\verysimple\Phreeze\GenericRouter.php --> hpa.com.br /phreeze-master/libs/verysimple/Phreeze GenericRouter.php
2015.11.27 16:14 B C:\Users\User\app\phreeze-master\libs\verysimple\Phreeze\ICache.php --> hpa.com.br /phreeze-master/libs/verysimple/Phreeze ICache.php
2015.11.27 16:14 B C:\Users\User\app\phreeze-master\libs\verysimple\Phreeze\IDaoMap.php --> hpa.com.br /phreeze-master/libs/verysimple/Phreeze IDaoMap.php
2015.11.27 16:14 B C:\Users\User\app\phreeze-master\libs\verysimple\Phreeze\IDaoMap2.php --> hpa.com.br /phreeze-master/libs/verysimple/Phreeze IDaoMap2.php
2015.11.27 16:14 B C:\Users\User\app\phreeze-master\libs\verysimple\Phreeze\IObservable.php --> hpa.com.br /phreeze-master/libs/verysimple/Phreeze IObservable.php
2015.11.27 16:14 B C:\Users\User\app\phreeze-master\libs\verysimple\Phreeze\IObserver.php --> hpa.com.br /phreeze-master/libs/verysimple/Phreeze IObserver.php
2015.11.27 16:14 B C:\Users\User\app\phreeze-master\libs\verysimple\Phreeze\IRenderEngine.php --> hpa.com.br /phreeze-master/libs/verysimple/Phreeze IRenderEngine.php
2015.11.27 16:14 B C:\Users\User\app\phreeze-master\libs\verysimple\Phreeze\IRouter.php --> hpa.com.br /phreeze-master/libs/verysimple/Phreeze IRouter.php
2015.11.27 16:14 B C:\Users\User\app\phreeze-master\libs\verysimple\Phreeze\KeyMap.php --> hpa.com.br /phreeze-master/libs/verysimple/Phreeze KeyMap.php
2015.11.27 16:14 B C:\Users\User\app\phreeze-master\libs\verysimple\Phreeze\MockRouter.php --> hpa.com.br /phreeze-master/libs/verysimple/Phreeze MockRouter.php
2015.11.27 16:14 B C:\Users\User\app\phreeze-master\libs\verysimple\Phreeze\NotFoundException.php --> hpa.com.br /phreeze-master/libs/verysimple/Phreeze NotFoundException.php
2015.11.27 16:14 B C:\Users\User\app\phreeze-master\libs\verysimple\Phreeze\Observable.php --> hpa.com.br /phreeze-master/libs/verysimple/Phreeze Observable.php
2015.11.27 16:14 B C:\Users\User\app\phreeze-master\libs\verysimple\Phreeze\ObserveToBrowser.php --> hpa.com.br /phreeze-master/libs/verysimple/Phreeze ObserveToBrowser.php
2015.11.27 16:14 B C:\Users\User\app\phreeze-master\libs\verysimple\Phreeze\ObserveToFile.php --> hpa.com.br /phreeze-master/libs/verysimple/Phreeze ObserveToFile.php
2015.11.27 16:14 B C:\Users\User\app\phreeze-master\libs\verysimple\Phreeze\ObserveToSmarty.php --> hpa.com.br /phreeze-master/libs/verysimple/Phreeze ObserveToSmarty.php
2015.11.27 16:14 B C:\Users\User\app\phreeze-master\libs\verysimple\Phreeze\PHPRenderEngine.php --> hpa.com.br /phreeze-master/libs/verysimple/Phreeze PHPRenderEngine.php
2015.11.27 16:14 B C:\Users\User\app\phreeze-master\libs\verysimple\Phreeze\Phreezable.php --> hpa.com.br /phreeze-master/libs/verysimple/Phreeze Phreezable.php
2015.11.27 16:14 B C:\Users\User\app\phreeze-master\libs\verysimple\Phreeze\Phreezer.php --> hpa.com.br /phreeze-master/libs/verysimple/Phreeze Phreezer.php
2015.11.27 16:14 B C:\Users\User\app\phreeze-master\libs\verysimple\Phreeze\QueryBuilder.php --> hpa.com.br /phreeze-master/libs/verysimple/Phreeze QueryBuilder.php
2015.11.27 16:14 B C:\Users\User\app\phreeze-master\libs\verysimple\Phreeze\Reporter.php --> hpa.com.br /phreeze-master/libs/verysimple/Phreeze Reporter.php
2015.11.27 16:14 B C:\Users\User\app\phreeze-master\libs\verysimple\Phreeze\SavantRenderEngine.php --> hpa.com.br /phreeze-master/libs/verysimple/Phreeze SavantRenderEngine.php
2015.11.27 16:14 B C:\Users\User\app\phreeze-master\libs\verysimple\Phreeze\SimpleRouter.php --> hpa.com.br /phreeze-master/libs/verysimple/Phreeze SimpleRouter.php
2015.11.27 16:14 B C:\Users\User\app\phreeze-master\libs\verysimple\Phreeze\SmartyRenderEngine.php --> hpa.com.br /phreeze-master/libs/verysimple/Phreeze SmartyRenderEngine.php
2015.11.27 16:14 B C:\Users\User\app\phreeze-master\libs\verysimple\Phreeze\TwigRenderEngine.php --> hpa.com.br /phreeze-master/libs/verysimple/Phreeze TwigRenderEngine.php
2015.11.27 16:14 B C:\Users\User\app\phreeze-master\libs\verysimple\Phreeze\ValidationResponse.php --> hpa.com.br /phreeze-master/libs/verysimple/Phreeze ValidationResponse.php
2015.11.27 16:14 B C:\Users\User\app\phreeze-master\libs\verysimple\Phreeze\WS_FTP.LOG --> hpa.com.br /phreeze-master/libs/verysimple/Phreeze WS_FTP.LOG
2015.11.28 22:26 B C:\Users\User\app\phreeze-master\libs\verysimple\Phreeze\ActionRouter.php --> hpa.com.br /public_html/questao_4_Api/libs/verysimple/Phreeze ActionRouter.php
2015.11.28 22:26 B C:\Users\User\app\phreeze-master\libs\verysimple\Phreeze\AuthAccount.php --> hpa.com.br /public_html/questao_4_Api/libs/verysimple/Phreeze AuthAccount.php
2015.11.28 22:26 B C:\Users\User\app\phreeze-master\libs\verysimple\Phreeze\BladeRenderEngine.php --> hpa.com.br /public_html/questao_4_Api/libs/verysimple/Phreeze BladeRenderEngine.php
2015.11.28 22:26 B C:\Users\User\app\phreeze-master\libs\verysimple\Phreeze\CacheMemCache.php --> hpa.com.br /public_html/questao_4_Api/libs/verysimple/Phreeze CacheMemCache.php
2015.11.28 22:26 B C:\Users\User\app\phreeze-master\libs\verysimple\Phreeze\CacheNoCache.php --> hpa.com.br /public_html/questao_4_Api/libs/verysimple/Phreeze CacheNoCache.php
2015.11.28 22:26 B C:\Users\User\app\phreeze-master\libs\verysimple\Phreeze\CacheRam.php --> hpa.com.br /public_html/questao_4_Api/libs/verysimple/Phreeze CacheRam.php
2015.11.28 22:26 B C:\Users\User\app\phreeze-master\libs\verysimple\Phreeze\ConnectionSetting.php --> hpa.com.br /public_html/questao_4_Api/libs/verysimple/Phreeze ConnectionSetting.php
2015.11.28 22:26 B C:\Users\User\app\phreeze-master\libs\verysimple\Phreeze\Controller.php --> hpa.com.br /public_html/questao_4_Api/libs/verysimple/Phreeze Controller.php
2015.11.28 22:26 B C:\Users\User\app\phreeze-master\libs\verysimple\Phreeze\Criteria.php --> hpa.com.br /public_html/questao_4_Api/libs/verysimple/Phreeze Criteria.php
2015.11.28 22:26 B C:\Users\User\app\phreeze-master\libs\verysimple\Phreeze\CriteriaFilter.php --> hpa.com.br /public_html/questao_4_Api/libs/verysimple/Phreeze CriteriaFilter.php
2015.11.28 22:26 B C:\Users\User\app\phreeze-master\libs\verysimple\Phreeze\DataAdapter.php --> hpa.com.br /public_html/questao_4_Api/libs/verysimple/Phreeze DataAdapter.php
2015.11.28 22:26 B C:\Users\User\app\phreeze-master\libs\verysimple\Phreeze\DataPage.php --> hpa.com.br /public_html/questao_4_Api/libs/verysimple/Phreeze DataPage.php
2015.11.28 22:26 B C:\Users\User\app\phreeze-master\libs\verysimple\Phreeze\DataSet.php --> hpa.com.br /public_html/questao_4_Api/libs/verysimple/Phreeze DataSet.php
2015.11.28 22:26 B C:\Users\User\app\phreeze-master\libs\verysimple\Phreeze\Dispatcher.php --> hpa.com.br /public_html/questao_4_Api/libs/verysimple/Phreeze Dispatcher.php
2015.11.28 22:26 B C:\Users\User\app\phreeze-master\libs\verysimple\Phreeze\ExportUtility.php --> hpa.com.br /public_html/questao_4_Api/libs/verysimple/Phreeze ExportUtility.php
2015.11.28 22:26 B C:\Users\User\app\phreeze-master\libs\verysimple\Phreeze\FieldMap.php --> hpa.com.br /public_html/questao_4_Api/libs/verysimple/Phreeze FieldMap.php
2015.11.28 22:26 B C:\Users\User\app\phreeze-master\libs\verysimple\Phreeze\GenericRouter.php --> hpa.com.br /public_html/questao_4_Api/libs/verysimple/Phreeze GenericRouter.php
2015.11.28 22:26 B C:\Users\User\app\phreeze-master\libs\verysimple\Phreeze\ICache.php --> hpa.com.br /public_html/questao_4_Api/libs/verysimple/Phreeze ICache.php
2015.11.28 22:26 B C:\Users\User\app\phreeze-master\libs\verysimple\Phreeze\IDaoMap.php --> hpa.com.br /public_html/questao_4_Api/libs/verysimple/Phreeze IDaoMap.php
2015.11.28 22:26 B C:\Users\User\app\phreeze-master\libs\verysimple\Phreeze\IDaoMap2.php --> hpa.com.br /public_html/questao_4_Api/libs/verysimple/Phreeze IDaoMap2.php
2015.11.28 22:26 B C:\Users\User\app\phreeze-master\libs\verysimple\Phreeze\IObservable.php --> hpa.com.br /public_html/questao_4_Api/libs/verysimple/Phreeze IObservable.php
2015.11.28 22:26 B C:\Users\User\app\phreeze-master\libs\verysimple\Phreeze\IObserver.php --> hpa.com.br /public_html/questao_4_Api/libs/verysimple/Phreeze IObserver.php
2015.11.28 22:26 B C:\Users\User\app\phreeze-master\libs\verysimple\Phreeze\IRenderEngine.php --> hpa.com.br /public_html/questao_4_Api/libs/verysimple/Phreeze IRenderEngine.php
2015.11.28 22:26 B C:\Users\User\app\phreeze-master\libs\verysimple\Phreeze\IRouter.php --> hpa.com.br /public_html/questao_4_Api/libs/verysimple/Phreeze IRouter.php
2015.11.28 22:26 B C:\Users\User\app\phreeze-master\libs\verysimple\Phreeze\KeyMap.php --> hpa.com.br /public_html/questao_4_Api/libs/verysimple/Phreeze KeyMap.php
2015.11.28 22:26 B C:\Users\User\app\phreeze-master\libs\verysimple\Phreeze\MockRouter.php --> hpa.com.br /public_html/questao_4_Api/libs/verysimple/Phreeze MockRouter.php
2015.11.28 22:26 B C:\Users\User\app\phreeze-master\libs\verysimple\Phreeze\NotFoundException.php --> hpa.com.br /public_html/questao_4_Api/libs/verysimple/Phreeze NotFoundException.php
2015.11.28 22:27 B C:\Users\User\app\phreeze-master\libs\verysimple\Phreeze\Observable.php --> hpa.com.br /public_html/questao_4_Api/libs/verysimple/Phreeze Observable.php
2015.11.28 22:27 B C:\Users\User\app\phreeze-master\libs\verysimple\Phreeze\ObserveToBrowser.php --> hpa.com.br /public_html/questao_4_Api/libs/verysimple/Phreeze ObserveToBrowser.php
2015.11.28 22:27 B C:\Users\User\app\phreeze-master\libs\verysimple\Phreeze\ObserveToFile.php --> hpa.com.br /public_html/questao_4_Api/libs/verysimple/Phreeze ObserveToFile.php
2015.11.28 22:27 B C:\Users\User\app\phreeze-master\libs\verysimple\Phreeze\ObserveToSmarty.php --> hpa.com.br /public_html/questao_4_Api/libs/verysimple/Phreeze ObserveToSmarty.php
2015.11.28 22:27 B C:\Users\User\app\phreeze-master\libs\verysimple\Phreeze\PHPRenderEngine.php --> hpa.com.br /public_html/questao_4_Api/libs/verysimple/Phreeze PHPRenderEngine.php
2015.11.28 22:27 B C:\Users\User\app\phreeze-master\libs\verysimple\Phreeze\Phreezable.php --> hpa.com.br /public_html/questao_4_Api/libs/verysimple/Phreeze Phreezable.php
2015.11.28 22:27 B C:\Users\User\app\phreeze-master\libs\verysimple\Phreeze\Phreezer.php --> hpa.com.br /public_html/questao_4_Api/libs/verysimple/Phreeze Phreezer.php
2015.11.28 22:27 B C:\Users\User\app\phreeze-master\libs\verysimple\Phreeze\QueryBuilder.php --> hpa.com.br /public_html/questao_4_Api/libs/verysimple/Phreeze QueryBuilder.php
2015.11.28 22:27 B C:\Users\User\app\phreeze-master\libs\verysimple\Phreeze\Reporter.php --> hpa.com.br /public_html/questao_4_Api/libs/verysimple/Phreeze Reporter.php
2015.11.28 22:27 B C:\Users\User\app\phreeze-master\libs\verysimple\Phreeze\SavantRenderEngine.php --> hpa.com.br /public_html/questao_4_Api/libs/verysimple/Phreeze SavantRenderEngine.php
2015.11.28 22:27 B C:\Users\User\app\phreeze-master\libs\verysimple\Phreeze\SimpleRouter.php --> hpa.com.br /public_html/questao_4_Api/libs/verysimple/Phreeze SimpleRouter.php
2015.11.28 22:27 B C:\Users\User\app\phreeze-master\libs\verysimple\Phreeze\SmartyRenderEngine.php --> hpa.com.br /public_html/questao_4_Api/libs/verysimple/Phreeze SmartyRenderEngine.php
2015.11.28 22:27 B C:\Users\User\app\phreeze-master\libs\verysimple\Phreeze\TwigRenderEngine.php --> hpa.com.br /public_html/questao_4_Api/libs/verysimple/Phreeze TwigRenderEngine.php
2015.11.28 22:27 B C:\Users\User\app\phreeze-master\libs\verysimple\Phreeze\ValidationResponse.php --> hpa.com.br /public_html/questao_4_Api/libs/verysimple/Phreeze ValidationResponse.php
2015.11.28 22:42 B C:\Users\User\Documents\GitHub\Teste-BDR\questao_4_Api\libs\verysimple\Phreeze\WS_FTP.LOG <-- hpa.com.br /public_html/questao_4_Api/libs/verysimple/Phreeze WS_FTP.LOG
