2015.11.22 21:23 B C:\Users\User\app\phreeze-master\libs\Twig\TokenParser\AutoEscape.php --> hpa.com.br /public_html/phreeze-master/libs/Twig/TokenParser AutoEscape.php
2015.11.22 21:23 B C:\Users\User\app\phreeze-master\libs\Twig\TokenParser\Block.php --> hpa.com.br /public_html/phreeze-master/libs/Twig/TokenParser Block.php
2015.11.22 21:23 B C:\Users\User\app\phreeze-master\libs\Twig\TokenParser\Do.php --> hpa.com.br /public_html/phreeze-master/libs/Twig/TokenParser Do.php
2015.11.22 21:23 B C:\Users\User\app\phreeze-master\libs\Twig\TokenParser\Embed.php --> hpa.com.br /public_html/phreeze-master/libs/Twig/TokenParser Embed.php
2015.11.22 21:23 B C:\Users\User\app\phreeze-master\libs\Twig\TokenParser\Extends.php --> hpa.com.br /public_html/phreeze-master/libs/Twig/TokenParser Extends.php
2015.11.22 21:23 B C:\Users\User\app\phreeze-master\libs\Twig\TokenParser\Filter.php --> hpa.com.br /public_html/phreeze-master/libs/Twig/TokenParser Filter.php
2015.11.22 21:23 B C:\Users\User\app\phreeze-master\libs\Twig\TokenParser\Flush.php --> hpa.com.br /public_html/phreeze-master/libs/Twig/TokenParser Flush.php
2015.11.22 21:23 B C:\Users\User\app\phreeze-master\libs\Twig\TokenParser\For.php --> hpa.com.br /public_html/phreeze-master/libs/Twig/TokenParser For.php
2015.11.22 21:23 B C:\Users\User\app\phreeze-master\libs\Twig\TokenParser\From.php --> hpa.com.br /public_html/phreeze-master/libs/Twig/TokenParser From.php
2015.11.22 21:23 B C:\Users\User\app\phreeze-master\libs\Twig\TokenParser\If.php --> hpa.com.br /public_html/phreeze-master/libs/Twig/TokenParser If.php
2015.11.22 21:23 B C:\Users\User\app\phreeze-master\libs\Twig\TokenParser\Import.php --> hpa.com.br /public_html/phreeze-master/libs/Twig/TokenParser Import.php
2015.11.22 21:23 B C:\Users\User\app\phreeze-master\libs\Twig\TokenParser\Include.php --> hpa.com.br /public_html/phreeze-master/libs/Twig/TokenParser Include.php
2015.11.22 21:23 B C:\Users\User\app\phreeze-master\libs\Twig\TokenParser\Macro.php --> hpa.com.br /public_html/phreeze-master/libs/Twig/TokenParser Macro.php
2015.11.22 21:23 B C:\Users\User\app\phreeze-master\libs\Twig\TokenParser\Sandbox.php --> hpa.com.br /public_html/phreeze-master/libs/Twig/TokenParser Sandbox.php
2015.11.22 21:23 B C:\Users\User\app\phreeze-master\libs\Twig\TokenParser\Set.php --> hpa.com.br /public_html/phreeze-master/libs/Twig/TokenParser Set.php
2015.11.22 21:23 B C:\Users\User\app\phreeze-master\libs\Twig\TokenParser\Spaceless.php --> hpa.com.br /public_html/phreeze-master/libs/Twig/TokenParser Spaceless.php
2015.11.22 21:23 B C:\Users\User\app\phreeze-master\libs\Twig\TokenParser\Use.php --> hpa.com.br /public_html/phreeze-master/libs/Twig/TokenParser Use.php
2015.11.27 16:11 B C:\Users\User\app\phreeze-master\libs\Twig\TokenParser\AutoEscape.php --> hpa.com.br /phreeze-master/libs/Twig/TokenParser AutoEscape.php
2015.11.27 16:11 B C:\Users\User\app\phreeze-master\libs\Twig\TokenParser\Block.php --> hpa.com.br /phreeze-master/libs/Twig/TokenParser Block.php
2015.11.27 16:11 B C:\Users\User\app\phreeze-master\libs\Twig\TokenParser\Do.php --> hpa.com.br /phreeze-master/libs/Twig/TokenParser Do.php
2015.11.27 16:11 B C:\Users\User\app\phreeze-master\libs\Twig\TokenParser\Embed.php --> hpa.com.br /phreeze-master/libs/Twig/TokenParser Embed.php
2015.11.27 16:11 B C:\Users\User\app\phreeze-master\libs\Twig\TokenParser\Extends.php --> hpa.com.br /phreeze-master/libs/Twig/TokenParser Extends.php
2015.11.27 16:11 B C:\Users\User\app\phreeze-master\libs\Twig\TokenParser\Filter.php --> hpa.com.br /phreeze-master/libs/Twig/TokenParser Filter.php
2015.11.27 16:11 B C:\Users\User\app\phreeze-master\libs\Twig\TokenParser\Flush.php --> hpa.com.br /phreeze-master/libs/Twig/TokenParser Flush.php
2015.11.27 16:11 B C:\Users\User\app\phreeze-master\libs\Twig\TokenParser\For.php --> hpa.com.br /phreeze-master/libs/Twig/TokenParser For.php
2015.11.27 16:11 B C:\Users\User\app\phreeze-master\libs\Twig\TokenParser\From.php --> hpa.com.br /phreeze-master/libs/Twig/TokenParser From.php
2015.11.27 16:11 B C:\Users\User\app\phreeze-master\libs\Twig\TokenParser\If.php --> hpa.com.br /phreeze-master/libs/Twig/TokenParser If.php
2015.11.27 16:11 B C:\Users\User\app\phreeze-master\libs\Twig\TokenParser\Import.php --> hpa.com.br /phreeze-master/libs/Twig/TokenParser Import.php
2015.11.27 16:11 B C:\Users\User\app\phreeze-master\libs\Twig\TokenParser\Include.php --> hpa.com.br /phreeze-master/libs/Twig/TokenParser Include.php
2015.11.27 16:11 B C:\Users\User\app\phreeze-master\libs\Twig\TokenParser\Macro.php --> hpa.com.br /phreeze-master/libs/Twig/TokenParser Macro.php
2015.11.27 16:11 B C:\Users\User\app\phreeze-master\libs\Twig\TokenParser\Sandbox.php --> hpa.com.br /phreeze-master/libs/Twig/TokenParser Sandbox.php
2015.11.27 16:11 B C:\Users\User\app\phreeze-master\libs\Twig\TokenParser\Set.php --> hpa.com.br /phreeze-master/libs/Twig/TokenParser Set.php
2015.11.27 16:11 B C:\Users\User\app\phreeze-master\libs\Twig\TokenParser\Spaceless.php --> hpa.com.br /phreeze-master/libs/Twig/TokenParser Spaceless.php
2015.11.27 16:11 B C:\Users\User\app\phreeze-master\libs\Twig\TokenParser\Use.php --> hpa.com.br /phreeze-master/libs/Twig/TokenParser Use.php
2015.11.27 16:11 B C:\Users\User\app\phreeze-master\libs\Twig\TokenParser\WS_FTP.LOG --> hpa.com.br /phreeze-master/libs/Twig/TokenParser WS_FTP.LOG
2015.11.28 22:33 B C:\Users\User\app\phreeze-master\libs\Twig\TokenParser\AutoEscape.php --> hpa.com.br /public_html/questao_4_Api/libs/Twig/TokenParser AutoEscape.php
2015.11.28 22:33 B C:\Users\User\app\phreeze-master\libs\Twig\TokenParser\Block.php --> hpa.com.br /public_html/questao_4_Api/libs/Twig/TokenParser Block.php
2015.11.28 22:34 B C:\Users\User\app\phreeze-master\libs\Twig\TokenParser\Do.php --> hpa.com.br /public_html/questao_4_Api/libs/Twig/TokenParser Do.php
2015.11.28 22:34 B C:\Users\User\app\phreeze-master\libs\Twig\TokenParser\Embed.php --> hpa.com.br /public_html/questao_4_Api/libs/Twig/TokenParser Embed.php
2015.11.28 22:34 B C:\Users\User\app\phreeze-master\libs\Twig\TokenParser\Extends.php --> hpa.com.br /public_html/questao_4_Api/libs/Twig/TokenParser Extends.php
2015.11.28 22:34 B C:\Users\User\app\phreeze-master\libs\Twig\TokenParser\Filter.php --> hpa.com.br /public_html/questao_4_Api/libs/Twig/TokenParser Filter.php
2015.11.28 22:34 B C:\Users\User\app\phreeze-master\libs\Twig\TokenParser\Flush.php --> hpa.com.br /public_html/questao_4_Api/libs/Twig/TokenParser Flush.php
2015.11.28 22:34 B C:\Users\User\app\phreeze-master\libs\Twig\TokenParser\For.php --> hpa.com.br /public_html/questao_4_Api/libs/Twig/TokenParser For.php
2015.11.28 22:34 B C:\Users\User\app\phreeze-master\libs\Twig\TokenParser\From.php --> hpa.com.br /public_html/questao_4_Api/libs/Twig/TokenParser From.php
2015.11.28 22:34 B C:\Users\User\app\phreeze-master\libs\Twig\TokenParser\If.php --> hpa.com.br /public_html/questao_4_Api/libs/Twig/TokenParser If.php
2015.11.28 22:34 B C:\Users\User\app\phreeze-master\libs\Twig\TokenParser\Import.php --> hpa.com.br /public_html/questao_4_Api/libs/Twig/TokenParser Import.php
2015.11.28 22:34 B C:\Users\User\app\phreeze-master\libs\Twig\TokenParser\Include.php --> hpa.com.br /public_html/questao_4_Api/libs/Twig/TokenParser Include.php
2015.11.28 22:34 B C:\Users\User\app\phreeze-master\libs\Twig\TokenParser\Macro.php --> hpa.com.br /public_html/questao_4_Api/libs/Twig/TokenParser Macro.php
2015.11.28 22:34 B C:\Users\User\app\phreeze-master\libs\Twig\TokenParser\Sandbox.php --> hpa.com.br /public_html/questao_4_Api/libs/Twig/TokenParser Sandbox.php
2015.11.28 22:34 B C:\Users\User\app\phreeze-master\libs\Twig\TokenParser\Set.php --> hpa.com.br /public_html/questao_4_Api/libs/Twig/TokenParser Set.php
2015.11.28 22:34 B C:\Users\User\app\phreeze-master\libs\Twig\TokenParser\Spaceless.php --> hpa.com.br /public_html/questao_4_Api/libs/Twig/TokenParser Spaceless.php
2015.11.28 22:34 B C:\Users\User\app\phreeze-master\libs\Twig\TokenParser\Use.php --> hpa.com.br /public_html/questao_4_Api/libs/Twig/TokenParser Use.php
2015.11.28 22:40 B C:\Users\User\Documents\GitHub\Teste-BDR\questao_4_Api\libs\Twig\TokenParser\WS_FTP.LOG <-- hpa.com.br /public_html/questao_4_Api/libs/Twig/TokenParser WS_FTP.LOG
