2015.11.22 21:21 B C:\Users\User\app\phreeze-master\libs\Twig\Node\Expression\Binary\Add.php --> hpa.com.br /public_html/phreeze-master/libs/Twig/Node/Expression/Binary Add.php
2015.11.22 21:21 B C:\Users\User\app\phreeze-master\libs\Twig\Node\Expression\Binary\And.php --> hpa.com.br /public_html/phreeze-master/libs/Twig/Node/Expression/Binary And.php
2015.11.22 21:21 B C:\Users\User\app\phreeze-master\libs\Twig\Node\Expression\Binary\BitwiseAnd.php --> hpa.com.br /public_html/phreeze-master/libs/Twig/Node/Expression/Binary BitwiseAnd.php
2015.11.22 21:21 B C:\Users\User\app\phreeze-master\libs\Twig\Node\Expression\Binary\BitwiseOr.php --> hpa.com.br /public_html/phreeze-master/libs/Twig/Node/Expression/Binary BitwiseOr.php
2015.11.22 21:21 B C:\Users\User\app\phreeze-master\libs\Twig\Node\Expression\Binary\BitwiseXor.php --> hpa.com.br /public_html/phreeze-master/libs/Twig/Node/Expression/Binary BitwiseXor.php
2015.11.22 21:21 B C:\Users\User\app\phreeze-master\libs\Twig\Node\Expression\Binary\Concat.php --> hpa.com.br /public_html/phreeze-master/libs/Twig/Node/Expression/Binary Concat.php
2015.11.22 21:21 B C:\Users\User\app\phreeze-master\libs\Twig\Node\Expression\Binary\Div.php --> hpa.com.br /public_html/phreeze-master/libs/Twig/Node/Expression/Binary Div.php
2015.11.22 21:21 B C:\Users\User\app\phreeze-master\libs\Twig\Node\Expression\Binary\EndsWith.php --> hpa.com.br /public_html/phreeze-master/libs/Twig/Node/Expression/Binary EndsWith.php
2015.11.22 21:21 B C:\Users\User\app\phreeze-master\libs\Twig\Node\Expression\Binary\Equal.php --> hpa.com.br /public_html/phreeze-master/libs/Twig/Node/Expression/Binary Equal.php
2015.11.22 21:21 B C:\Users\User\app\phreeze-master\libs\Twig\Node\Expression\Binary\FloorDiv.php --> hpa.com.br /public_html/phreeze-master/libs/Twig/Node/Expression/Binary FloorDiv.php
2015.11.22 21:21 B C:\Users\User\app\phreeze-master\libs\Twig\Node\Expression\Binary\Greater.php --> hpa.com.br /public_html/phreeze-master/libs/Twig/Node/Expression/Binary Greater.php
2015.11.22 21:21 B C:\Users\User\app\phreeze-master\libs\Twig\Node\Expression\Binary\GreaterEqual.php --> hpa.com.br /public_html/phreeze-master/libs/Twig/Node/Expression/Binary GreaterEqual.php
2015.11.22 21:21 B C:\Users\User\app\phreeze-master\libs\Twig\Node\Expression\Binary\In.php --> hpa.com.br /public_html/phreeze-master/libs/Twig/Node/Expression/Binary In.php
2015.11.22 21:22 B C:\Users\User\app\phreeze-master\libs\Twig\Node\Expression\Binary\Less.php --> hpa.com.br /public_html/phreeze-master/libs/Twig/Node/Expression/Binary Less.php
2015.11.22 21:22 B C:\Users\User\app\phreeze-master\libs\Twig\Node\Expression\Binary\LessEqual.php --> hpa.com.br /public_html/phreeze-master/libs/Twig/Node/Expression/Binary LessEqual.php
2015.11.22 21:22 B C:\Users\User\app\phreeze-master\libs\Twig\Node\Expression\Binary\Matches.php --> hpa.com.br /public_html/phreeze-master/libs/Twig/Node/Expression/Binary Matches.php
2015.11.22 21:22 B C:\Users\User\app\phreeze-master\libs\Twig\Node\Expression\Binary\Mod.php --> hpa.com.br /public_html/phreeze-master/libs/Twig/Node/Expression/Binary Mod.php
2015.11.22 21:22 B C:\Users\User\app\phreeze-master\libs\Twig\Node\Expression\Binary\Mul.php --> hpa.com.br /public_html/phreeze-master/libs/Twig/Node/Expression/Binary Mul.php
2015.11.22 21:22 B C:\Users\User\app\phreeze-master\libs\Twig\Node\Expression\Binary\NotEqual.php --> hpa.com.br /public_html/phreeze-master/libs/Twig/Node/Expression/Binary NotEqual.php
2015.11.22 21:22 B C:\Users\User\app\phreeze-master\libs\Twig\Node\Expression\Binary\NotIn.php --> hpa.com.br /public_html/phreeze-master/libs/Twig/Node/Expression/Binary NotIn.php
2015.11.22 21:22 B C:\Users\User\app\phreeze-master\libs\Twig\Node\Expression\Binary\Or.php --> hpa.com.br /public_html/phreeze-master/libs/Twig/Node/Expression/Binary Or.php
2015.11.22 21:22 B C:\Users\User\app\phreeze-master\libs\Twig\Node\Expression\Binary\Power.php --> hpa.com.br /public_html/phreeze-master/libs/Twig/Node/Expression/Binary Power.php
2015.11.22 21:22 B C:\Users\User\app\phreeze-master\libs\Twig\Node\Expression\Binary\Range.php --> hpa.com.br /public_html/phreeze-master/libs/Twig/Node/Expression/Binary Range.php
2015.11.22 21:22 B C:\Users\User\app\phreeze-master\libs\Twig\Node\Expression\Binary\StartsWith.php --> hpa.com.br /public_html/phreeze-master/libs/Twig/Node/Expression/Binary StartsWith.php
2015.11.22 21:22 B C:\Users\User\app\phreeze-master\libs\Twig\Node\Expression\Binary\Sub.php --> hpa.com.br /public_html/phreeze-master/libs/Twig/Node/Expression/Binary Sub.php
2015.11.27 16:10 B C:\Users\User\app\phreeze-master\libs\Twig\Node\Expression\Binary\Add.php --> hpa.com.br /phreeze-master/libs/Twig/Node/Expression/Binary Add.php
2015.11.27 16:10 B C:\Users\User\app\phreeze-master\libs\Twig\Node\Expression\Binary\And.php --> hpa.com.br /phreeze-master/libs/Twig/Node/Expression/Binary And.php
2015.11.27 16:10 B C:\Users\User\app\phreeze-master\libs\Twig\Node\Expression\Binary\BitwiseAnd.php --> hpa.com.br /phreeze-master/libs/Twig/Node/Expression/Binary BitwiseAnd.php
2015.11.27 16:10 B C:\Users\User\app\phreeze-master\libs\Twig\Node\Expression\Binary\BitwiseOr.php --> hpa.com.br /phreeze-master/libs/Twig/Node/Expression/Binary BitwiseOr.php
2015.11.27 16:10 B C:\Users\User\app\phreeze-master\libs\Twig\Node\Expression\Binary\BitwiseXor.php --> hpa.com.br /phreeze-master/libs/Twig/Node/Expression/Binary BitwiseXor.php
2015.11.27 16:10 B C:\Users\User\app\phreeze-master\libs\Twig\Node\Expression\Binary\Concat.php --> hpa.com.br /phreeze-master/libs/Twig/Node/Expression/Binary Concat.php
2015.11.27 16:10 B C:\Users\User\app\phreeze-master\libs\Twig\Node\Expression\Binary\Div.php --> hpa.com.br /phreeze-master/libs/Twig/Node/Expression/Binary Div.php
2015.11.27 16:10 B C:\Users\User\app\phreeze-master\libs\Twig\Node\Expression\Binary\EndsWith.php --> hpa.com.br /phreeze-master/libs/Twig/Node/Expression/Binary EndsWith.php
2015.11.27 16:10 B C:\Users\User\app\phreeze-master\libs\Twig\Node\Expression\Binary\Equal.php --> hpa.com.br /phreeze-master/libs/Twig/Node/Expression/Binary Equal.php
2015.11.27 16:10 B C:\Users\User\app\phreeze-master\libs\Twig\Node\Expression\Binary\FloorDiv.php --> hpa.com.br /phreeze-master/libs/Twig/Node/Expression/Binary FloorDiv.php
2015.11.27 16:10 B C:\Users\User\app\phreeze-master\libs\Twig\Node\Expression\Binary\Greater.php --> hpa.com.br /phreeze-master/libs/Twig/Node/Expression/Binary Greater.php
2015.11.27 16:10 B C:\Users\User\app\phreeze-master\libs\Twig\Node\Expression\Binary\GreaterEqual.php --> hpa.com.br /phreeze-master/libs/Twig/Node/Expression/Binary GreaterEqual.php
2015.11.27 16:10 B C:\Users\User\app\phreeze-master\libs\Twig\Node\Expression\Binary\In.php --> hpa.com.br /phreeze-master/libs/Twig/Node/Expression/Binary In.php
2015.11.27 16:10 B C:\Users\User\app\phreeze-master\libs\Twig\Node\Expression\Binary\Less.php --> hpa.com.br /phreeze-master/libs/Twig/Node/Expression/Binary Less.php
2015.11.27 16:10 B C:\Users\User\app\phreeze-master\libs\Twig\Node\Expression\Binary\LessEqual.php --> hpa.com.br /phreeze-master/libs/Twig/Node/Expression/Binary LessEqual.php
2015.11.27 16:10 B C:\Users\User\app\phreeze-master\libs\Twig\Node\Expression\Binary\Matches.php --> hpa.com.br /phreeze-master/libs/Twig/Node/Expression/Binary Matches.php
2015.11.27 16:10 B C:\Users\User\app\phreeze-master\libs\Twig\Node\Expression\Binary\Mod.php --> hpa.com.br /phreeze-master/libs/Twig/Node/Expression/Binary Mod.php
2015.11.27 16:10 B C:\Users\User\app\phreeze-master\libs\Twig\Node\Expression\Binary\Mul.php --> hpa.com.br /phreeze-master/libs/Twig/Node/Expression/Binary Mul.php
2015.11.27 16:10 B C:\Users\User\app\phreeze-master\libs\Twig\Node\Expression\Binary\NotEqual.php --> hpa.com.br /phreeze-master/libs/Twig/Node/Expression/Binary NotEqual.php
2015.11.27 16:10 B C:\Users\User\app\phreeze-master\libs\Twig\Node\Expression\Binary\NotIn.php --> hpa.com.br /phreeze-master/libs/Twig/Node/Expression/Binary NotIn.php
2015.11.27 16:10 B C:\Users\User\app\phreeze-master\libs\Twig\Node\Expression\Binary\Or.php --> hpa.com.br /phreeze-master/libs/Twig/Node/Expression/Binary Or.php
2015.11.27 16:10 B C:\Users\User\app\phreeze-master\libs\Twig\Node\Expression\Binary\Power.php --> hpa.com.br /phreeze-master/libs/Twig/Node/Expression/Binary Power.php
2015.11.27 16:10 B C:\Users\User\app\phreeze-master\libs\Twig\Node\Expression\Binary\Range.php --> hpa.com.br /phreeze-master/libs/Twig/Node/Expression/Binary Range.php
2015.11.27 16:10 B C:\Users\User\app\phreeze-master\libs\Twig\Node\Expression\Binary\StartsWith.php --> hpa.com.br /phreeze-master/libs/Twig/Node/Expression/Binary StartsWith.php
2015.11.27 16:10 B C:\Users\User\app\phreeze-master\libs\Twig\Node\Expression\Binary\Sub.php --> hpa.com.br /phreeze-master/libs/Twig/Node/Expression/Binary Sub.php
2015.11.27 16:10 B C:\Users\User\app\phreeze-master\libs\Twig\Node\Expression\Binary\WS_FTP.LOG --> hpa.com.br /phreeze-master/libs/Twig/Node/Expression/Binary WS_FTP.LOG
2015.11.28 22:32 B C:\Users\User\app\phreeze-master\libs\Twig\Node\Expression\Binary\Add.php --> hpa.com.br /public_html/questao_4_Api/libs/Twig/Node/Expression/Binary Add.php
2015.11.28 22:32 B C:\Users\User\app\phreeze-master\libs\Twig\Node\Expression\Binary\And.php --> hpa.com.br /public_html/questao_4_Api/libs/Twig/Node/Expression/Binary And.php
2015.11.28 22:32 B C:\Users\User\app\phreeze-master\libs\Twig\Node\Expression\Binary\BitwiseAnd.php --> hpa.com.br /public_html/questao_4_Api/libs/Twig/Node/Expression/Binary BitwiseAnd.php
2015.11.28 22:32 B C:\Users\User\app\phreeze-master\libs\Twig\Node\Expression\Binary\BitwiseOr.php --> hpa.com.br /public_html/questao_4_Api/libs/Twig/Node/Expression/Binary BitwiseOr.php
2015.11.28 22:32 B C:\Users\User\app\phreeze-master\libs\Twig\Node\Expression\Binary\BitwiseXor.php --> hpa.com.br /public_html/questao_4_Api/libs/Twig/Node/Expression/Binary BitwiseXor.php
2015.11.28 22:32 B C:\Users\User\app\phreeze-master\libs\Twig\Node\Expression\Binary\Concat.php --> hpa.com.br /public_html/questao_4_Api/libs/Twig/Node/Expression/Binary Concat.php
2015.11.28 22:32 B C:\Users\User\app\phreeze-master\libs\Twig\Node\Expression\Binary\Div.php --> hpa.com.br /public_html/questao_4_Api/libs/Twig/Node/Expression/Binary Div.php
2015.11.28 22:32 B C:\Users\User\app\phreeze-master\libs\Twig\Node\Expression\Binary\EndsWith.php --> hpa.com.br /public_html/questao_4_Api/libs/Twig/Node/Expression/Binary EndsWith.php
2015.11.28 22:32 B C:\Users\User\app\phreeze-master\libs\Twig\Node\Expression\Binary\Equal.php --> hpa.com.br /public_html/questao_4_Api/libs/Twig/Node/Expression/Binary Equal.php
2015.11.28 22:32 B C:\Users\User\app\phreeze-master\libs\Twig\Node\Expression\Binary\FloorDiv.php --> hpa.com.br /public_html/questao_4_Api/libs/Twig/Node/Expression/Binary FloorDiv.php
2015.11.28 22:32 B C:\Users\User\app\phreeze-master\libs\Twig\Node\Expression\Binary\Greater.php --> hpa.com.br /public_html/questao_4_Api/libs/Twig/Node/Expression/Binary Greater.php
2015.11.28 22:32 B C:\Users\User\app\phreeze-master\libs\Twig\Node\Expression\Binary\GreaterEqual.php --> hpa.com.br /public_html/questao_4_Api/libs/Twig/Node/Expression/Binary GreaterEqual.php
2015.11.28 22:32 B C:\Users\User\app\phreeze-master\libs\Twig\Node\Expression\Binary\In.php --> hpa.com.br /public_html/questao_4_Api/libs/Twig/Node/Expression/Binary In.php
2015.11.28 22:32 B C:\Users\User\app\phreeze-master\libs\Twig\Node\Expression\Binary\Less.php --> hpa.com.br /public_html/questao_4_Api/libs/Twig/Node/Expression/Binary Less.php
2015.11.28 22:32 B C:\Users\User\app\phreeze-master\libs\Twig\Node\Expression\Binary\LessEqual.php --> hpa.com.br /public_html/questao_4_Api/libs/Twig/Node/Expression/Binary LessEqual.php
2015.11.28 22:32 B C:\Users\User\app\phreeze-master\libs\Twig\Node\Expression\Binary\Matches.php --> hpa.com.br /public_html/questao_4_Api/libs/Twig/Node/Expression/Binary Matches.php
2015.11.28 22:32 B C:\Users\User\app\phreeze-master\libs\Twig\Node\Expression\Binary\Mod.php --> hpa.com.br /public_html/questao_4_Api/libs/Twig/Node/Expression/Binary Mod.php
2015.11.28 22:32 B C:\Users\User\app\phreeze-master\libs\Twig\Node\Expression\Binary\Mul.php --> hpa.com.br /public_html/questao_4_Api/libs/Twig/Node/Expression/Binary Mul.php
2015.11.28 22:32 B C:\Users\User\app\phreeze-master\libs\Twig\Node\Expression\Binary\NotEqual.php --> hpa.com.br /public_html/questao_4_Api/libs/Twig/Node/Expression/Binary NotEqual.php
2015.11.28 22:32 B C:\Users\User\app\phreeze-master\libs\Twig\Node\Expression\Binary\NotIn.php --> hpa.com.br /public_html/questao_4_Api/libs/Twig/Node/Expression/Binary NotIn.php
2015.11.28 22:32 B C:\Users\User\app\phreeze-master\libs\Twig\Node\Expression\Binary\Or.php --> hpa.com.br /public_html/questao_4_Api/libs/Twig/Node/Expression/Binary Or.php
2015.11.28 22:32 B C:\Users\User\app\phreeze-master\libs\Twig\Node\Expression\Binary\Power.php --> hpa.com.br /public_html/questao_4_Api/libs/Twig/Node/Expression/Binary Power.php
2015.11.28 22:32 B C:\Users\User\app\phreeze-master\libs\Twig\Node\Expression\Binary\Range.php --> hpa.com.br /public_html/questao_4_Api/libs/Twig/Node/Expression/Binary Range.php
2015.11.28 22:32 B C:\Users\User\app\phreeze-master\libs\Twig\Node\Expression\Binary\StartsWith.php --> hpa.com.br /public_html/questao_4_Api/libs/Twig/Node/Expression/Binary StartsWith.php
2015.11.28 22:32 B C:\Users\User\app\phreeze-master\libs\Twig\Node\Expression\Binary\Sub.php --> hpa.com.br /public_html/questao_4_Api/libs/Twig/Node/Expression/Binary Sub.php
2015.11.28 22:39 B C:\Users\User\Documents\GitHub\Teste-BDR\questao_4_Api\libs\Twig\Node\Expression\Binary\WS_FTP.LOG <-- hpa.com.br /public_html/questao_4_Api/libs/Twig/Node/Expression/Binary WS_FTP.LOG
