2015.11.22 21:26 B C:\Users\User\app\phreeze-master\libs\verysimple\Util\ExceptionFormatter.php --> hpa.com.br /public_html/phreeze-master/libs/verysimple/Util ExceptionFormatter.php
2015.11.22 21:26 B C:\Users\User\app\phreeze-master\libs\verysimple\Util\ExceptionThrower.php --> hpa.com.br /public_html/phreeze-master/libs/verysimple/Util ExceptionThrower.php
2015.11.22 21:26 B C:\Users\User\app\phreeze-master\libs\verysimple\Util\MemCacheProxy.php --> hpa.com.br /public_html/phreeze-master/libs/verysimple/Util MemCacheProxy.php
2015.11.22 21:26 B C:\Users\User\app\phreeze-master\libs\verysimple\Util\TextImageWriter.php --> hpa.com.br /public_html/phreeze-master/libs/verysimple/Util TextImageWriter.php
2015.11.22 21:26 B C:\Users\User\app\phreeze-master\libs\verysimple\Util\UrlWriterMode.php --> hpa.com.br /public_html/phreeze-master/libs/verysimple/Util UrlWriterMode.php
2015.11.22 21:26 B C:\Users\User\app\phreeze-master\libs\verysimple\Util\VsDateUtil.php --> hpa.com.br /public_html/phreeze-master/libs/verysimple/Util VsDateUtil.php
2015.11.27 16:14 B C:\Users\User\app\phreeze-master\libs\verysimple\Util\ExceptionFormatter.php --> hpa.com.br /phreeze-master/libs/verysimple/Util ExceptionFormatter.php
2015.11.27 16:14 B C:\Users\User\app\phreeze-master\libs\verysimple\Util\ExceptionThrower.php --> hpa.com.br /phreeze-master/libs/verysimple/Util ExceptionThrower.php
2015.11.27 16:14 B C:\Users\User\app\phreeze-master\libs\verysimple\Util\MemCacheProxy.php --> hpa.com.br /phreeze-master/libs/verysimple/Util MemCacheProxy.php
2015.11.27 16:15 B C:\Users\User\app\phreeze-master\libs\verysimple\Util\TextImageWriter.php --> hpa.com.br /phreeze-master/libs/verysimple/Util TextImageWriter.php
2015.11.27 16:15 B C:\Users\User\app\phreeze-master\libs\verysimple\Util\UrlWriterMode.php --> hpa.com.br /phreeze-master/libs/verysimple/Util UrlWriterMode.php
2015.11.27 16:15 B C:\Users\User\app\phreeze-master\libs\verysimple\Util\VsDateUtil.php --> hpa.com.br /phreeze-master/libs/verysimple/Util VsDateUtil.php
2015.11.27 16:15 B C:\Users\User\app\phreeze-master\libs\verysimple\Util\WS_FTP.LOG --> hpa.com.br /phreeze-master/libs/verysimple/Util WS_FTP.LOG
2015.11.28 22:27 B C:\Users\User\app\phreeze-master\libs\verysimple\Util\ExceptionFormatter.php --> hpa.com.br /public_html/questao_4_Api/libs/verysimple/Util ExceptionFormatter.php
2015.11.28 22:27 B C:\Users\User\app\phreeze-master\libs\verysimple\Util\ExceptionThrower.php --> hpa.com.br /public_html/questao_4_Api/libs/verysimple/Util ExceptionThrower.php
2015.11.28 22:27 B C:\Users\User\app\phreeze-master\libs\verysimple\Util\MemCacheProxy.php --> hpa.com.br /public_html/questao_4_Api/libs/verysimple/Util MemCacheProxy.php
2015.11.28 22:27 B C:\Users\User\app\phreeze-master\libs\verysimple\Util\TextImageWriter.php --> hpa.com.br /public_html/questao_4_Api/libs/verysimple/Util TextImageWriter.php
2015.11.28 22:27 B C:\Users\User\app\phreeze-master\libs\verysimple\Util\UrlWriterMode.php --> hpa.com.br /public_html/questao_4_Api/libs/verysimple/Util UrlWriterMode.php
2015.11.28 22:27 B C:\Users\User\app\phreeze-master\libs\verysimple\Util\VsDateUtil.php --> hpa.com.br /public_html/questao_4_Api/libs/verysimple/Util VsDateUtil.php
2015.11.28 22:42 B C:\Users\User\Documents\GitHub\Teste-BDR\questao_4_Api\libs\verysimple\Util\WS_FTP.LOG <-- hpa.com.br /public_html/questao_4_Api/libs/verysimple/Util WS_FTP.LOG
