2015.11.22 21:19 B C:\Users\User\app\phreeze-master\libs\smarty\plugins\block.textformat.php --> hpa.com.br /public_html/phreeze-master/libs/smarty/plugins block.textformat.php
2015.11.22 21:19 B C:\Users\User\app\phreeze-master\libs\smarty\plugins\function.counter.php --> hpa.com.br /public_html/phreeze-master/libs/smarty/plugins function.counter.php
2015.11.22 21:19 B C:\Users\User\app\phreeze-master\libs\smarty\plugins\function.curl.php --> hpa.com.br /public_html/phreeze-master/libs/smarty/plugins function.curl.php
2015.11.22 21:19 B C:\Users\User\app\phreeze-master\libs\smarty\plugins\function.cycle.php --> hpa.com.br /public_html/phreeze-master/libs/smarty/plugins function.cycle.php
2015.11.22 21:19 B C:\Users\User\app\phreeze-master\libs\smarty\plugins\function.datagrid.php --> hpa.com.br /public_html/phreeze-master/libs/smarty/plugins function.datagrid.php
2015.11.22 21:19 B C:\Users\User\app\phreeze-master\libs\smarty\plugins\function.datagridpager.php --> hpa.com.br /public_html/phreeze-master/libs/smarty/plugins function.datagridpager.php
2015.11.22 21:19 B C:\Users\User\app\phreeze-master\libs\smarty\plugins\function.fetch.php --> hpa.com.br /public_html/phreeze-master/libs/smarty/plugins function.fetch.php
2015.11.22 21:19 B C:\Users\User\app\phreeze-master\libs\smarty\plugins\function.html_checkboxes.php --> hpa.com.br /public_html/phreeze-master/libs/smarty/plugins function.html_checkboxes.php
2015.11.22 21:19 B C:\Users\User\app\phreeze-master\libs\smarty\plugins\function.html_dynamic_options.php --> hpa.com.br /public_html/phreeze-master/libs/smarty/plugins function.html_dynamic_options.php
2015.11.22 21:19 B C:\Users\User\app\phreeze-master\libs\smarty\plugins\function.html_image.php --> hpa.com.br /public_html/phreeze-master/libs/smarty/plugins function.html_image.php
2015.11.22 21:19 B C:\Users\User\app\phreeze-master\libs\smarty\plugins\function.html_options.php --> hpa.com.br /public_html/phreeze-master/libs/smarty/plugins function.html_options.php
2015.11.22 21:19 B C:\Users\User\app\phreeze-master\libs\smarty\plugins\function.html_radios.php --> hpa.com.br /public_html/phreeze-master/libs/smarty/plugins function.html_radios.php
2015.11.22 21:19 B C:\Users\User\app\phreeze-master\libs\smarty\plugins\function.html_select_date.php --> hpa.com.br /public_html/phreeze-master/libs/smarty/plugins function.html_select_date.php
2015.11.22 21:19 B C:\Users\User\app\phreeze-master\libs\smarty\plugins\function.html_select_time.php --> hpa.com.br /public_html/phreeze-master/libs/smarty/plugins function.html_select_time.php
2015.11.22 21:19 B C:\Users\User\app\phreeze-master\libs\smarty\plugins\function.html_table.php --> hpa.com.br /public_html/phreeze-master/libs/smarty/plugins function.html_table.php
2015.11.22 21:19 B C:\Users\User\app\phreeze-master\libs\smarty\plugins\function.html_yesno.php --> hpa.com.br /public_html/phreeze-master/libs/smarty/plugins function.html_yesno.php
2015.11.22 21:19 B C:\Users\User\app\phreeze-master\libs\smarty\plugins\function.mailto.php --> hpa.com.br /public_html/phreeze-master/libs/smarty/plugins function.mailto.php
2015.11.22 21:19 B C:\Users\User\app\phreeze-master\libs\smarty\plugins\function.math.php --> hpa.com.br /public_html/phreeze-master/libs/smarty/plugins function.math.php
2015.11.22 21:19 B C:\Users\User\app\phreeze-master\libs\smarty\plugins\function.pear_calendar.php --> hpa.com.br /public_html/phreeze-master/libs/smarty/plugins function.pear_calendar.php
2015.11.22 21:19 B C:\Users\User\app\phreeze-master\libs\smarty\plugins\function.popup.php --> hpa.com.br /public_html/phreeze-master/libs/smarty/plugins function.popup.php
2015.11.22 21:19 B C:\Users\User\app\phreeze-master\libs\smarty\plugins\function.popup_init.php --> hpa.com.br /public_html/phreeze-master/libs/smarty/plugins function.popup_init.php
2015.11.22 21:19 B C:\Users\User\app\phreeze-master\libs\smarty\plugins\function.rss.php --> hpa.com.br /public_html/phreeze-master/libs/smarty/plugins function.rss.php
2015.11.22 21:19 B C:\Users\User\app\phreeze-master\libs\smarty\plugins\function.sr_property.php --> hpa.com.br /public_html/phreeze-master/libs/smarty/plugins function.sr_property.php
2015.11.22 21:19 B C:\Users\User\app\phreeze-master\libs\smarty\plugins\function.ternary.php --> hpa.com.br /public_html/phreeze-master/libs/smarty/plugins function.ternary.php
2015.11.22 21:19 B C:\Users\User\app\phreeze-master\libs\smarty\plugins\function.thumb.php --> hpa.com.br /public_html/phreeze-master/libs/smarty/plugins function.thumb.php
2015.11.22 21:19 B C:\Users\User\app\phreeze-master\libs\smarty\plugins\function.weather.php --> hpa.com.br /public_html/phreeze-master/libs/smarty/plugins function.weather.php
2015.11.22 21:19 B C:\Users\User\app\phreeze-master\libs\smarty\plugins\modifier.camelcase.php --> hpa.com.br /public_html/phreeze-master/libs/smarty/plugins modifier.camelcase.php
2015.11.22 21:19 B C:\Users\User\app\phreeze-master\libs\smarty\plugins\modifier.camelcase2space.php --> hpa.com.br /public_html/phreeze-master/libs/smarty/plugins modifier.camelcase2space.php
2015.11.22 21:19 B C:\Users\User\app\phreeze-master\libs\smarty\plugins\modifier.capitalize.php --> hpa.com.br /public_html/phreeze-master/libs/smarty/plugins modifier.capitalize.php
2015.11.22 21:19 B C:\Users\User\app\phreeze-master\libs\smarty\plugins\modifier.date_format.php --> hpa.com.br /public_html/phreeze-master/libs/smarty/plugins modifier.date_format.php
2015.11.22 21:19 B C:\Users\User\app\phreeze-master\libs\smarty\plugins\modifier.debug_print_var.php --> hpa.com.br /public_html/phreeze-master/libs/smarty/plugins modifier.debug_print_var.php
2015.11.22 21:19 B C:\Users\User\app\phreeze-master\libs\smarty\plugins\modifier.escape.php --> hpa.com.br /public_html/phreeze-master/libs/smarty/plugins modifier.escape.php
2015.11.22 21:19 B C:\Users\User\app\phreeze-master\libs\smarty\plugins\modifier.lcfirst.php --> hpa.com.br /public_html/phreeze-master/libs/smarty/plugins modifier.lcfirst.php
2015.11.22 21:19 B C:\Users\User\app\phreeze-master\libs\smarty\plugins\modifier.money_format.php --> hpa.com.br /public_html/phreeze-master/libs/smarty/plugins modifier.money_format.php
2015.11.22 21:19 B C:\Users\User\app\phreeze-master\libs\smarty\plugins\modifier.nl2br.php --> hpa.com.br /public_html/phreeze-master/libs/smarty/plugins modifier.nl2br.php
2015.11.22 21:19 B C:\Users\User\app\phreeze-master\libs\smarty\plugins\modifier.plural.php --> hpa.com.br /public_html/phreeze-master/libs/smarty/plugins modifier.plural.php
2015.11.22 21:19 B C:\Users\User\app\phreeze-master\libs\smarty\plugins\modifier.regex_replace.php --> hpa.com.br /public_html/phreeze-master/libs/smarty/plugins modifier.regex_replace.php
2015.11.22 21:19 B C:\Users\User\app\phreeze-master\libs\smarty\plugins\modifier.replace.php --> hpa.com.br /public_html/phreeze-master/libs/smarty/plugins modifier.replace.php
2015.11.22 21:19 B C:\Users\User\app\phreeze-master\libs\smarty\plugins\modifier.safe_array.php --> hpa.com.br /public_html/phreeze-master/libs/smarty/plugins modifier.safe_array.php
2015.11.22 21:19 B C:\Users\User\app\phreeze-master\libs\smarty\plugins\modifier.spacify.php --> hpa.com.br /public_html/phreeze-master/libs/smarty/plugins modifier.spacify.php
2015.11.22 21:19 B C:\Users\User\app\phreeze-master\libs\smarty\plugins\modifier.sr_get_children.php --> hpa.com.br /public_html/phreeze-master/libs/smarty/plugins modifier.sr_get_children.php
2015.11.22 21:19 B C:\Users\User\app\phreeze-master\libs\smarty\plugins\modifier.sr_get_page.php --> hpa.com.br /public_html/phreeze-master/libs/smarty/plugins modifier.sr_get_page.php
2015.11.22 21:19 B C:\Users\User\app\phreeze-master\libs\smarty\plugins\modifier.sr_get_property.php --> hpa.com.br /public_html/phreeze-master/libs/smarty/plugins modifier.sr_get_property.php
2015.11.22 21:19 B C:\Users\User\app\phreeze-master\libs\smarty\plugins\modifier.strpos.php --> hpa.com.br /public_html/phreeze-master/libs/smarty/plugins modifier.strpos.php
2015.11.22 21:19 B C:\Users\User\app\phreeze-master\libs\smarty\plugins\modifier.studlycaps.php --> hpa.com.br /public_html/phreeze-master/libs/smarty/plugins modifier.studlycaps.php
2015.11.22 21:19 B C:\Users\User\app\phreeze-master\libs\smarty\plugins\modifier.to_html.php --> hpa.com.br /public_html/phreeze-master/libs/smarty/plugins modifier.to_html.php
2015.11.22 21:19 B C:\Users\User\app\phreeze-master\libs\smarty\plugins\modifier.truncate.php --> hpa.com.br /public_html/phreeze-master/libs/smarty/plugins modifier.truncate.php
2015.11.22 21:19 B C:\Users\User\app\phreeze-master\libs\smarty\plugins\modifier.underscore2space.php --> hpa.com.br /public_html/phreeze-master/libs/smarty/plugins modifier.underscore2space.php
2015.11.22 21:19 B C:\Users\User\app\phreeze-master\libs\smarty\plugins\modifiercompiler.cat.php --> hpa.com.br /public_html/phreeze-master/libs/smarty/plugins modifiercompiler.cat.php
2015.11.22 21:19 B C:\Users\User\app\phreeze-master\libs\smarty\plugins\modifiercompiler.count_characters.php --> hpa.com.br /public_html/phreeze-master/libs/smarty/plugins modifiercompiler.count_characters.php
2015.11.22 21:19 B C:\Users\User\app\phreeze-master\libs\smarty\plugins\modifiercompiler.count_paragraphs.php --> hpa.com.br /public_html/phreeze-master/libs/smarty/plugins modifiercompiler.count_paragraphs.php
2015.11.22 21:19 B C:\Users\User\app\phreeze-master\libs\smarty\plugins\modifiercompiler.count_sentences.php --> hpa.com.br /public_html/phreeze-master/libs/smarty/plugins modifiercompiler.count_sentences.php
2015.11.22 21:19 B C:\Users\User\app\phreeze-master\libs\smarty\plugins\modifiercompiler.count_words.php --> hpa.com.br /public_html/phreeze-master/libs/smarty/plugins modifiercompiler.count_words.php
2015.11.22 21:19 B C:\Users\User\app\phreeze-master\libs\smarty\plugins\modifiercompiler.default.php --> hpa.com.br /public_html/phreeze-master/libs/smarty/plugins modifiercompiler.default.php
2015.11.22 21:19 B C:\Users\User\app\phreeze-master\libs\smarty\plugins\modifiercompiler.escape.php --> hpa.com.br /public_html/phreeze-master/libs/smarty/plugins modifiercompiler.escape.php
2015.11.22 21:19 B C:\Users\User\app\phreeze-master\libs\smarty\plugins\modifiercompiler.from_charset.php --> hpa.com.br /public_html/phreeze-master/libs/smarty/plugins modifiercompiler.from_charset.php
2015.11.22 21:19 B C:\Users\User\app\phreeze-master\libs\smarty\plugins\modifiercompiler.indent.php --> hpa.com.br /public_html/phreeze-master/libs/smarty/plugins modifiercompiler.indent.php
2015.11.22 21:19 B C:\Users\User\app\phreeze-master\libs\smarty\plugins\modifiercompiler.lower.php --> hpa.com.br /public_html/phreeze-master/libs/smarty/plugins modifiercompiler.lower.php
2015.11.22 21:19 B C:\Users\User\app\phreeze-master\libs\smarty\plugins\modifiercompiler.noprint.php --> hpa.com.br /public_html/phreeze-master/libs/smarty/plugins modifiercompiler.noprint.php
2015.11.22 21:19 B C:\Users\User\app\phreeze-master\libs\smarty\plugins\modifiercompiler.string_format.php --> hpa.com.br /public_html/phreeze-master/libs/smarty/plugins modifiercompiler.string_format.php
2015.11.22 21:19 B C:\Users\User\app\phreeze-master\libs\smarty\plugins\modifiercompiler.strip.php --> hpa.com.br /public_html/phreeze-master/libs/smarty/plugins modifiercompiler.strip.php
2015.11.22 21:20 B C:\Users\User\app\phreeze-master\libs\smarty\plugins\modifiercompiler.strip_tags.php --> hpa.com.br /public_html/phreeze-master/libs/smarty/plugins modifiercompiler.strip_tags.php
2015.11.22 21:20 B C:\Users\User\app\phreeze-master\libs\smarty\plugins\modifiercompiler.to_charset.php --> hpa.com.br /public_html/phreeze-master/libs/smarty/plugins modifiercompiler.to_charset.php
2015.11.22 21:20 B C:\Users\User\app\phreeze-master\libs\smarty\plugins\modifiercompiler.unescape.php --> hpa.com.br /public_html/phreeze-master/libs/smarty/plugins modifiercompiler.unescape.php
2015.11.22 21:20 B C:\Users\User\app\phreeze-master\libs\smarty\plugins\modifiercompiler.upper.php --> hpa.com.br /public_html/phreeze-master/libs/smarty/plugins modifiercompiler.upper.php
2015.11.22 21:20 B C:\Users\User\app\phreeze-master\libs\smarty\plugins\modifiercompiler.wordwrap.php --> hpa.com.br /public_html/phreeze-master/libs/smarty/plugins modifiercompiler.wordwrap.php
2015.11.22 21:20 B C:\Users\User\app\phreeze-master\libs\smarty\plugins\outputfilter.trimwhitespace.php --> hpa.com.br /public_html/phreeze-master/libs/smarty/plugins outputfilter.trimwhitespace.php
2015.11.22 21:20 B C:\Users\User\app\phreeze-master\libs\smarty\plugins\shared.escape_special_chars.php --> hpa.com.br /public_html/phreeze-master/libs/smarty/plugins shared.escape_special_chars.php
2015.11.22 21:20 B C:\Users\User\app\phreeze-master\libs\smarty\plugins\shared.literal_compiler_param.php --> hpa.com.br /public_html/phreeze-master/libs/smarty/plugins shared.literal_compiler_param.php
2015.11.22 21:20 B C:\Users\User\app\phreeze-master\libs\smarty\plugins\shared.make_timestamp.php --> hpa.com.br /public_html/phreeze-master/libs/smarty/plugins shared.make_timestamp.php
2015.11.22 21:20 B C:\Users\User\app\phreeze-master\libs\smarty\plugins\shared.mb_str_replace.php --> hpa.com.br /public_html/phreeze-master/libs/smarty/plugins shared.mb_str_replace.php
2015.11.22 21:20 B C:\Users\User\app\phreeze-master\libs\smarty\plugins\shared.mb_unicode.php --> hpa.com.br /public_html/phreeze-master/libs/smarty/plugins shared.mb_unicode.php
2015.11.22 21:20 B C:\Users\User\app\phreeze-master\libs\smarty\plugins\shared.mb_wordwrap.php --> hpa.com.br /public_html/phreeze-master/libs/smarty/plugins shared.mb_wordwrap.php
2015.11.22 21:20 B C:\Users\User\app\phreeze-master\libs\smarty\plugins\variablefilter.htmlspecialchars.php --> hpa.com.br /public_html/phreeze-master/libs/smarty/plugins variablefilter.htmlspecialchars.php
2015.11.27 16:06 B C:\Users\User\app\phreeze-master\libs\smarty\plugins\block.textformat.php --> hpa.com.br /phreeze-master/libs/smarty/plugins block.textformat.php
2015.11.27 16:06 B C:\Users\User\app\phreeze-master\libs\smarty\plugins\function.counter.php --> hpa.com.br /phreeze-master/libs/smarty/plugins function.counter.php
2015.11.27 16:06 B C:\Users\User\app\phreeze-master\libs\smarty\plugins\function.curl.php --> hpa.com.br /phreeze-master/libs/smarty/plugins function.curl.php
2015.11.27 16:06 B C:\Users\User\app\phreeze-master\libs\smarty\plugins\function.cycle.php --> hpa.com.br /phreeze-master/libs/smarty/plugins function.cycle.php
2015.11.27 16:06 B C:\Users\User\app\phreeze-master\libs\smarty\plugins\function.datagrid.php --> hpa.com.br /phreeze-master/libs/smarty/plugins function.datagrid.php
2015.11.27 16:06 B C:\Users\User\app\phreeze-master\libs\smarty\plugins\function.datagridpager.php --> hpa.com.br /phreeze-master/libs/smarty/plugins function.datagridpager.php
2015.11.27 16:06 B C:\Users\User\app\phreeze-master\libs\smarty\plugins\function.fetch.php --> hpa.com.br /phreeze-master/libs/smarty/plugins function.fetch.php
2015.11.27 16:06 B C:\Users\User\app\phreeze-master\libs\smarty\plugins\function.html_checkboxes.php --> hpa.com.br /phreeze-master/libs/smarty/plugins function.html_checkboxes.php
2015.11.27 16:06 B C:\Users\User\app\phreeze-master\libs\smarty\plugins\function.html_dynamic_options.php --> hpa.com.br /phreeze-master/libs/smarty/plugins function.html_dynamic_options.php
2015.11.27 16:06 B C:\Users\User\app\phreeze-master\libs\smarty\plugins\function.html_image.php --> hpa.com.br /phreeze-master/libs/smarty/plugins function.html_image.php
2015.11.27 16:07 B C:\Users\User\app\phreeze-master\libs\smarty\plugins\function.html_options.php --> hpa.com.br /phreeze-master/libs/smarty/plugins function.html_options.php
2015.11.27 16:07 B C:\Users\User\app\phreeze-master\libs\smarty\plugins\function.html_radios.php --> hpa.com.br /phreeze-master/libs/smarty/plugins function.html_radios.php
2015.11.27 16:07 B C:\Users\User\app\phreeze-master\libs\smarty\plugins\function.html_select_date.php --> hpa.com.br /phreeze-master/libs/smarty/plugins function.html_select_date.php
2015.11.27 16:07 B C:\Users\User\app\phreeze-master\libs\smarty\plugins\function.html_select_time.php --> hpa.com.br /phreeze-master/libs/smarty/plugins function.html_select_time.php
2015.11.27 16:07 B C:\Users\User\app\phreeze-master\libs\smarty\plugins\function.html_table.php --> hpa.com.br /phreeze-master/libs/smarty/plugins function.html_table.php
2015.11.27 16:07 B C:\Users\User\app\phreeze-master\libs\smarty\plugins\function.html_yesno.php --> hpa.com.br /phreeze-master/libs/smarty/plugins function.html_yesno.php
2015.11.27 16:07 B C:\Users\User\app\phreeze-master\libs\smarty\plugins\function.mailto.php --> hpa.com.br /phreeze-master/libs/smarty/plugins function.mailto.php
2015.11.27 16:07 B C:\Users\User\app\phreeze-master\libs\smarty\plugins\function.math.php --> hpa.com.br /phreeze-master/libs/smarty/plugins function.math.php
2015.11.27 16:07 B C:\Users\User\app\phreeze-master\libs\smarty\plugins\function.pear_calendar.php --> hpa.com.br /phreeze-master/libs/smarty/plugins function.pear_calendar.php
2015.11.27 16:07 B C:\Users\User\app\phreeze-master\libs\smarty\plugins\function.popup.php --> hpa.com.br /phreeze-master/libs/smarty/plugins function.popup.php
2015.11.27 16:07 B C:\Users\User\app\phreeze-master\libs\smarty\plugins\function.popup_init.php --> hpa.com.br /phreeze-master/libs/smarty/plugins function.popup_init.php
2015.11.27 16:07 B C:\Users\User\app\phreeze-master\libs\smarty\plugins\function.rss.php --> hpa.com.br /phreeze-master/libs/smarty/plugins function.rss.php
2015.11.27 16:07 B C:\Users\User\app\phreeze-master\libs\smarty\plugins\function.sr_property.php --> hpa.com.br /phreeze-master/libs/smarty/plugins function.sr_property.php
2015.11.27 16:07 B C:\Users\User\app\phreeze-master\libs\smarty\plugins\function.ternary.php --> hpa.com.br /phreeze-master/libs/smarty/plugins function.ternary.php
2015.11.27 16:07 B C:\Users\User\app\phreeze-master\libs\smarty\plugins\function.thumb.php --> hpa.com.br /phreeze-master/libs/smarty/plugins function.thumb.php
2015.11.27 16:07 B C:\Users\User\app\phreeze-master\libs\smarty\plugins\function.weather.php --> hpa.com.br /phreeze-master/libs/smarty/plugins function.weather.php
2015.11.27 16:07 B C:\Users\User\app\phreeze-master\libs\smarty\plugins\modifier.camelcase.php --> hpa.com.br /phreeze-master/libs/smarty/plugins modifier.camelcase.php
2015.11.27 16:07 B C:\Users\User\app\phreeze-master\libs\smarty\plugins\modifier.camelcase2space.php --> hpa.com.br /phreeze-master/libs/smarty/plugins modifier.camelcase2space.php
2015.11.27 16:07 B C:\Users\User\app\phreeze-master\libs\smarty\plugins\modifier.capitalize.php --> hpa.com.br /phreeze-master/libs/smarty/plugins modifier.capitalize.php
2015.11.27 16:07 B C:\Users\User\app\phreeze-master\libs\smarty\plugins\modifier.date_format.php --> hpa.com.br /phreeze-master/libs/smarty/plugins modifier.date_format.php
2015.11.27 16:07 B C:\Users\User\app\phreeze-master\libs\smarty\plugins\modifier.debug_print_var.php --> hpa.com.br /phreeze-master/libs/smarty/plugins modifier.debug_print_var.php
2015.11.27 16:07 B C:\Users\User\app\phreeze-master\libs\smarty\plugins\modifier.escape.php --> hpa.com.br /phreeze-master/libs/smarty/plugins modifier.escape.php
2015.11.27 16:07 B C:\Users\User\app\phreeze-master\libs\smarty\plugins\modifier.lcfirst.php --> hpa.com.br /phreeze-master/libs/smarty/plugins modifier.lcfirst.php
2015.11.27 16:07 B C:\Users\User\app\phreeze-master\libs\smarty\plugins\modifier.money_format.php --> hpa.com.br /phreeze-master/libs/smarty/plugins modifier.money_format.php
2015.11.27 16:07 B C:\Users\User\app\phreeze-master\libs\smarty\plugins\modifier.nl2br.php --> hpa.com.br /phreeze-master/libs/smarty/plugins modifier.nl2br.php
2015.11.27 16:07 B C:\Users\User\app\phreeze-master\libs\smarty\plugins\modifier.plural.php --> hpa.com.br /phreeze-master/libs/smarty/plugins modifier.plural.php
2015.11.27 16:07 B C:\Users\User\app\phreeze-master\libs\smarty\plugins\modifier.regex_replace.php --> hpa.com.br /phreeze-master/libs/smarty/plugins modifier.regex_replace.php
2015.11.27 16:07 B C:\Users\User\app\phreeze-master\libs\smarty\plugins\modifier.replace.php --> hpa.com.br /phreeze-master/libs/smarty/plugins modifier.replace.php
2015.11.27 16:07 B C:\Users\User\app\phreeze-master\libs\smarty\plugins\modifier.safe_array.php --> hpa.com.br /phreeze-master/libs/smarty/plugins modifier.safe_array.php
2015.11.27 16:07 B C:\Users\User\app\phreeze-master\libs\smarty\plugins\modifier.spacify.php --> hpa.com.br /phreeze-master/libs/smarty/plugins modifier.spacify.php
2015.11.27 16:07 B C:\Users\User\app\phreeze-master\libs\smarty\plugins\modifier.sr_get_children.php --> hpa.com.br /phreeze-master/libs/smarty/plugins modifier.sr_get_children.php
2015.11.27 16:07 B C:\Users\User\app\phreeze-master\libs\smarty\plugins\modifier.sr_get_page.php --> hpa.com.br /phreeze-master/libs/smarty/plugins modifier.sr_get_page.php
2015.11.27 16:07 B C:\Users\User\app\phreeze-master\libs\smarty\plugins\modifier.sr_get_property.php --> hpa.com.br /phreeze-master/libs/smarty/plugins modifier.sr_get_property.php
2015.11.27 16:07 B C:\Users\User\app\phreeze-master\libs\smarty\plugins\modifier.strpos.php --> hpa.com.br /phreeze-master/libs/smarty/plugins modifier.strpos.php
2015.11.27 16:07 B C:\Users\User\app\phreeze-master\libs\smarty\plugins\modifier.studlycaps.php --> hpa.com.br /phreeze-master/libs/smarty/plugins modifier.studlycaps.php
2015.11.27 16:07 B C:\Users\User\app\phreeze-master\libs\smarty\plugins\modifier.to_html.php --> hpa.com.br /phreeze-master/libs/smarty/plugins modifier.to_html.php
2015.11.27 16:07 B C:\Users\User\app\phreeze-master\libs\smarty\plugins\modifier.truncate.php --> hpa.com.br /phreeze-master/libs/smarty/plugins modifier.truncate.php
2015.11.27 16:07 B C:\Users\User\app\phreeze-master\libs\smarty\plugins\modifier.underscore2space.php --> hpa.com.br /phreeze-master/libs/smarty/plugins modifier.underscore2space.php
2015.11.27 16:07 B C:\Users\User\app\phreeze-master\libs\smarty\plugins\modifiercompiler.cat.php --> hpa.com.br /phreeze-master/libs/smarty/plugins modifiercompiler.cat.php
2015.11.27 16:07 B C:\Users\User\app\phreeze-master\libs\smarty\plugins\modifiercompiler.count_characters.php --> hpa.com.br /phreeze-master/libs/smarty/plugins modifiercompiler.count_characters.php
2015.11.27 16:07 B C:\Users\User\app\phreeze-master\libs\smarty\plugins\modifiercompiler.count_paragraphs.php --> hpa.com.br /phreeze-master/libs/smarty/plugins modifiercompiler.count_paragraphs.php
2015.11.27 16:07 B C:\Users\User\app\phreeze-master\libs\smarty\plugins\modifiercompiler.count_sentences.php --> hpa.com.br /phreeze-master/libs/smarty/plugins modifiercompiler.count_sentences.php
2015.11.27 16:07 B C:\Users\User\app\phreeze-master\libs\smarty\plugins\modifiercompiler.count_words.php --> hpa.com.br /phreeze-master/libs/smarty/plugins modifiercompiler.count_words.php
2015.11.27 16:07 B C:\Users\User\app\phreeze-master\libs\smarty\plugins\modifiercompiler.default.php --> hpa.com.br /phreeze-master/libs/smarty/plugins modifiercompiler.default.php
2015.11.27 16:07 B C:\Users\User\app\phreeze-master\libs\smarty\plugins\modifiercompiler.escape.php --> hpa.com.br /phreeze-master/libs/smarty/plugins modifiercompiler.escape.php
2015.11.27 16:07 B C:\Users\User\app\phreeze-master\libs\smarty\plugins\modifiercompiler.from_charset.php --> hpa.com.br /phreeze-master/libs/smarty/plugins modifiercompiler.from_charset.php
2015.11.27 16:07 B C:\Users\User\app\phreeze-master\libs\smarty\plugins\modifiercompiler.indent.php --> hpa.com.br /phreeze-master/libs/smarty/plugins modifiercompiler.indent.php
2015.11.27 16:07 B C:\Users\User\app\phreeze-master\libs\smarty\plugins\modifiercompiler.lower.php --> hpa.com.br /phreeze-master/libs/smarty/plugins modifiercompiler.lower.php
2015.11.27 16:07 B C:\Users\User\app\phreeze-master\libs\smarty\plugins\modifiercompiler.noprint.php --> hpa.com.br /phreeze-master/libs/smarty/plugins modifiercompiler.noprint.php
2015.11.27 16:07 B C:\Users\User\app\phreeze-master\libs\smarty\plugins\modifiercompiler.string_format.php --> hpa.com.br /phreeze-master/libs/smarty/plugins modifiercompiler.string_format.php
2015.11.27 16:07 B C:\Users\User\app\phreeze-master\libs\smarty\plugins\modifiercompiler.strip.php --> hpa.com.br /phreeze-master/libs/smarty/plugins modifiercompiler.strip.php
2015.11.27 16:07 B C:\Users\User\app\phreeze-master\libs\smarty\plugins\modifiercompiler.strip_tags.php --> hpa.com.br /phreeze-master/libs/smarty/plugins modifiercompiler.strip_tags.php
2015.11.27 16:07 B C:\Users\User\app\phreeze-master\libs\smarty\plugins\modifiercompiler.to_charset.php --> hpa.com.br /phreeze-master/libs/smarty/plugins modifiercompiler.to_charset.php
2015.11.27 16:07 B C:\Users\User\app\phreeze-master\libs\smarty\plugins\modifiercompiler.unescape.php --> hpa.com.br /phreeze-master/libs/smarty/plugins modifiercompiler.unescape.php
2015.11.27 16:07 B C:\Users\User\app\phreeze-master\libs\smarty\plugins\modifiercompiler.upper.php --> hpa.com.br /phreeze-master/libs/smarty/plugins modifiercompiler.upper.php
2015.11.27 16:07 B C:\Users\User\app\phreeze-master\libs\smarty\plugins\modifiercompiler.wordwrap.php --> hpa.com.br /phreeze-master/libs/smarty/plugins modifiercompiler.wordwrap.php
2015.11.27 16:07 B C:\Users\User\app\phreeze-master\libs\smarty\plugins\outputfilter.trimwhitespace.php --> hpa.com.br /phreeze-master/libs/smarty/plugins outputfilter.trimwhitespace.php
2015.11.27 16:07 B C:\Users\User\app\phreeze-master\libs\smarty\plugins\shared.escape_special_chars.php --> hpa.com.br /phreeze-master/libs/smarty/plugins shared.escape_special_chars.php
2015.11.27 16:07 B C:\Users\User\app\phreeze-master\libs\smarty\plugins\shared.literal_compiler_param.php --> hpa.com.br /phreeze-master/libs/smarty/plugins shared.literal_compiler_param.php
2015.11.27 16:07 B C:\Users\User\app\phreeze-master\libs\smarty\plugins\shared.make_timestamp.php --> hpa.com.br /phreeze-master/libs/smarty/plugins shared.make_timestamp.php
2015.11.27 16:07 B C:\Users\User\app\phreeze-master\libs\smarty\plugins\shared.mb_str_replace.php --> hpa.com.br /phreeze-master/libs/smarty/plugins shared.mb_str_replace.php
2015.11.27 16:07 B C:\Users\User\app\phreeze-master\libs\smarty\plugins\shared.mb_unicode.php --> hpa.com.br /phreeze-master/libs/smarty/plugins shared.mb_unicode.php
2015.11.27 16:07 B C:\Users\User\app\phreeze-master\libs\smarty\plugins\shared.mb_wordwrap.php --> hpa.com.br /phreeze-master/libs/smarty/plugins shared.mb_wordwrap.php
2015.11.27 16:07 B C:\Users\User\app\phreeze-master\libs\smarty\plugins\variablefilter.htmlspecialchars.php --> hpa.com.br /phreeze-master/libs/smarty/plugins variablefilter.htmlspecialchars.php
2015.11.27 16:07 B C:\Users\User\app\phreeze-master\libs\smarty\plugins\WS_FTP.LOG --> hpa.com.br /phreeze-master/libs/smarty/plugins WS_FTP.LOG
2015.11.28 22:29 B C:\Users\User\app\phreeze-master\libs\smarty\plugins\block.textformat.php --> hpa.com.br /public_html/questao_4_Api/libs/smarty/plugins block.textformat.php
2015.11.28 22:29 B C:\Users\User\app\phreeze-master\libs\smarty\plugins\function.counter.php --> hpa.com.br /public_html/questao_4_Api/libs/smarty/plugins function.counter.php
2015.11.28 22:29 B C:\Users\User\app\phreeze-master\libs\smarty\plugins\function.curl.php --> hpa.com.br /public_html/questao_4_Api/libs/smarty/plugins function.curl.php
2015.11.28 22:29 B C:\Users\User\app\phreeze-master\libs\smarty\plugins\function.cycle.php --> hpa.com.br /public_html/questao_4_Api/libs/smarty/plugins function.cycle.php
2015.11.28 22:29 B C:\Users\User\app\phreeze-master\libs\smarty\plugins\function.datagrid.php --> hpa.com.br /public_html/questao_4_Api/libs/smarty/plugins function.datagrid.php
2015.11.28 22:29 B C:\Users\User\app\phreeze-master\libs\smarty\plugins\function.datagridpager.php --> hpa.com.br /public_html/questao_4_Api/libs/smarty/plugins function.datagridpager.php
2015.11.28 22:29 B C:\Users\User\app\phreeze-master\libs\smarty\plugins\function.fetch.php --> hpa.com.br /public_html/questao_4_Api/libs/smarty/plugins function.fetch.php
2015.11.28 22:29 B C:\Users\User\app\phreeze-master\libs\smarty\plugins\function.html_checkboxes.php --> hpa.com.br /public_html/questao_4_Api/libs/smarty/plugins function.html_checkboxes.php
2015.11.28 22:29 B C:\Users\User\app\phreeze-master\libs\smarty\plugins\function.html_dynamic_options.php --> hpa.com.br /public_html/questao_4_Api/libs/smarty/plugins function.html_dynamic_options.php
2015.11.28 22:29 B C:\Users\User\app\phreeze-master\libs\smarty\plugins\function.html_image.php --> hpa.com.br /public_html/questao_4_Api/libs/smarty/plugins function.html_image.php
2015.11.28 22:29 B C:\Users\User\app\phreeze-master\libs\smarty\plugins\function.html_options.php --> hpa.com.br /public_html/questao_4_Api/libs/smarty/plugins function.html_options.php
2015.11.28 22:29 B C:\Users\User\app\phreeze-master\libs\smarty\plugins\function.html_radios.php --> hpa.com.br /public_html/questao_4_Api/libs/smarty/plugins function.html_radios.php
2015.11.28 22:29 B C:\Users\User\app\phreeze-master\libs\smarty\plugins\function.html_select_date.php --> hpa.com.br /public_html/questao_4_Api/libs/smarty/plugins function.html_select_date.php
2015.11.28 22:30 B C:\Users\User\app\phreeze-master\libs\smarty\plugins\function.html_select_time.php --> hpa.com.br /public_html/questao_4_Api/libs/smarty/plugins function.html_select_time.php
2015.11.28 22:30 B C:\Users\User\app\phreeze-master\libs\smarty\plugins\function.html_table.php --> hpa.com.br /public_html/questao_4_Api/libs/smarty/plugins function.html_table.php
2015.11.28 22:30 B C:\Users\User\app\phreeze-master\libs\smarty\plugins\function.html_yesno.php --> hpa.com.br /public_html/questao_4_Api/libs/smarty/plugins function.html_yesno.php
2015.11.28 22:30 B C:\Users\User\app\phreeze-master\libs\smarty\plugins\function.mailto.php --> hpa.com.br /public_html/questao_4_Api/libs/smarty/plugins function.mailto.php
2015.11.28 22:30 B C:\Users\User\app\phreeze-master\libs\smarty\plugins\function.math.php --> hpa.com.br /public_html/questao_4_Api/libs/smarty/plugins function.math.php
2015.11.28 22:30 B C:\Users\User\app\phreeze-master\libs\smarty\plugins\function.pear_calendar.php --> hpa.com.br /public_html/questao_4_Api/libs/smarty/plugins function.pear_calendar.php
2015.11.28 22:30 B C:\Users\User\app\phreeze-master\libs\smarty\plugins\function.popup.php --> hpa.com.br /public_html/questao_4_Api/libs/smarty/plugins function.popup.php
2015.11.28 22:30 B C:\Users\User\app\phreeze-master\libs\smarty\plugins\function.popup_init.php --> hpa.com.br /public_html/questao_4_Api/libs/smarty/plugins function.popup_init.php
2015.11.28 22:30 B C:\Users\User\app\phreeze-master\libs\smarty\plugins\function.rss.php --> hpa.com.br /public_html/questao_4_Api/libs/smarty/plugins function.rss.php
2015.11.28 22:30 B C:\Users\User\app\phreeze-master\libs\smarty\plugins\function.sr_property.php --> hpa.com.br /public_html/questao_4_Api/libs/smarty/plugins function.sr_property.php
2015.11.28 22:30 B C:\Users\User\app\phreeze-master\libs\smarty\plugins\function.ternary.php --> hpa.com.br /public_html/questao_4_Api/libs/smarty/plugins function.ternary.php
2015.11.28 22:30 B C:\Users\User\app\phreeze-master\libs\smarty\plugins\function.thumb.php --> hpa.com.br /public_html/questao_4_Api/libs/smarty/plugins function.thumb.php
2015.11.28 22:30 B C:\Users\User\app\phreeze-master\libs\smarty\plugins\function.weather.php --> hpa.com.br /public_html/questao_4_Api/libs/smarty/plugins function.weather.php
2015.11.28 22:30 B C:\Users\User\app\phreeze-master\libs\smarty\plugins\modifier.camelcase.php --> hpa.com.br /public_html/questao_4_Api/libs/smarty/plugins modifier.camelcase.php
2015.11.28 22:30 B C:\Users\User\app\phreeze-master\libs\smarty\plugins\modifier.camelcase2space.php --> hpa.com.br /public_html/questao_4_Api/libs/smarty/plugins modifier.camelcase2space.php
2015.11.28 22:30 B C:\Users\User\app\phreeze-master\libs\smarty\plugins\modifier.capitalize.php --> hpa.com.br /public_html/questao_4_Api/libs/smarty/plugins modifier.capitalize.php
2015.11.28 22:30 B C:\Users\User\app\phreeze-master\libs\smarty\plugins\modifier.date_format.php --> hpa.com.br /public_html/questao_4_Api/libs/smarty/plugins modifier.date_format.php
2015.11.28 22:30 B C:\Users\User\app\phreeze-master\libs\smarty\plugins\modifier.debug_print_var.php --> hpa.com.br /public_html/questao_4_Api/libs/smarty/plugins modifier.debug_print_var.php
2015.11.28 22:30 B C:\Users\User\app\phreeze-master\libs\smarty\plugins\modifier.escape.php --> hpa.com.br /public_html/questao_4_Api/libs/smarty/plugins modifier.escape.php
2015.11.28 22:30 B C:\Users\User\app\phreeze-master\libs\smarty\plugins\modifier.lcfirst.php --> hpa.com.br /public_html/questao_4_Api/libs/smarty/plugins modifier.lcfirst.php
2015.11.28 22:30 B C:\Users\User\app\phreeze-master\libs\smarty\plugins\modifier.money_format.php --> hpa.com.br /public_html/questao_4_Api/libs/smarty/plugins modifier.money_format.php
2015.11.28 22:30 B C:\Users\User\app\phreeze-master\libs\smarty\plugins\modifier.nl2br.php --> hpa.com.br /public_html/questao_4_Api/libs/smarty/plugins modifier.nl2br.php
2015.11.28 22:30 B C:\Users\User\app\phreeze-master\libs\smarty\plugins\modifier.plural.php --> hpa.com.br /public_html/questao_4_Api/libs/smarty/plugins modifier.plural.php
2015.11.28 22:30 B C:\Users\User\app\phreeze-master\libs\smarty\plugins\modifier.regex_replace.php --> hpa.com.br /public_html/questao_4_Api/libs/smarty/plugins modifier.regex_replace.php
2015.11.28 22:30 B C:\Users\User\app\phreeze-master\libs\smarty\plugins\modifier.replace.php --> hpa.com.br /public_html/questao_4_Api/libs/smarty/plugins modifier.replace.php
2015.11.28 22:30 B C:\Users\User\app\phreeze-master\libs\smarty\plugins\modifier.safe_array.php --> hpa.com.br /public_html/questao_4_Api/libs/smarty/plugins modifier.safe_array.php
2015.11.28 22:30 B C:\Users\User\app\phreeze-master\libs\smarty\plugins\modifier.spacify.php --> hpa.com.br /public_html/questao_4_Api/libs/smarty/plugins modifier.spacify.php
2015.11.28 22:30 B C:\Users\User\app\phreeze-master\libs\smarty\plugins\modifier.sr_get_children.php --> hpa.com.br /public_html/questao_4_Api/libs/smarty/plugins modifier.sr_get_children.php
2015.11.28 22:30 B C:\Users\User\app\phreeze-master\libs\smarty\plugins\modifier.sr_get_page.php --> hpa.com.br /public_html/questao_4_Api/libs/smarty/plugins modifier.sr_get_page.php
2015.11.28 22:30 B C:\Users\User\app\phreeze-master\libs\smarty\plugins\modifier.sr_get_property.php --> hpa.com.br /public_html/questao_4_Api/libs/smarty/plugins modifier.sr_get_property.php
2015.11.28 22:30 B C:\Users\User\app\phreeze-master\libs\smarty\plugins\modifier.strpos.php --> hpa.com.br /public_html/questao_4_Api/libs/smarty/plugins modifier.strpos.php
2015.11.28 22:30 B C:\Users\User\app\phreeze-master\libs\smarty\plugins\modifier.studlycaps.php --> hpa.com.br /public_html/questao_4_Api/libs/smarty/plugins modifier.studlycaps.php
2015.11.28 22:30 B C:\Users\User\app\phreeze-master\libs\smarty\plugins\modifier.to_html.php --> hpa.com.br /public_html/questao_4_Api/libs/smarty/plugins modifier.to_html.php
2015.11.28 22:30 B C:\Users\User\app\phreeze-master\libs\smarty\plugins\modifier.truncate.php --> hpa.com.br /public_html/questao_4_Api/libs/smarty/plugins modifier.truncate.php
2015.11.28 22:30 B C:\Users\User\app\phreeze-master\libs\smarty\plugins\modifier.underscore2space.php --> hpa.com.br /public_html/questao_4_Api/libs/smarty/plugins modifier.underscore2space.php
2015.11.28 22:30 B C:\Users\User\app\phreeze-master\libs\smarty\plugins\modifiercompiler.cat.php --> hpa.com.br /public_html/questao_4_Api/libs/smarty/plugins modifiercompiler.cat.php
2015.11.28 22:30 B C:\Users\User\app\phreeze-master\libs\smarty\plugins\modifiercompiler.count_characters.php --> hpa.com.br /public_html/questao_4_Api/libs/smarty/plugins modifiercompiler.count_characters.php
2015.11.28 22:30 B C:\Users\User\app\phreeze-master\libs\smarty\plugins\modifiercompiler.count_paragraphs.php --> hpa.com.br /public_html/questao_4_Api/libs/smarty/plugins modifiercompiler.count_paragraphs.php
2015.11.28 22:30 B C:\Users\User\app\phreeze-master\libs\smarty\plugins\modifiercompiler.count_sentences.php --> hpa.com.br /public_html/questao_4_Api/libs/smarty/plugins modifiercompiler.count_sentences.php
2015.11.28 22:30 B C:\Users\User\app\phreeze-master\libs\smarty\plugins\modifiercompiler.count_words.php --> hpa.com.br /public_html/questao_4_Api/libs/smarty/plugins modifiercompiler.count_words.php
2015.11.28 22:30 B C:\Users\User\app\phreeze-master\libs\smarty\plugins\modifiercompiler.default.php --> hpa.com.br /public_html/questao_4_Api/libs/smarty/plugins modifiercompiler.default.php
2015.11.28 22:30 B C:\Users\User\app\phreeze-master\libs\smarty\plugins\modifiercompiler.escape.php --> hpa.com.br /public_html/questao_4_Api/libs/smarty/plugins modifiercompiler.escape.php
2015.11.28 22:30 B C:\Users\User\app\phreeze-master\libs\smarty\plugins\modifiercompiler.from_charset.php --> hpa.com.br /public_html/questao_4_Api/libs/smarty/plugins modifiercompiler.from_charset.php
2015.11.28 22:30 B C:\Users\User\app\phreeze-master\libs\smarty\plugins\modifiercompiler.indent.php --> hpa.com.br /public_html/questao_4_Api/libs/smarty/plugins modifiercompiler.indent.php
2015.11.28 22:30 B C:\Users\User\app\phreeze-master\libs\smarty\plugins\modifiercompiler.lower.php --> hpa.com.br /public_html/questao_4_Api/libs/smarty/plugins modifiercompiler.lower.php
2015.11.28 22:30 B C:\Users\User\app\phreeze-master\libs\smarty\plugins\modifiercompiler.noprint.php --> hpa.com.br /public_html/questao_4_Api/libs/smarty/plugins modifiercompiler.noprint.php
2015.11.28 22:30 B C:\Users\User\app\phreeze-master\libs\smarty\plugins\modifiercompiler.string_format.php --> hpa.com.br /public_html/questao_4_Api/libs/smarty/plugins modifiercompiler.string_format.php
2015.11.28 22:30 B C:\Users\User\app\phreeze-master\libs\smarty\plugins\modifiercompiler.strip.php --> hpa.com.br /public_html/questao_4_Api/libs/smarty/plugins modifiercompiler.strip.php
2015.11.28 22:30 B C:\Users\User\app\phreeze-master\libs\smarty\plugins\modifiercompiler.strip_tags.php --> hpa.com.br /public_html/questao_4_Api/libs/smarty/plugins modifiercompiler.strip_tags.php
2015.11.28 22:30 B C:\Users\User\app\phreeze-master\libs\smarty\plugins\modifiercompiler.to_charset.php --> hpa.com.br /public_html/questao_4_Api/libs/smarty/plugins modifiercompiler.to_charset.php
2015.11.28 22:30 B C:\Users\User\app\phreeze-master\libs\smarty\plugins\modifiercompiler.unescape.php --> hpa.com.br /public_html/questao_4_Api/libs/smarty/plugins modifiercompiler.unescape.php
2015.11.28 22:30 B C:\Users\User\app\phreeze-master\libs\smarty\plugins\modifiercompiler.upper.php --> hpa.com.br /public_html/questao_4_Api/libs/smarty/plugins modifiercompiler.upper.php
2015.11.28 22:30 B C:\Users\User\app\phreeze-master\libs\smarty\plugins\modifiercompiler.wordwrap.php --> hpa.com.br /public_html/questao_4_Api/libs/smarty/plugins modifiercompiler.wordwrap.php
2015.11.28 22:30 B C:\Users\User\app\phreeze-master\libs\smarty\plugins\outputfilter.trimwhitespace.php --> hpa.com.br /public_html/questao_4_Api/libs/smarty/plugins outputfilter.trimwhitespace.php
2015.11.28 22:30 B C:\Users\User\app\phreeze-master\libs\smarty\plugins\shared.escape_special_chars.php --> hpa.com.br /public_html/questao_4_Api/libs/smarty/plugins shared.escape_special_chars.php
2015.11.28 22:30 B C:\Users\User\app\phreeze-master\libs\smarty\plugins\shared.literal_compiler_param.php --> hpa.com.br /public_html/questao_4_Api/libs/smarty/plugins shared.literal_compiler_param.php
2015.11.28 22:30 B C:\Users\User\app\phreeze-master\libs\smarty\plugins\shared.make_timestamp.php --> hpa.com.br /public_html/questao_4_Api/libs/smarty/plugins shared.make_timestamp.php
2015.11.28 22:30 B C:\Users\User\app\phreeze-master\libs\smarty\plugins\shared.mb_str_replace.php --> hpa.com.br /public_html/questao_4_Api/libs/smarty/plugins shared.mb_str_replace.php
2015.11.28 22:30 B C:\Users\User\app\phreeze-master\libs\smarty\plugins\shared.mb_unicode.php --> hpa.com.br /public_html/questao_4_Api/libs/smarty/plugins shared.mb_unicode.php
2015.11.28 22:30 B C:\Users\User\app\phreeze-master\libs\smarty\plugins\shared.mb_wordwrap.php --> hpa.com.br /public_html/questao_4_Api/libs/smarty/plugins shared.mb_wordwrap.php
2015.11.28 22:30 B C:\Users\User\app\phreeze-master\libs\smarty\plugins\variablefilter.htmlspecialchars.php --> hpa.com.br /public_html/questao_4_Api/libs/smarty/plugins variablefilter.htmlspecialchars.php
2015.11.28 22:37 B C:\Users\User\Documents\GitHub\Teste-BDR\questao_4_Api\libs\smarty\plugins\WS_FTP.LOG <-- hpa.com.br /public_html/questao_4_Api/libs/smarty/plugins WS_FTP.LOG
