2015.11.22 21:25 B C:\Users\User\app\phreeze-master\libs\verysimple\HTTP\BrowserDevice.php --> hpa.com.br /public_html/phreeze-master/libs/verysimple/HTTP BrowserDevice.php
2015.11.22 21:25 B C:\Users\User\app\phreeze-master\libs\verysimple\HTTP\Context.php --> hpa.com.br /public_html/phreeze-master/libs/verysimple/HTTP Context.php
2015.11.22 21:25 B C:\Users\User\app\phreeze-master\libs\verysimple\HTTP\FileUpload.php --> hpa.com.br /public_html/phreeze-master/libs/verysimple/HTTP FileUpload.php
2015.11.22 21:25 B C:\Users\User\app\phreeze-master\libs\verysimple\HTTP\FormValidator.php --> hpa.com.br /public_html/phreeze-master/libs/verysimple/HTTP FormValidator.php
2015.11.22 21:25 B C:\Users\User\app\phreeze-master\libs\verysimple\HTTP\HttpRequest.php --> hpa.com.br /public_html/phreeze-master/libs/verysimple/HTTP HttpRequest.php
2015.11.22 21:25 B C:\Users\User\app\phreeze-master\libs\verysimple\HTTP\Request.php --> hpa.com.br /public_html/phreeze-master/libs/verysimple/HTTP Request.php
2015.11.22 21:25 B C:\Users\User\app\phreeze-master\libs\verysimple\HTTP\RequestUtil.php --> hpa.com.br /public_html/phreeze-master/libs/verysimple/HTTP RequestUtil.php
2015.11.22 21:25 B C:\Users\User\app\phreeze-master\libs\verysimple\HTTP\UrlWriter.php --> hpa.com.br /public_html/phreeze-master/libs/verysimple/HTTP UrlWriter.php
2015.11.27 16:13 B C:\Users\User\app\phreeze-master\libs\verysimple\HTTP\BrowserDevice.php --> hpa.com.br /phreeze-master/libs/verysimple/HTTP BrowserDevice.php
2015.11.27 16:13 B C:\Users\User\app\phreeze-master\libs\verysimple\HTTP\Context.php --> hpa.com.br /phreeze-master/libs/verysimple/HTTP Context.php
2015.11.27 16:13 B C:\Users\User\app\phreeze-master\libs\verysimple\HTTP\FileUpload.php --> hpa.com.br /phreeze-master/libs/verysimple/HTTP FileUpload.php
2015.11.27 16:13 B C:\Users\User\app\phreeze-master\libs\verysimple\HTTP\FormValidator.php --> hpa.com.br /phreeze-master/libs/verysimple/HTTP FormValidator.php
2015.11.27 16:13 B C:\Users\User\app\phreeze-master\libs\verysimple\HTTP\HttpRequest.php --> hpa.com.br /phreeze-master/libs/verysimple/HTTP HttpRequest.php
2015.11.27 16:13 B C:\Users\User\app\phreeze-master\libs\verysimple\HTTP\Request.php --> hpa.com.br /phreeze-master/libs/verysimple/HTTP Request.php
2015.11.27 16:13 B C:\Users\User\app\phreeze-master\libs\verysimple\HTTP\RequestUtil.php --> hpa.com.br /phreeze-master/libs/verysimple/HTTP RequestUtil.php
2015.11.27 16:13 B C:\Users\User\app\phreeze-master\libs\verysimple\HTTP\UrlWriter.php --> hpa.com.br /phreeze-master/libs/verysimple/HTTP UrlWriter.php
2015.11.27 16:13 B C:\Users\User\app\phreeze-master\libs\verysimple\HTTP\WS_FTP.LOG --> hpa.com.br /phreeze-master/libs/verysimple/HTTP WS_FTP.LOG
2015.11.28 22:26 B C:\Users\User\app\phreeze-master\libs\verysimple\HTTP\BrowserDevice.php --> hpa.com.br /public_html/questao_4_Api/libs/verysimple/HTTP BrowserDevice.php
2015.11.28 22:26 B C:\Users\User\app\phreeze-master\libs\verysimple\HTTP\Context.php --> hpa.com.br /public_html/questao_4_Api/libs/verysimple/HTTP Context.php
2015.11.28 22:26 B C:\Users\User\app\phreeze-master\libs\verysimple\HTTP\FileUpload.php --> hpa.com.br /public_html/questao_4_Api/libs/verysimple/HTTP FileUpload.php
2015.11.28 22:26 B C:\Users\User\app\phreeze-master\libs\verysimple\HTTP\FormValidator.php --> hpa.com.br /public_html/questao_4_Api/libs/verysimple/HTTP FormValidator.php
2015.11.28 22:26 B C:\Users\User\app\phreeze-master\libs\verysimple\HTTP\HttpRequest.php --> hpa.com.br /public_html/questao_4_Api/libs/verysimple/HTTP HttpRequest.php
2015.11.28 22:26 B C:\Users\User\app\phreeze-master\libs\verysimple\HTTP\Request.php --> hpa.com.br /public_html/questao_4_Api/libs/verysimple/HTTP Request.php
2015.11.28 22:26 B C:\Users\User\app\phreeze-master\libs\verysimple\HTTP\RequestUtil.php --> hpa.com.br /public_html/questao_4_Api/libs/verysimple/HTTP RequestUtil.php
2015.11.28 22:26 B C:\Users\User\app\phreeze-master\libs\verysimple\HTTP\UrlWriter.php --> hpa.com.br /public_html/questao_4_Api/libs/verysimple/HTTP UrlWriter.php
2015.11.28 22:41 B C:\Users\User\Documents\GitHub\Teste-BDR\questao_4_Api\libs\verysimple\HTTP\WS_FTP.LOG <-- hpa.com.br /public_html/questao_4_Api/libs/verysimple/HTTP WS_FTP.LOG
