2015.11.22 21:24 B C:\Users\User\app\phreeze-master\libs\verysimple\DB\Reflection\DBColumn.php --> hpa.com.br /public_html/phreeze-master/libs/verysimple/DB/Reflection DBColumn.php
2015.11.22 21:24 B C:\Users\User\app\phreeze-master\libs\verysimple\DB\Reflection\DBConnection.php --> hpa.com.br /public_html/phreeze-master/libs/verysimple/DB/Reflection DBConnection.php
2015.11.22 21:24 B C:\Users\User\app\phreeze-master\libs\verysimple\DB\Reflection\DBConnectionString.php --> hpa.com.br /public_html/phreeze-master/libs/verysimple/DB/Reflection DBConnectionString.php
2015.11.22 21:24 B C:\Users\User\app\phreeze-master\libs\verysimple\DB\Reflection\DBConstraint.php --> hpa.com.br /public_html/phreeze-master/libs/verysimple/DB/Reflection DBConstraint.php
2015.11.22 21:24 B C:\Users\User\app\phreeze-master\libs\verysimple\DB\Reflection\DBEventHandler.php --> hpa.com.br /public_html/phreeze-master/libs/verysimple/DB/Reflection DBEventHandler.php
2015.11.22 21:24 B C:\Users\User\app\phreeze-master\libs\verysimple\DB\Reflection\DBKey.php --> hpa.com.br /public_html/phreeze-master/libs/verysimple/DB/Reflection DBKey.php
2015.11.22 21:24 B C:\Users\User\app\phreeze-master\libs\verysimple\DB\Reflection\DBSchema.php --> hpa.com.br /public_html/phreeze-master/libs/verysimple/DB/Reflection DBSchema.php
2015.11.22 21:24 B C:\Users\User\app\phreeze-master\libs\verysimple\DB\Reflection\DBServer.php --> hpa.com.br /public_html/phreeze-master/libs/verysimple/DB/Reflection DBServer.php
2015.11.22 21:24 B C:\Users\User\app\phreeze-master\libs\verysimple\DB\Reflection\DBSet.php --> hpa.com.br /public_html/phreeze-master/libs/verysimple/DB/Reflection DBSet.php
2015.11.22 21:24 B C:\Users\User\app\phreeze-master\libs\verysimple\DB\Reflection\DBTable.php --> hpa.com.br /public_html/phreeze-master/libs/verysimple/DB/Reflection DBTable.php
2015.11.27 16:13 B C:\Users\User\app\phreeze-master\libs\verysimple\DB\Reflection\DBColumn.php --> hpa.com.br /phreeze-master/libs/verysimple/DB/Reflection DBColumn.php
2015.11.27 16:13 B C:\Users\User\app\phreeze-master\libs\verysimple\DB\Reflection\DBConnection.php --> hpa.com.br /phreeze-master/libs/verysimple/DB/Reflection DBConnection.php
2015.11.27 16:13 B C:\Users\User\app\phreeze-master\libs\verysimple\DB\Reflection\DBConnectionString.php --> hpa.com.br /phreeze-master/libs/verysimple/DB/Reflection DBConnectionString.php
2015.11.27 16:13 B C:\Users\User\app\phreeze-master\libs\verysimple\DB\Reflection\DBConstraint.php --> hpa.com.br /phreeze-master/libs/verysimple/DB/Reflection DBConstraint.php
2015.11.27 16:13 B C:\Users\User\app\phreeze-master\libs\verysimple\DB\Reflection\DBEventHandler.php --> hpa.com.br /phreeze-master/libs/verysimple/DB/Reflection DBEventHandler.php
2015.11.27 16:13 B C:\Users\User\app\phreeze-master\libs\verysimple\DB\Reflection\DBKey.php --> hpa.com.br /phreeze-master/libs/verysimple/DB/Reflection DBKey.php
2015.11.27 16:13 B C:\Users\User\app\phreeze-master\libs\verysimple\DB\Reflection\DBSchema.php --> hpa.com.br /phreeze-master/libs/verysimple/DB/Reflection DBSchema.php
2015.11.27 16:13 B C:\Users\User\app\phreeze-master\libs\verysimple\DB\Reflection\DBServer.php --> hpa.com.br /phreeze-master/libs/verysimple/DB/Reflection DBServer.php
2015.11.27 16:13 B C:\Users\User\app\phreeze-master\libs\verysimple\DB\Reflection\DBSet.php --> hpa.com.br /phreeze-master/libs/verysimple/DB/Reflection DBSet.php
2015.11.27 16:13 B C:\Users\User\app\phreeze-master\libs\verysimple\DB\Reflection\DBTable.php --> hpa.com.br /phreeze-master/libs/verysimple/DB/Reflection DBTable.php
2015.11.27 16:13 B C:\Users\User\app\phreeze-master\libs\verysimple\DB\Reflection\WS_FTP.LOG --> hpa.com.br /phreeze-master/libs/verysimple/DB/Reflection WS_FTP.LOG
2015.11.28 22:25 B C:\Users\User\app\phreeze-master\libs\verysimple\DB\Reflection\DBColumn.php --> hpa.com.br /public_html/questao_4_Api/libs/verysimple/DB/Reflection DBColumn.php
2015.11.28 22:25 B C:\Users\User\app\phreeze-master\libs\verysimple\DB\Reflection\DBConnection.php --> hpa.com.br /public_html/questao_4_Api/libs/verysimple/DB/Reflection DBConnection.php
2015.11.28 22:25 B C:\Users\User\app\phreeze-master\libs\verysimple\DB\Reflection\DBConnectionString.php --> hpa.com.br /public_html/questao_4_Api/libs/verysimple/DB/Reflection DBConnectionString.php
2015.11.28 22:25 B C:\Users\User\app\phreeze-master\libs\verysimple\DB\Reflection\DBConstraint.php --> hpa.com.br /public_html/questao_4_Api/libs/verysimple/DB/Reflection DBConstraint.php
2015.11.28 22:25 B C:\Users\User\app\phreeze-master\libs\verysimple\DB\Reflection\DBEventHandler.php --> hpa.com.br /public_html/questao_4_Api/libs/verysimple/DB/Reflection DBEventHandler.php
2015.11.28 22:25 B C:\Users\User\app\phreeze-master\libs\verysimple\DB\Reflection\DBKey.php --> hpa.com.br /public_html/questao_4_Api/libs/verysimple/DB/Reflection DBKey.php
2015.11.28 22:25 B C:\Users\User\app\phreeze-master\libs\verysimple\DB\Reflection\DBSchema.php --> hpa.com.br /public_html/questao_4_Api/libs/verysimple/DB/Reflection DBSchema.php
2015.11.28 22:25 B C:\Users\User\app\phreeze-master\libs\verysimple\DB\Reflection\DBServer.php --> hpa.com.br /public_html/questao_4_Api/libs/verysimple/DB/Reflection DBServer.php
2015.11.28 22:25 B C:\Users\User\app\phreeze-master\libs\verysimple\DB\Reflection\DBSet.php --> hpa.com.br /public_html/questao_4_Api/libs/verysimple/DB/Reflection DBSet.php
2015.11.28 22:25 B C:\Users\User\app\phreeze-master\libs\verysimple\DB\Reflection\DBTable.php --> hpa.com.br /public_html/questao_4_Api/libs/verysimple/DB/Reflection DBTable.php
2015.11.28 22:41 B C:\Users\User\Documents\GitHub\Teste-BDR\questao_4_Api\libs\verysimple\DB\Reflection\WS_FTP.LOG <-- hpa.com.br /public_html/questao_4_Api/libs/verysimple/DB/Reflection WS_FTP.LOG
