2015.11.22 21:18 B C:\Users\User\app\phreeze-master\libs\savant\Savant3\resources\Savant3_Filter_trimwhitespace.php --> hpa.com.br /public_html/phreeze-master/libs/savant/Savant3/resources Savant3_Filter_trimwhitespace.php
2015.11.22 21:18 B C:\Users\User\app\phreeze-master\libs\savant\Savant3\resources\Savant3_Plugin_ahref.php --> hpa.com.br /public_html/phreeze-master/libs/savant/Savant3/resources Savant3_Plugin_ahref.php
2015.11.22 21:18 B C:\Users\User\app\phreeze-master\libs\savant\Savant3\resources\Savant3_Plugin_date.php --> hpa.com.br /public_html/phreeze-master/libs/savant/Savant3/resources Savant3_Plugin_date.php
2015.11.22 21:18 B C:\Users\User\app\phreeze-master\libs\savant\Savant3\resources\Savant3_Plugin_htmlAttribs.php --> hpa.com.br /public_html/phreeze-master/libs/savant/Savant3/resources Savant3_Plugin_htmlAttribs.php
2015.11.22 21:18 B C:\Users\User\app\phreeze-master\libs\savant\Savant3\resources\Savant3_Plugin_image.php --> hpa.com.br /public_html/phreeze-master/libs/savant/Savant3/resources Savant3_Plugin_image.php
2015.11.22 21:18 B C:\Users\User\app\phreeze-master\libs\savant\Savant3\resources\Savant3_Plugin_plural.php --> hpa.com.br /public_html/phreeze-master/libs/savant/Savant3/resources Savant3_Plugin_plural.php
2015.11.22 21:18 B C:\Users\User\app\phreeze-master\libs\savant\Savant3\resources\Savant3_Plugin_studlycaps.php --> hpa.com.br /public_html/phreeze-master/libs/savant/Savant3/resources Savant3_Plugin_studlycaps.php
2015.11.27 16:06 B C:\Users\User\app\phreeze-master\libs\savant\Savant3\resources\Savant3_Filter_trimwhitespace.php --> hpa.com.br /phreeze-master/libs/savant/Savant3/resources Savant3_Filter_trimwhitespace.php
2015.11.27 16:06 B C:\Users\User\app\phreeze-master\libs\savant\Savant3\resources\Savant3_Plugin_ahref.php --> hpa.com.br /phreeze-master/libs/savant/Savant3/resources Savant3_Plugin_ahref.php
2015.11.27 16:06 B C:\Users\User\app\phreeze-master\libs\savant\Savant3\resources\Savant3_Plugin_date.php --> hpa.com.br /phreeze-master/libs/savant/Savant3/resources Savant3_Plugin_date.php
2015.11.27 16:06 B C:\Users\User\app\phreeze-master\libs\savant\Savant3\resources\Savant3_Plugin_htmlAttribs.php --> hpa.com.br /phreeze-master/libs/savant/Savant3/resources Savant3_Plugin_htmlAttribs.php
2015.11.27 16:06 B C:\Users\User\app\phreeze-master\libs\savant\Savant3\resources\Savant3_Plugin_image.php --> hpa.com.br /phreeze-master/libs/savant/Savant3/resources Savant3_Plugin_image.php
2015.11.27 16:06 B C:\Users\User\app\phreeze-master\libs\savant\Savant3\resources\Savant3_Plugin_plural.php --> hpa.com.br /phreeze-master/libs/savant/Savant3/resources Savant3_Plugin_plural.php
2015.11.27 16:06 B C:\Users\User\app\phreeze-master\libs\savant\Savant3\resources\Savant3_Plugin_studlycaps.php --> hpa.com.br /phreeze-master/libs/savant/Savant3/resources Savant3_Plugin_studlycaps.php
2015.11.27 16:06 B C:\Users\User\app\phreeze-master\libs\savant\Savant3\resources\WS_FTP.LOG --> hpa.com.br /phreeze-master/libs/savant/Savant3/resources WS_FTP.LOG
2015.11.28 22:28 B C:\Users\User\app\phreeze-master\libs\savant\Savant3\resources\Savant3_Filter_trimwhitespace.php --> hpa.com.br /public_html/questao_4_Api/libs/savant/Savant3/resources Savant3_Filter_trimwhitespace.php
2015.11.28 22:28 B C:\Users\User\app\phreeze-master\libs\savant\Savant3\resources\Savant3_Plugin_ahref.php --> hpa.com.br /public_html/questao_4_Api/libs/savant/Savant3/resources Savant3_Plugin_ahref.php
2015.11.28 22:28 B C:\Users\User\app\phreeze-master\libs\savant\Savant3\resources\Savant3_Plugin_date.php --> hpa.com.br /public_html/questao_4_Api/libs/savant/Savant3/resources Savant3_Plugin_date.php
2015.11.28 22:28 B C:\Users\User\app\phreeze-master\libs\savant\Savant3\resources\Savant3_Plugin_htmlAttribs.php --> hpa.com.br /public_html/questao_4_Api/libs/savant/Savant3/resources Savant3_Plugin_htmlAttribs.php
2015.11.28 22:28 B C:\Users\User\app\phreeze-master\libs\savant\Savant3\resources\Savant3_Plugin_image.php --> hpa.com.br /public_html/questao_4_Api/libs/savant/Savant3/resources Savant3_Plugin_image.php
2015.11.28 22:28 B C:\Users\User\app\phreeze-master\libs\savant\Savant3\resources\Savant3_Plugin_plural.php --> hpa.com.br /public_html/questao_4_Api/libs/savant/Savant3/resources Savant3_Plugin_plural.php
2015.11.28 22:28 B C:\Users\User\app\phreeze-master\libs\savant\Savant3\resources\Savant3_Plugin_studlycaps.php --> hpa.com.br /public_html/questao_4_Api/libs/savant/Savant3/resources Savant3_Plugin_studlycaps.php
2015.11.28 22:36 B C:\Users\User\Documents\GitHub\Teste-BDR\questao_4_Api\libs\savant\Savant3\resources\WS_FTP.LOG <-- hpa.com.br /public_html/questao_4_Api/libs/savant/Savant3/resources WS_FTP.LOG
