2015.11.28 22:18 B C:\Users\User\Documents\GitHub\Teste-BDR\questao_4_Api\templates\_Footer.tpl.php --> hpa.com.br /public_html/questao_4_Api/templates _Footer.tpl.php
2015.11.28 22:18 B C:\Users\User\Documents\GitHub\Teste-BDR\questao_4_Api\templates\_Header.tpl.php --> hpa.com.br /public_html/questao_4_Api/templates _Header.tpl.php
2015.11.28 22:18 B C:\Users\User\Documents\GitHub\Teste-BDR\questao_4_Api\templates\DefaultError404.tpl.php --> hpa.com.br /public_html/questao_4_Api/templates DefaultError404.tpl.php
2015.11.28 22:18 B C:\Users\User\Documents\GitHub\Teste-BDR\questao_4_Api\templates\DefaultErrorFatal.tpl.php --> hpa.com.br /public_html/questao_4_Api/templates DefaultErrorFatal.tpl.php
2015.11.28 22:18 B C:\Users\User\Documents\GitHub\Teste-BDR\questao_4_Api\templates\DefaultHome.tpl.php --> hpa.com.br /public_html/questao_4_Api/templates DefaultHome.tpl.php
2015.11.28 22:18 B C:\Users\User\Documents\GitHub\Teste-BDR\questao_4_Api\templates\SecureExample.tpl.php --> hpa.com.br /public_html/questao_4_Api/templates SecureExample.tpl.php
2015.11.28 22:18 B C:\Users\User\Documents\GitHub\Teste-BDR\questao_4_Api\templates\TarefaListView.tpl.php --> hpa.com.br /public_html/questao_4_Api/templates TarefaListView.tpl.php
2015.11.28 22:42 B C:\Users\User\Documents\GitHub\Teste-BDR\questao_4_Api\templates\_Footer.tpl.php <-- hpa.com.br /public_html/questao_4_Api/templates _Footer.tpl.php
2015.11.28 22:42 B C:\Users\User\Documents\GitHub\Teste-BDR\questao_4_Api\templates\_Header.tpl.php <-- hpa.com.br /public_html/questao_4_Api/templates _Header.tpl.php
2015.11.28 22:42 B C:\Users\User\Documents\GitHub\Teste-BDR\questao_4_Api\templates\DefaultError404.tpl.php <-- hpa.com.br /public_html/questao_4_Api/templates DefaultError404.tpl.php
2015.11.28 22:42 B C:\Users\User\Documents\GitHub\Teste-BDR\questao_4_Api\templates\DefaultErrorFatal.tpl.php <-- hpa.com.br /public_html/questao_4_Api/templates DefaultErrorFatal.tpl.php
2015.11.28 22:42 B C:\Users\User\Documents\GitHub\Teste-BDR\questao_4_Api\templates\DefaultHome.tpl.php <-- hpa.com.br /public_html/questao_4_Api/templates DefaultHome.tpl.php
2015.11.28 22:42 B C:\Users\User\Documents\GitHub\Teste-BDR\questao_4_Api\templates\SecureExample.tpl.php <-- hpa.com.br /public_html/questao_4_Api/templates SecureExample.tpl.php
2015.11.28 22:42 B C:\Users\User\Documents\GitHub\Teste-BDR\questao_4_Api\templates\TarefaListView.tpl.php <-- hpa.com.br /public_html/questao_4_Api/templates TarefaListView.tpl.php
2015.11.28 22:51 B C:\Users\User\Documents\GitHub\Teste-BDR\questao_4_Api\templates\_Footer.tpl.php <-- hpa.com.br /public_html/questao_4_Api/templates _Footer.tpl.php
2015.11.28 22:51 B C:\Users\User\Documents\GitHub\Teste-BDR\questao_4_Api\templates\_Header.tpl.php <-- hpa.com.br /public_html/questao_4_Api/templates _Header.tpl.php
2015.11.28 22:51 B C:\Users\User\Documents\GitHub\Teste-BDR\questao_4_Api\templates\DefaultError404.tpl.php <-- hpa.com.br /public_html/questao_4_Api/templates DefaultError404.tpl.php
2015.11.28 22:51 B C:\Users\User\Documents\GitHub\Teste-BDR\questao_4_Api\templates\DefaultErrorFatal.tpl.php <-- hpa.com.br /public_html/questao_4_Api/templates DefaultErrorFatal.tpl.php
2015.11.28 22:51 B C:\Users\User\Documents\GitHub\Teste-BDR\questao_4_Api\templates\DefaultHome.tpl.php <-- hpa.com.br /public_html/questao_4_Api/templates DefaultHome.tpl.php
2015.11.28 22:51 B C:\Users\User\Documents\GitHub\Teste-BDR\questao_4_Api\templates\SecureExample.tpl.php <-- hpa.com.br /public_html/questao_4_Api/templates SecureExample.tpl.php
2015.11.28 22:51 B C:\Users\User\Documents\GitHub\Teste-BDR\questao_4_Api\templates\TarefaListView.tpl.php <-- hpa.com.br /public_html/questao_4_Api/templates TarefaListView.tpl.php
