2015.11.22 21:22 B C:\Users\User\app\phreeze-master\libs\Twig\Node\AutoEscape.php --> hpa.com.br /public_html/phreeze-master/libs/Twig/Node AutoEscape.php
2015.11.22 21:22 B C:\Users\User\app\phreeze-master\libs\Twig\Node\Block.php --> hpa.com.br /public_html/phreeze-master/libs/Twig/Node Block.php
2015.11.22 21:22 B C:\Users\User\app\phreeze-master\libs\Twig\Node\BlockReference.php --> hpa.com.br /public_html/phreeze-master/libs/Twig/Node BlockReference.php
2015.11.22 21:22 B C:\Users\User\app\phreeze-master\libs\Twig\Node\Body.php --> hpa.com.br /public_html/phreeze-master/libs/Twig/Node Body.php
2015.11.22 21:22 B C:\Users\User\app\phreeze-master\libs\Twig\Node\Do.php --> hpa.com.br /public_html/phreeze-master/libs/Twig/Node Do.php
2015.11.22 21:22 B C:\Users\User\app\phreeze-master\libs\Twig\Node\Embed.php --> hpa.com.br /public_html/phreeze-master/libs/Twig/Node Embed.php
2015.11.22 21:22 B C:\Users\User\app\phreeze-master\libs\Twig\Node\Expression.php --> hpa.com.br /public_html/phreeze-master/libs/Twig/Node Expression.php
2015.11.22 21:22 B C:\Users\User\app\phreeze-master\libs\Twig\Node\Flush.php --> hpa.com.br /public_html/phreeze-master/libs/Twig/Node Flush.php
2015.11.22 21:22 B C:\Users\User\app\phreeze-master\libs\Twig\Node\For.php --> hpa.com.br /public_html/phreeze-master/libs/Twig/Node For.php
2015.11.22 21:22 B C:\Users\User\app\phreeze-master\libs\Twig\Node\ForLoop.php --> hpa.com.br /public_html/phreeze-master/libs/Twig/Node ForLoop.php
2015.11.22 21:22 B C:\Users\User\app\phreeze-master\libs\Twig\Node\If.php --> hpa.com.br /public_html/phreeze-master/libs/Twig/Node If.php
2015.11.22 21:22 B C:\Users\User\app\phreeze-master\libs\Twig\Node\Import.php --> hpa.com.br /public_html/phreeze-master/libs/Twig/Node Import.php
2015.11.22 21:22 B C:\Users\User\app\phreeze-master\libs\Twig\Node\Include.php --> hpa.com.br /public_html/phreeze-master/libs/Twig/Node Include.php
2015.11.22 21:22 B C:\Users\User\app\phreeze-master\libs\Twig\Node\Macro.php --> hpa.com.br /public_html/phreeze-master/libs/Twig/Node Macro.php
2015.11.22 21:22 B C:\Users\User\app\phreeze-master\libs\Twig\Node\Module.php --> hpa.com.br /public_html/phreeze-master/libs/Twig/Node Module.php
2015.11.22 21:22 B C:\Users\User\app\phreeze-master\libs\Twig\Node\Print.php --> hpa.com.br /public_html/phreeze-master/libs/Twig/Node Print.php
2015.11.22 21:22 B C:\Users\User\app\phreeze-master\libs\Twig\Node\Sandbox.php --> hpa.com.br /public_html/phreeze-master/libs/Twig/Node Sandbox.php
2015.11.22 21:22 B C:\Users\User\app\phreeze-master\libs\Twig\Node\SandboxedModule.php --> hpa.com.br /public_html/phreeze-master/libs/Twig/Node SandboxedModule.php
2015.11.22 21:22 B C:\Users\User\app\phreeze-master\libs\Twig\Node\SandboxedPrint.php --> hpa.com.br /public_html/phreeze-master/libs/Twig/Node SandboxedPrint.php
2015.11.22 21:22 B C:\Users\User\app\phreeze-master\libs\Twig\Node\Set.php --> hpa.com.br /public_html/phreeze-master/libs/Twig/Node Set.php
2015.11.22 21:22 B C:\Users\User\app\phreeze-master\libs\Twig\Node\SetTemp.php --> hpa.com.br /public_html/phreeze-master/libs/Twig/Node SetTemp.php
2015.11.22 21:22 B C:\Users\User\app\phreeze-master\libs\Twig\Node\Spaceless.php --> hpa.com.br /public_html/phreeze-master/libs/Twig/Node Spaceless.php
2015.11.22 21:22 B C:\Users\User\app\phreeze-master\libs\Twig\Node\Text.php --> hpa.com.br /public_html/phreeze-master/libs/Twig/Node Text.php
2015.11.27 16:10 B C:\Users\User\app\phreeze-master\libs\Twig\Node\AutoEscape.php --> hpa.com.br /phreeze-master/libs/Twig/Node AutoEscape.php
2015.11.27 16:10 B C:\Users\User\app\phreeze-master\libs\Twig\Node\Block.php --> hpa.com.br /phreeze-master/libs/Twig/Node Block.php
2015.11.27 16:10 B C:\Users\User\app\phreeze-master\libs\Twig\Node\BlockReference.php --> hpa.com.br /phreeze-master/libs/Twig/Node BlockReference.php
2015.11.27 16:10 B C:\Users\User\app\phreeze-master\libs\Twig\Node\Body.php --> hpa.com.br /phreeze-master/libs/Twig/Node Body.php
2015.11.27 16:10 B C:\Users\User\app\phreeze-master\libs\Twig\Node\Do.php --> hpa.com.br /phreeze-master/libs/Twig/Node Do.php
2015.11.27 16:10 B C:\Users\User\app\phreeze-master\libs\Twig\Node\Embed.php --> hpa.com.br /phreeze-master/libs/Twig/Node Embed.php
2015.11.27 16:10 B C:\Users\User\app\phreeze-master\libs\Twig\Node\Expression.php --> hpa.com.br /phreeze-master/libs/Twig/Node Expression.php
2015.11.27 16:10 B C:\Users\User\app\phreeze-master\libs\Twig\Node\Flush.php --> hpa.com.br /phreeze-master/libs/Twig/Node Flush.php
2015.11.27 16:11 B C:\Users\User\app\phreeze-master\libs\Twig\Node\For.php --> hpa.com.br /phreeze-master/libs/Twig/Node For.php
2015.11.27 16:11 B C:\Users\User\app\phreeze-master\libs\Twig\Node\ForLoop.php --> hpa.com.br /phreeze-master/libs/Twig/Node ForLoop.php
2015.11.27 16:11 B C:\Users\User\app\phreeze-master\libs\Twig\Node\If.php --> hpa.com.br /phreeze-master/libs/Twig/Node If.php
2015.11.27 16:11 B C:\Users\User\app\phreeze-master\libs\Twig\Node\Import.php --> hpa.com.br /phreeze-master/libs/Twig/Node Import.php
2015.11.27 16:11 B C:\Users\User\app\phreeze-master\libs\Twig\Node\Include.php --> hpa.com.br /phreeze-master/libs/Twig/Node Include.php
2015.11.27 16:11 B C:\Users\User\app\phreeze-master\libs\Twig\Node\Macro.php --> hpa.com.br /phreeze-master/libs/Twig/Node Macro.php
2015.11.27 16:11 B C:\Users\User\app\phreeze-master\libs\Twig\Node\Module.php --> hpa.com.br /phreeze-master/libs/Twig/Node Module.php
2015.11.27 16:11 B C:\Users\User\app\phreeze-master\libs\Twig\Node\Print.php --> hpa.com.br /phreeze-master/libs/Twig/Node Print.php
2015.11.27 16:11 B C:\Users\User\app\phreeze-master\libs\Twig\Node\Sandbox.php --> hpa.com.br /phreeze-master/libs/Twig/Node Sandbox.php
2015.11.27 16:11 B C:\Users\User\app\phreeze-master\libs\Twig\Node\SandboxedModule.php --> hpa.com.br /phreeze-master/libs/Twig/Node SandboxedModule.php
2015.11.27 16:11 B C:\Users\User\app\phreeze-master\libs\Twig\Node\SandboxedPrint.php --> hpa.com.br /phreeze-master/libs/Twig/Node SandboxedPrint.php
2015.11.27 16:11 B C:\Users\User\app\phreeze-master\libs\Twig\Node\Set.php --> hpa.com.br /phreeze-master/libs/Twig/Node Set.php
2015.11.27 16:11 B C:\Users\User\app\phreeze-master\libs\Twig\Node\SetTemp.php --> hpa.com.br /phreeze-master/libs/Twig/Node SetTemp.php
2015.11.27 16:11 B C:\Users\User\app\phreeze-master\libs\Twig\Node\Spaceless.php --> hpa.com.br /phreeze-master/libs/Twig/Node Spaceless.php
2015.11.27 16:11 B C:\Users\User\app\phreeze-master\libs\Twig\Node\Text.php --> hpa.com.br /phreeze-master/libs/Twig/Node Text.php
2015.11.27 16:11 B C:\Users\User\app\phreeze-master\libs\Twig\Node\WS_FTP.LOG --> hpa.com.br /phreeze-master/libs/Twig/Node WS_FTP.LOG
2015.11.28 22:33 B C:\Users\User\app\phreeze-master\libs\Twig\Node\AutoEscape.php --> hpa.com.br /public_html/questao_4_Api/libs/Twig/Node AutoEscape.php
2015.11.28 22:33 B C:\Users\User\app\phreeze-master\libs\Twig\Node\Block.php --> hpa.com.br /public_html/questao_4_Api/libs/Twig/Node Block.php
2015.11.28 22:33 B C:\Users\User\app\phreeze-master\libs\Twig\Node\BlockReference.php --> hpa.com.br /public_html/questao_4_Api/libs/Twig/Node BlockReference.php
2015.11.28 22:33 B C:\Users\User\app\phreeze-master\libs\Twig\Node\Body.php --> hpa.com.br /public_html/questao_4_Api/libs/Twig/Node Body.php
2015.11.28 22:33 B C:\Users\User\app\phreeze-master\libs\Twig\Node\Do.php --> hpa.com.br /public_html/questao_4_Api/libs/Twig/Node Do.php
2015.11.28 22:33 B C:\Users\User\app\phreeze-master\libs\Twig\Node\Embed.php --> hpa.com.br /public_html/questao_4_Api/libs/Twig/Node Embed.php
2015.11.28 22:33 B C:\Users\User\app\phreeze-master\libs\Twig\Node\Expression.php --> hpa.com.br /public_html/questao_4_Api/libs/Twig/Node Expression.php
2015.11.28 22:33 B C:\Users\User\app\phreeze-master\libs\Twig\Node\Flush.php --> hpa.com.br /public_html/questao_4_Api/libs/Twig/Node Flush.php
2015.11.28 22:33 B C:\Users\User\app\phreeze-master\libs\Twig\Node\For.php --> hpa.com.br /public_html/questao_4_Api/libs/Twig/Node For.php
2015.11.28 22:33 B C:\Users\User\app\phreeze-master\libs\Twig\Node\ForLoop.php --> hpa.com.br /public_html/questao_4_Api/libs/Twig/Node ForLoop.php
2015.11.28 22:33 B C:\Users\User\app\phreeze-master\libs\Twig\Node\If.php --> hpa.com.br /public_html/questao_4_Api/libs/Twig/Node If.php
2015.11.28 22:33 B C:\Users\User\app\phreeze-master\libs\Twig\Node\Import.php --> hpa.com.br /public_html/questao_4_Api/libs/Twig/Node Import.php
2015.11.28 22:33 B C:\Users\User\app\phreeze-master\libs\Twig\Node\Include.php --> hpa.com.br /public_html/questao_4_Api/libs/Twig/Node Include.php
2015.11.28 22:33 B C:\Users\User\app\phreeze-master\libs\Twig\Node\Macro.php --> hpa.com.br /public_html/questao_4_Api/libs/Twig/Node Macro.php
2015.11.28 22:33 B C:\Users\User\app\phreeze-master\libs\Twig\Node\Module.php --> hpa.com.br /public_html/questao_4_Api/libs/Twig/Node Module.php
2015.11.28 22:33 B C:\Users\User\app\phreeze-master\libs\Twig\Node\Print.php --> hpa.com.br /public_html/questao_4_Api/libs/Twig/Node Print.php
2015.11.28 22:33 B C:\Users\User\app\phreeze-master\libs\Twig\Node\Sandbox.php --> hpa.com.br /public_html/questao_4_Api/libs/Twig/Node Sandbox.php
2015.11.28 22:33 B C:\Users\User\app\phreeze-master\libs\Twig\Node\SandboxedModule.php --> hpa.com.br /public_html/questao_4_Api/libs/Twig/Node SandboxedModule.php
2015.11.28 22:33 B C:\Users\User\app\phreeze-master\libs\Twig\Node\SandboxedPrint.php --> hpa.com.br /public_html/questao_4_Api/libs/Twig/Node SandboxedPrint.php
2015.11.28 22:33 B C:\Users\User\app\phreeze-master\libs\Twig\Node\Set.php --> hpa.com.br /public_html/questao_4_Api/libs/Twig/Node Set.php
2015.11.28 22:33 B C:\Users\User\app\phreeze-master\libs\Twig\Node\SetTemp.php --> hpa.com.br /public_html/questao_4_Api/libs/Twig/Node SetTemp.php
2015.11.28 22:33 B C:\Users\User\app\phreeze-master\libs\Twig\Node\Spaceless.php --> hpa.com.br /public_html/questao_4_Api/libs/Twig/Node Spaceless.php
2015.11.28 22:33 B C:\Users\User\app\phreeze-master\libs\Twig\Node\Text.php --> hpa.com.br /public_html/questao_4_Api/libs/Twig/Node Text.php
2015.11.28 22:40 B C:\Users\User\Documents\GitHub\Teste-BDR\questao_4_Api\libs\Twig\Node\WS_FTP.LOG <-- hpa.com.br /public_html/questao_4_Api/libs/Twig/Node WS_FTP.LOG
