2015.11.22 21:22 B C:\Users\User\app\phreeze-master\libs\Twig\Node\Expression\Array.php --> hpa.com.br /public_html/phreeze-master/libs/Twig/Node/Expression Array.php
2015.11.22 21:22 B C:\Users\User\app\phreeze-master\libs\Twig\Node\Expression\AssignName.php --> hpa.com.br /public_html/phreeze-master/libs/Twig/Node/Expression AssignName.php
2015.11.22 21:22 B C:\Users\User\app\phreeze-master\libs\Twig\Node\Expression\Binary.php --> hpa.com.br /public_html/phreeze-master/libs/Twig/Node/Expression Binary.php
2015.11.22 21:22 B C:\Users\User\app\phreeze-master\libs\Twig\Node\Expression\BlockReference.php --> hpa.com.br /public_html/phreeze-master/libs/Twig/Node/Expression BlockReference.php
2015.11.22 21:22 B C:\Users\User\app\phreeze-master\libs\Twig\Node\Expression\Call.php --> hpa.com.br /public_html/phreeze-master/libs/Twig/Node/Expression Call.php
2015.11.22 21:22 B C:\Users\User\app\phreeze-master\libs\Twig\Node\Expression\Conditional.php --> hpa.com.br /public_html/phreeze-master/libs/Twig/Node/Expression Conditional.php
2015.11.22 21:22 B C:\Users\User\app\phreeze-master\libs\Twig\Node\Expression\Constant.php --> hpa.com.br /public_html/phreeze-master/libs/Twig/Node/Expression Constant.php
2015.11.22 21:22 B C:\Users\User\app\phreeze-master\libs\Twig\Node\Expression\ExtensionReference.php --> hpa.com.br /public_html/phreeze-master/libs/Twig/Node/Expression ExtensionReference.php
2015.11.22 21:22 B C:\Users\User\app\phreeze-master\libs\Twig\Node\Expression\Filter.php --> hpa.com.br /public_html/phreeze-master/libs/Twig/Node/Expression Filter.php
2015.11.22 21:22 B C:\Users\User\app\phreeze-master\libs\Twig\Node\Expression\Function.php --> hpa.com.br /public_html/phreeze-master/libs/Twig/Node/Expression Function.php
2015.11.22 21:22 B C:\Users\User\app\phreeze-master\libs\Twig\Node\Expression\GetAttr.php --> hpa.com.br /public_html/phreeze-master/libs/Twig/Node/Expression GetAttr.php
2015.11.22 21:22 B C:\Users\User\app\phreeze-master\libs\Twig\Node\Expression\MethodCall.php --> hpa.com.br /public_html/phreeze-master/libs/Twig/Node/Expression MethodCall.php
2015.11.22 21:22 B C:\Users\User\app\phreeze-master\libs\Twig\Node\Expression\Name.php --> hpa.com.br /public_html/phreeze-master/libs/Twig/Node/Expression Name.php
2015.11.22 21:22 B C:\Users\User\app\phreeze-master\libs\Twig\Node\Expression\Parent.php --> hpa.com.br /public_html/phreeze-master/libs/Twig/Node/Expression Parent.php
2015.11.22 21:22 B C:\Users\User\app\phreeze-master\libs\Twig\Node\Expression\TempName.php --> hpa.com.br /public_html/phreeze-master/libs/Twig/Node/Expression TempName.php
2015.11.22 21:22 B C:\Users\User\app\phreeze-master\libs\Twig\Node\Expression\Test.php --> hpa.com.br /public_html/phreeze-master/libs/Twig/Node/Expression Test.php
2015.11.22 21:22 B C:\Users\User\app\phreeze-master\libs\Twig\Node\Expression\Unary.php --> hpa.com.br /public_html/phreeze-master/libs/Twig/Node/Expression Unary.php
2015.11.27 16:10 B C:\Users\User\app\phreeze-master\libs\Twig\Node\Expression\Array.php --> hpa.com.br /phreeze-master/libs/Twig/Node/Expression Array.php
2015.11.27 16:10 B C:\Users\User\app\phreeze-master\libs\Twig\Node\Expression\AssignName.php --> hpa.com.br /phreeze-master/libs/Twig/Node/Expression AssignName.php
2015.11.27 16:10 B C:\Users\User\app\phreeze-master\libs\Twig\Node\Expression\Binary.php --> hpa.com.br /phreeze-master/libs/Twig/Node/Expression Binary.php
2015.11.27 16:10 B C:\Users\User\app\phreeze-master\libs\Twig\Node\Expression\BlockReference.php --> hpa.com.br /phreeze-master/libs/Twig/Node/Expression BlockReference.php
2015.11.27 16:10 B C:\Users\User\app\phreeze-master\libs\Twig\Node\Expression\Call.php --> hpa.com.br /phreeze-master/libs/Twig/Node/Expression Call.php
2015.11.27 16:10 B C:\Users\User\app\phreeze-master\libs\Twig\Node\Expression\Conditional.php --> hpa.com.br /phreeze-master/libs/Twig/Node/Expression Conditional.php
2015.11.27 16:10 B C:\Users\User\app\phreeze-master\libs\Twig\Node\Expression\Constant.php --> hpa.com.br /phreeze-master/libs/Twig/Node/Expression Constant.php
2015.11.27 16:10 B C:\Users\User\app\phreeze-master\libs\Twig\Node\Expression\ExtensionReference.php --> hpa.com.br /phreeze-master/libs/Twig/Node/Expression ExtensionReference.php
2015.11.27 16:10 B C:\Users\User\app\phreeze-master\libs\Twig\Node\Expression\Filter.php --> hpa.com.br /phreeze-master/libs/Twig/Node/Expression Filter.php
2015.11.27 16:10 B C:\Users\User\app\phreeze-master\libs\Twig\Node\Expression\Function.php --> hpa.com.br /phreeze-master/libs/Twig/Node/Expression Function.php
2015.11.27 16:10 B C:\Users\User\app\phreeze-master\libs\Twig\Node\Expression\GetAttr.php --> hpa.com.br /phreeze-master/libs/Twig/Node/Expression GetAttr.php
2015.11.27 16:10 B C:\Users\User\app\phreeze-master\libs\Twig\Node\Expression\MethodCall.php --> hpa.com.br /phreeze-master/libs/Twig/Node/Expression MethodCall.php
2015.11.27 16:10 B C:\Users\User\app\phreeze-master\libs\Twig\Node\Expression\Name.php --> hpa.com.br /phreeze-master/libs/Twig/Node/Expression Name.php
2015.11.27 16:10 B C:\Users\User\app\phreeze-master\libs\Twig\Node\Expression\Parent.php --> hpa.com.br /phreeze-master/libs/Twig/Node/Expression Parent.php
2015.11.27 16:10 B C:\Users\User\app\phreeze-master\libs\Twig\Node\Expression\TempName.php --> hpa.com.br /phreeze-master/libs/Twig/Node/Expression TempName.php
2015.11.27 16:10 B C:\Users\User\app\phreeze-master\libs\Twig\Node\Expression\Test.php --> hpa.com.br /phreeze-master/libs/Twig/Node/Expression Test.php
2015.11.27 16:10 B C:\Users\User\app\phreeze-master\libs\Twig\Node\Expression\Unary.php --> hpa.com.br /phreeze-master/libs/Twig/Node/Expression Unary.php
2015.11.27 16:10 B C:\Users\User\app\phreeze-master\libs\Twig\Node\Expression\WS_FTP.LOG --> hpa.com.br /phreeze-master/libs/Twig/Node/Expression WS_FTP.LOG
2015.11.28 22:33 B C:\Users\User\app\phreeze-master\libs\Twig\Node\Expression\Array.php --> hpa.com.br /public_html/questao_4_Api/libs/Twig/Node/Expression Array.php
2015.11.28 22:33 B C:\Users\User\app\phreeze-master\libs\Twig\Node\Expression\AssignName.php --> hpa.com.br /public_html/questao_4_Api/libs/Twig/Node/Expression AssignName.php
2015.11.28 22:33 B C:\Users\User\app\phreeze-master\libs\Twig\Node\Expression\Binary.php --> hpa.com.br /public_html/questao_4_Api/libs/Twig/Node/Expression Binary.php
2015.11.28 22:33 B C:\Users\User\app\phreeze-master\libs\Twig\Node\Expression\BlockReference.php --> hpa.com.br /public_html/questao_4_Api/libs/Twig/Node/Expression BlockReference.php
2015.11.28 22:33 B C:\Users\User\app\phreeze-master\libs\Twig\Node\Expression\Call.php --> hpa.com.br /public_html/questao_4_Api/libs/Twig/Node/Expression Call.php
2015.11.28 22:33 B C:\Users\User\app\phreeze-master\libs\Twig\Node\Expression\Conditional.php --> hpa.com.br /public_html/questao_4_Api/libs/Twig/Node/Expression Conditional.php
2015.11.28 22:33 B C:\Users\User\app\phreeze-master\libs\Twig\Node\Expression\Constant.php --> hpa.com.br /public_html/questao_4_Api/libs/Twig/Node/Expression Constant.php
2015.11.28 22:33 B C:\Users\User\app\phreeze-master\libs\Twig\Node\Expression\ExtensionReference.php --> hpa.com.br /public_html/questao_4_Api/libs/Twig/Node/Expression ExtensionReference.php
2015.11.28 22:33 B C:\Users\User\app\phreeze-master\libs\Twig\Node\Expression\Filter.php --> hpa.com.br /public_html/questao_4_Api/libs/Twig/Node/Expression Filter.php
2015.11.28 22:33 B C:\Users\User\app\phreeze-master\libs\Twig\Node\Expression\Function.php --> hpa.com.br /public_html/questao_4_Api/libs/Twig/Node/Expression Function.php
2015.11.28 22:33 B C:\Users\User\app\phreeze-master\libs\Twig\Node\Expression\GetAttr.php --> hpa.com.br /public_html/questao_4_Api/libs/Twig/Node/Expression GetAttr.php
2015.11.28 22:33 B C:\Users\User\app\phreeze-master\libs\Twig\Node\Expression\MethodCall.php --> hpa.com.br /public_html/questao_4_Api/libs/Twig/Node/Expression MethodCall.php
2015.11.28 22:33 B C:\Users\User\app\phreeze-master\libs\Twig\Node\Expression\Name.php --> hpa.com.br /public_html/questao_4_Api/libs/Twig/Node/Expression Name.php
2015.11.28 22:33 B C:\Users\User\app\phreeze-master\libs\Twig\Node\Expression\Parent.php --> hpa.com.br /public_html/questao_4_Api/libs/Twig/Node/Expression Parent.php
2015.11.28 22:33 B C:\Users\User\app\phreeze-master\libs\Twig\Node\Expression\TempName.php --> hpa.com.br /public_html/questao_4_Api/libs/Twig/Node/Expression TempName.php
2015.11.28 22:33 B C:\Users\User\app\phreeze-master\libs\Twig\Node\Expression\Test.php --> hpa.com.br /public_html/questao_4_Api/libs/Twig/Node/Expression Test.php
2015.11.28 22:33 B C:\Users\User\app\phreeze-master\libs\Twig\Node\Expression\Unary.php --> hpa.com.br /public_html/questao_4_Api/libs/Twig/Node/Expression Unary.php
2015.11.28 22:39 B C:\Users\User\Documents\GitHub\Teste-BDR\questao_4_Api\libs\Twig\Node\Expression\WS_FTP.LOG <-- hpa.com.br /public_html/questao_4_Api/libs/Twig/Node/Expression WS_FTP.LOG
